TN:
SF:D:\datafort\datafort\CybersmilyDF2018\src\polyfills.ts
FNF:0
FNH:0
DA:60,1
LF:1
LH:1
BRF:0
BRH:0
end_of_record
TN:
SF:D:\datafort\datafort\CybersmilyDF2018\src\test.ts
FNF:0
FNH:0
DA:3,1
DA:4,1
DA:5,1
DA:13,1
DA:18,1
DA:20,1
LF:6
LH:6
BRF:0
BRH:0
end_of_record
TN:
SF:D:\datafort\datafort\CybersmilyDF2018\src\app\app-routing.module.ts
FN:24,(anonymous_1)
FNF:1
FNH:1
FNDA:3,(anonymous_1)
DA:1,1
DA:2,1
DA:3,1
DA:5,1
DA:24,1
LF:5
LH:5
BRF:0
BRH:0
end_of_record
TN:
SF:D:\datafort\datafort\CybersmilyDF2018\src\app\app.component.ts
FN:9,(anonymous_2)
FN:11,AppComponent
FN:12,(anonymous_4)
FNF:3
FNH:2
FNDA:1,(anonymous_2)
FNDA:3,AppComponent
FNDA:0,(anonymous_4)
DA:1,1
DA:2,1
DA:9,1
DA:10,3
DA:11,3
DA:12,3
DA:13,0
DA:14,0
DA:15,0
DA:20,1
LF:10
LH:7
BRDA:13,0,0,0
BRDA:13,0,1,0
BRF:2
BRH:0
end_of_record
TN:
SF:D:\datafort\datafort\CybersmilyDF2018\src\app\app-fashion-generator\fashion-clothes-selector\fashion-clothes-selector.component.ts
FN:10,(anonymous_2)
FN:24,FashionClothesSelectorComponent
FN:26,(anonymous_4)
FN:37,(anonymous_5)
FN:41,(anonymous_6)
FN:45,(anonymous_7)
FNF:6
FNH:4
FNDA:1,(anonymous_2)
FNDA:3,FashionClothesSelectorComponent
FNDA:3,(anonymous_4)
FNDA:6,(anonymous_5)
FNDA:0,(anonymous_6)
FNDA:0,(anonymous_7)
DA:2,1
DA:10,1
DA:13,1
DA:19,4
DA:21,4
DA:26,1
DA:27,3
DA:28,3
DA:37,1
DA:38,6
DA:41,1
DA:42,0
DA:45,1
DA:46,0
DA:49,1
LF:15
LH:13
BRF:0
BRH:0
end_of_record
TN:
SF:D:\datafort\datafort\CybersmilyDF2018\src\app\app-fashion-generator\fashion-generator\fashion-generator.component.ts
FN:12,(anonymous_2)
FN:17,FashionGeneratorComponent
FN:29,(anonymous_4)
FN:38,(anonymous_5)
FN:42,(anonymous_6)
FN:45,(anonymous_7)
FN:53,(anonymous_8)
FN:55,(anonymous_9)
FN:64,(anonymous_10)
FN:67,(anonymous_11)
FN:72,(anonymous_12)
FN:74,(anonymous_13)
FN:86,(anonymous_14)
FN:101,(anonymous_15)
FNF:14
FNH:5
FNDA:1,(anonymous_2)
FNDA:1,FashionGeneratorComponent
FNDA:1,(anonymous_4)
FNDA:1,(anonymous_5)
FNDA:0,(anonymous_6)
FNDA:0,(anonymous_7)
FNDA:0,(anonymous_8)
FNDA:0,(anonymous_9)
FNDA:0,(anonymous_10)
FNDA:0,(anonymous_11)
FNDA:0,(anonymous_12)
FNDA:0,(anonymous_13)
FNDA:0,(anonymous_14)
FNDA:2,(anonymous_15)
DA:1,1
DA:2,1
DA:4,1
DA:12,1
DA:17,1
DA:19,1
DA:26,1
DA:29,1
DA:30,1
DA:31,1
DA:38,1
DA:39,1
DA:43,0
DA:45,0
DA:53,1
DA:54,0
DA:55,0
DA:64,1
DA:65,0
DA:66,0
DA:67,0
DA:68,0
DA:72,1
DA:73,0
DA:74,0
DA:75,0
DA:76,0
DA:77,0
DA:78,0
DA:80,0
DA:81,0
DA:82,0
DA:84,0
DA:85,0
DA:86,0
DA:87,0
DA:88,0
DA:89,0
DA:92,0
DA:94,0
DA:95,0
DA:97,0
DA:98,0
DA:101,1
DA:102,2
DA:104,1
LF:46
LH:18
BRDA:77,0,0,0
BRDA:77,0,1,0
BRDA:81,1,0,0
BRDA:81,1,1,0
BRDA:84,2,0,0
BRDA:84,2,1,0
BRDA:88,3,0,0
BRDA:88,3,1,0
BRF:8
BRH:0
end_of_record
TN:
SF:D:\datafort\datafort\CybersmilyDF2018\src\app\app-fashion-generator\fashion-input\fashion-input.component.ts
FN:9,(anonymous_2)
FN:37,FashionInputComponent
FN:52,(anonymous_4)
FN:61,(anonymous_5)
FN:67,(anonymous_6)
FN:89,(anonymous_7)
FN:99,(anonymous_8)
FN:133,(anonymous_9)
FN:144,(anonymous_10)
FN:156,(anonymous_11)
FN:168,(anonymous_12)
FN:179,(anonymous_13)
FN:189,(anonymous_14)
FN:201,(anonymous_15)
FNF:14
FNH:4
FNDA:1,(anonymous_2)
FNDA:2,FashionInputComponent
FNDA:2,(anonymous_4)
FNDA:0,(anonymous_5)
FNDA:0,(anonymous_6)
FNDA:0,(anonymous_7)
FNDA:0,(anonymous_8)
FNDA:0,(anonymous_9)
FNDA:0,(anonymous_10)
FNDA:0,(anonymous_11)
FNDA:0,(anonymous_12)
FNDA:0,(anonymous_13)
FNDA:0,(anonymous_14)
FNDA:4,(anonymous_15)
DA:2,1
DA:9,1
DA:16,1
DA:20,1
DA:24,1
DA:28,1
DA:32,1
DA:35,3
DA:38,2
DA:49,2
DA:52,1
DA:61,1
DA:62,0
DA:63,0
DA:64,0
DA:65,0
DA:66,0
DA:67,0
DA:68,0
DA:69,0
DA:70,0
DA:71,0
DA:72,0
DA:73,0
DA:74,0
DA:78,0
DA:80,0
DA:89,1
DA:90,0
DA:91,0
DA:92,0
DA:93,0
DA:94,0
DA:96,0
DA:98,0
DA:100,0
DA:101,0
DA:102,0
DA:103,0
DA:106,0
DA:111,0
DA:112,0
DA:113,0
DA:115,0
DA:116,0
DA:117,0
DA:119,0
DA:120,0
DA:121,0
DA:124,0
DA:133,1
DA:134,0
DA:135,0
DA:144,1
DA:145,0
DA:146,0
DA:156,1
DA:157,0
DA:158,0
DA:159,0
DA:168,1
DA:169,0
DA:170,0
DA:179,1
DA:180,0
DA:181,0
DA:189,1
DA:192,0
DA:201,1
DA:202,4
DA:203,0
DA:205,4
DA:208,1
LF:73
LH:23
BRDA:63,0,0,0
BRDA:63,0,1,0
BRDA:63,1,0,0
BRDA:63,1,1,0
BRDA:68,2,0,0
BRDA:68,2,1,0
BRDA:68,3,0,0
BRDA:68,3,1,0
BRDA:70,4,0,0
BRDA:70,4,1,0
BRDA:72,5,0,0
BRDA:72,5,1,0
BRDA:92,6,0,0
BRDA:92,6,1,0
BRDA:94,7,0,0
BRDA:94,7,1,0
BRDA:96,8,0,0
BRDA:96,8,1,0
BRDA:100,9,0,0
BRDA:100,9,1,0
BRDA:102,10,0,0
BRDA:102,10,1,0
BRDA:112,11,0,0
BRDA:112,11,1,0
BRDA:112,12,0,0
BRDA:112,12,1,0
BRDA:116,13,0,0
BRDA:116,13,1,0
BRDA:116,14,0,0
BRDA:116,14,1,0
BRDA:120,15,0,0
BRDA:120,15,1,0
BRDA:120,16,0,0
BRDA:120,16,1,0
BRDA:158,17,0,0
BRDA:158,17,1,0
BRDA:202,18,0,0
BRDA:202,18,1,4
BRDA:202,19,0,4
BRDA:202,19,1,0
BRDA:202,19,2,0
BRF:41
BRH:2
end_of_record
TN:
SF:D:\datafort\datafort\CybersmilyDF2018\src\app\app-fashion-generator\fashion-list\fashion-list.component.ts
FN:9,(anonymous_2)
FN:17,FashionListComponent
FN:22,(anonymous_4)
FNF:3
FNH:3
FNDA:1,(anonymous_2)
FNDA:2,FashionListComponent
FNDA:2,(anonymous_4)
DA:1,1
DA:9,1
DA:12,1
DA:15,1
DA:18,2
DA:19,2
DA:22,1
DA:25,1
LF:8
LH:8
BRF:0
BRH:0
end_of_record
TN:
SF:D:\datafort\datafort\CybersmilyDF2018\src\app\app-fashion-generator\fashion-options-selector\fashion-options-selector.component.ts
FN:9,(anonymous_2)
FN:20,FashionOptionsSelectorComponent
FN:22,(anonymous_4)
FN:33,(anonymous_5)
FN:40,(anonymous_6)
FN:41,(anonymous_7)
FN:47,(anonymous_8)
FNF:7
FNH:3
FNDA:1,(anonymous_2)
FNDA:3,FashionOptionsSelectorComponent
FNDA:3,(anonymous_4)
FNDA:0,(anonymous_5)
FNDA:0,(anonymous_6)
FNDA:0,(anonymous_7)
FNDA:0,(anonymous_8)
DA:2,1
DA:9,1
DA:12,1
DA:14,1
DA:17,4
DA:22,1
DA:23,3
DA:33,1
DA:34,0
DA:35,0
DA:37,0
DA:40,1
DA:41,0
DA:42,0
DA:44,0
DA:45,0
DA:47,0
DA:48,0
DA:50,0
DA:52,0
DA:55,1
LF:21
LH:10
BRDA:34,0,0,0
BRDA:34,0,1,0
BRDA:44,1,0,0
BRDA:44,1,1,0
BRF:4
BRH:0
end_of_record
TN:
SF:D:\datafort\datafort\CybersmilyDF2018\src\app\app-fashion-generator\fashion-selector\fashion-selector.component.ts
FN:8,(anonymous_2)
FN:33,FashionSelectorComponent
FN:35,(anonymous_4)
FN:38,(anonymous_5)
FNF:4
FNH:3
FNDA:1,(anonymous_2)
FNDA:7,FashionSelectorComponent
FNDA:7,(anonymous_4)
FNDA:0,(anonymous_5)
DA:1,1
DA:8,1
DA:15,1
DA:23,1
DA:26,1
DA:29,8
DA:35,1
DA:36,7
DA:38,1
DA:39,0
DA:41,1
LF:11
LH:10
BRF:0
BRH:0
end_of_record
TN:
SF:D:\datafort\datafort\CybersmilyDF2018\src\app\app-lifepath\lifepath-chart\lifepath-chart.component.ts
FN:10,(anonymous_2)
FN:26,LifepathChartComponent
FN:32,(anonymous_4)
FN:42,(anonymous_5)
FN:54,(anonymous_6)
FN:56,(anonymous_7)
FN:74,(anonymous_8)
FNF:7
FNH:3
FNDA:1,(anonymous_2)
FNDA:3,LifepathChartComponent
FNDA:3,(anonymous_4)
FNDA:0,(anonymous_5)
FNDA:0,(anonymous_6)
FNDA:0,(anonymous_7)
FNDA:0,(anonymous_8)
DA:1,1
DA:3,1
DA:10,1
DA:15,1
DA:18,1
DA:21,1
DA:24,4
DA:26,3
DA:27,3
DA:28,3
DA:29,3
DA:32,1
DA:42,1
DA:43,0
DA:44,0
DA:46,0
DA:54,1
DA:56,0
DA:57,0
DA:59,0
DA:60,0
DA:65,0
DA:74,1
DA:75,0
DA:76,0
DA:77,0
DA:78,0
DA:79,0
DA:80,0
DA:81,0
DA:82,0
DA:85,1
LF:32
LH:16
BRDA:43,0,0,0
BRDA:43,0,1,0
BRDA:43,1,0,0
BRDA:43,1,1,0
BRDA:77,2,0,0
BRDA:77,2,1,0
BRDA:77,3,0,0
BRDA:77,3,1,0
BRDA:80,4,0,0
BRDA:80,4,1,0
BRF:10
BRH:0
end_of_record
TN:
SF:D:\datafort\datafort\CybersmilyDF2018\src\app\app-lifepath\lifepath-events\lifepath-events.component.ts
FN:10,(anonymous_2)
FN:25,LifepathEventsComponent
FN:27,(anonymous_4)
FN:36,(anonymous_5)
FN:58,(anonymous_6)
FN:81,(anonymous_7)
FN:90,(anonymous_8)
FN:96,(anonymous_9)
FN:103,(anonymous_10)
FN:113,(anonymous_11)
FN:128,(anonymous_12)
FN:145,(anonymous_13)
FNF:12
FNH:3
FNDA:1,(anonymous_2)
FNDA:2,LifepathEventsComponent
FNDA:2,(anonymous_4)
FNDA:0,(anonymous_5)
FNDA:0,(anonymous_6)
FNDA:0,(anonymous_7)
FNDA:0,(anonymous_8)
FNDA:0,(anonymous_9)
FNDA:0,(anonymous_10)
FNDA:0,(anonymous_11)
FNDA:0,(anonymous_12)
FNDA:0,(anonymous_13)
DA:1,1
DA:2,1
DA:10,1
DA:12,1
DA:15,1
DA:18,3
DA:20,2
DA:21,2
DA:25,2
DA:27,1
DA:36,1
DA:37,0
DA:39,0
DA:40,0
DA:42,0
DA:43,0
DA:45,0
DA:46,0
DA:47,0
DA:49,0
DA:58,1
DA:60,0
DA:62,0
DA:63,0
DA:64,0
DA:67,0
DA:68,0
DA:69,0
DA:70,0
DA:72,0
DA:81,1
DA:82,0
DA:83,0
DA:84,0
DA:86,0
DA:90,1
DA:91,0
DA:92,0
DA:96,1
DA:97,0
DA:98,0
DA:99,0
DA:103,1
DA:104,0
DA:105,0
DA:106,0
DA:107,0
DA:109,0
DA:113,1
DA:114,0
DA:115,0
DA:116,0
DA:117,0
DA:118,0
DA:119,0
DA:120,0
DA:121,0
DA:122,0
DA:123,0
DA:124,0
DA:128,1
DA:129,0
DA:130,0
DA:131,0
DA:133,0
DA:134,0
DA:136,0
DA:137,0
DA:139,0
DA:141,0
DA:142,0
DA:145,1
DA:146,0
DA:148,1
LF:74
LH:20
BRDA:38,0,0,0
BRDA:38,0,1,0
BRDA:60,1,0,0
BRDA:60,1,1,0
BRDA:67,2,0,0
BRDA:67,2,1,0
BRDA:83,3,0,0
BRDA:83,3,1,0
BRDA:83,4,0,0
BRDA:83,4,1,0
BRDA:105,5,0,0
BRDA:105,5,1,0
BRDA:106,6,0,0
BRDA:106,6,1,0
BRDA:107,7,0,0
BRDA:107,7,1,0
BRDA:115,8,0,0
BRDA:115,8,1,0
BRDA:121,9,0,0
BRDA:121,9,1,0
BRDA:121,10,0,0
BRDA:121,10,1,0
BRDA:122,11,0,0
BRDA:122,11,1,0
BRDA:122,12,0,0
BRDA:122,12,1,0
BRDA:123,13,0,0
BRDA:123,13,1,0
BRDA:123,14,0,0
BRDA:123,14,1,0
BRDA:130,15,0,0
BRDA:130,15,1,0
BRDA:133,16,0,0
BRDA:133,16,1,0
BRDA:133,17,0,0
BRDA:133,17,1,0
BRDA:136,18,0,0
BRDA:136,18,1,0
BRF:38
BRH:0
end_of_record
TN:
SF:D:\datafort\datafort\CybersmilyDF2018\src\app\app-lifepath\lifepath-family\lifepath-family.component.ts
FN:15,(anonymous_2)
FN:27,LifepathFamilyComponent
FN:30,(anonymous_4)
FN:35,(anonymous_5)
FN:47,(anonymous_6)
FN:71,(anonymous_7)
FN:85,(anonymous_8)
FN:105,(anonymous_9)
FN:123,(anonymous_10)
FN:174,(anonymous_11)
FN:178,(anonymous_12)
FN:194,(anonymous_13)
FN:220,(anonymous_14)
FNF:13
FNH:3
FNDA:1,(anonymous_2)
FNDA:2,LifepathFamilyComponent
FNDA:2,(anonymous_4)
FNDA:0,(anonymous_5)
FNDA:0,(anonymous_6)
FNDA:0,(anonymous_7)
FNDA:0,(anonymous_8)
FNDA:0,(anonymous_9)
FNDA:0,(anonymous_10)
FNDA:0,(anonymous_11)
FNDA:0,(anonymous_12)
FNDA:0,(anonymous_13)
FNDA:0,(anonymous_14)
DA:1,1
DA:4,1
DA:8,1
DA:15,1
DA:18,1
DA:20,1
DA:23,3
DA:27,2
DA:30,1
DA:31,2
DA:32,2
DA:35,1
DA:36,0
DA:37,0
DA:38,0
DA:39,0
DA:41,0
DA:42,0
DA:43,0
DA:47,1
DA:49,0
DA:50,0
DA:51,0
DA:54,0
DA:57,0
DA:59,0
DA:60,0
DA:71,1
DA:72,0
DA:73,0
DA:74,0
DA:85,1
DA:86,0
DA:87,0
DA:88,0
DA:90,0
DA:91,0
DA:105,1
DA:106,0
DA:107,0
DA:109,0
DA:110,0
DA:113,0
DA:123,1
DA:124,0
DA:126,0
DA:127,0
DA:129,0
DA:130,0
DA:132,0
DA:133,0
DA:135,0
DA:136,0
DA:138,0
DA:139,0
DA:141,0
DA:142,0
DA:144,0
DA:146,0
DA:149,0
DA:150,0
DA:153,0
DA:154,0
DA:155,0
DA:157,0
DA:158,0
DA:161,0
DA:163,0
DA:174,1
DA:175,0
DA:178,1
DA:179,0
DA:180,0
DA:181,0
DA:182,0
DA:183,0
DA:184,0
DA:186,0
DA:189,0
DA:191,0
DA:194,1
DA:195,0
DA:196,0
DA:198,0
DA:199,0
DA:200,0
DA:201,0
DA:203,0
DA:204,0
DA:205,0
DA:206,0
DA:207,0
DA:208,0
DA:210,0
DA:212,0
DA:214,0
DA:217,0
DA:220,1
DA:221,0
DA:223,1
LF:100
LH:22
BRDA:36,0,0,0
BRDA:36,0,1,0
BRDA:39,1,0,0
BRDA:39,1,1,0
BRDA:86,2,0,0
BRDA:86,2,1,0
BRDA:87,3,0,0
BRDA:87,3,1,0
BRDA:90,4,0,0
BRDA:90,4,1,0
BRDA:106,5,0,0
BRDA:106,5,1,0
BRDA:109,6,0,0
BRDA:109,6,1,0
BRDA:126,7,0,0
BRDA:126,7,1,0
BRDA:128,8,0,0
BRDA:128,8,1,0
BRDA:128,8,2,0
BRDA:128,8,3,0
BRDA:128,8,4,0
BRDA:128,8,5,0
BRDA:147,9,0,0
BRDA:147,9,1,0
BRDA:147,9,2,0
BRDA:147,9,3,0
BRDA:147,9,4,0
BRDA:179,10,0,0
BRDA:179,10,1,0
BRDA:179,11,0,0
BRDA:179,11,1,0
BRDA:180,12,0,0
BRDA:180,12,1,0
BRDA:181,13,0,0
BRDA:181,13,1,0
BRDA:181,14,0,0
BRDA:181,14,1,0
BRDA:183,15,0,0
BRDA:183,15,1,0
BRDA:186,16,0,0
BRDA:186,16,1,0
BRDA:189,17,0,0
BRDA:189,17,1,0
BRDA:198,18,0,0
BRDA:198,18,1,0
BRDA:202,19,0,0
BRDA:202,19,1,0
BRDA:203,20,0,0
BRDA:203,20,1,0
BRDA:205,21,0,0
BRDA:205,21,1,0
BRDA:207,22,0,0
BRDA:207,22,1,0
BRF:53
BRH:0
end_of_record
TN:
SF:D:\datafort\datafort\CybersmilyDF2018\src\app\app-lifepath\lifepath-generator\lifepath-generator.component.ts
FN:12,(anonymous_2)
FN:23,LifepathGeneratorComponent
FN:31,(anonymous_4)
FN:36,(anonymous_5)
FN:40,(anonymous_6)
FN:43,(anonymous_7)
FN:47,(anonymous_8)
FN:60,(anonymous_9)
FN:64,(anonymous_10)
FN:68,(anonymous_11)
FN:72,(anonymous_12)
FNF:11
FNH:4
FNDA:1,(anonymous_2)
FNDA:1,LifepathGeneratorComponent
FNDA:1,(anonymous_4)
FNDA:1,(anonymous_5)
FNDA:0,(anonymous_6)
FNDA:0,(anonymous_7)
FNDA:0,(anonymous_8)
FNDA:0,(anonymous_9)
FNDA:0,(anonymous_10)
FNDA:0,(anonymous_11)
FNDA:0,(anonymous_12)
DA:1,1
DA:2,1
DA:3,1
DA:4,1
DA:12,1
DA:23,1
DA:24,1
DA:25,1
DA:26,1
DA:27,1
DA:28,1
DA:31,1
DA:33,1
DA:36,1
DA:37,1
DA:41,0
DA:43,0
DA:47,1
DA:49,0
DA:51,0
DA:53,0
DA:55,0
DA:57,0
DA:60,1
DA:61,0
DA:64,1
DA:65,0
DA:68,1
DA:69,0
DA:72,1
DA:73,0
DA:75,1
LF:32
LH:21
BRF:0
BRH:0
end_of_record
TN:
SF:D:\datafort\datafort\CybersmilyDF2018\src\app\app-maxmetal\mmaccessories\mmaccessories.component.ts
FN:9,(anonymous_2)
FN:16,MmaccessoriesComponent
FN:18,(anonymous_4)
FN:21,(anonymous_5)
FN:28,(anonymous_6)
FN:29,(anonymous_7)
FN:40,(anonymous_8)
FN:41,(anonymous_9)
FN:51,(anonymous_10)
FN:52,(anonymous_11)
FN:57,(anonymous_12)
FN:61,(anonymous_13)
FNF:12
FNH:3
FNDA:1,(anonymous_2)
FNDA:2,MmaccessoriesComponent
FNDA:2,(anonymous_4)
FNDA:0,(anonymous_5)
FNDA:0,(anonymous_6)
FNDA:0,(anonymous_7)
FNDA:0,(anonymous_8)
FNDA:0,(anonymous_9)
FNDA:0,(anonymous_10)
FNDA:0,(anonymous_11)
FNDA:0,(anonymous_12)
FNDA:0,(anonymous_13)
DA:1,1
DA:2,1
DA:9,1
DA:16,2
DA:18,2
DA:19,2
DA:20,2
DA:21,2
DA:22,0
DA:23,0
DA:25,2
DA:28,1
DA:29,0
DA:30,0
DA:31,0
DA:33,0
DA:34,0
DA:36,0
DA:40,1
DA:41,0
DA:42,0
DA:43,0
DA:45,0
DA:46,0
DA:48,0
DA:51,1
DA:52,0
DA:53,0
DA:57,1
DA:58,0
DA:61,1
DA:62,0
DA:64,1
LF:33
LH:15
BRDA:30,0,0,0
BRDA:30,0,1,0
BRDA:42,1,0,0
BRDA:42,1,1,0
BRF:4
BRH:0
end_of_record
TN:
SF:D:\datafort\datafort\CybersmilyDF2018\src\app\app-maxmetal\mmbuilder\mmbuilder.component.ts
FN:11,(anonymous_2)
FN:23,MmbuilderComponent
FN:26,(anonymous_4)
FN:27,(anonymous_5)
FN:39,(anonymous_6)
FN:50,(anonymous_7)
FN:54,(anonymous_8)
FN:58,(anonymous_9)
FN:60,(anonymous_10)
FN:73,(anonymous_11)
FN:84,(anonymous_12)
FN:96,(anonymous_13)
FN:109,(anonymous_14)
FN:121,(anonymous_15)
FN:132,(anonymous_16)
FN:149,(anonymous_17)
FNF:16
FNH:4
FNDA:1,(anonymous_2)
FNDA:2,MmbuilderComponent
FNDA:2,(anonymous_4)
FNDA:2,(anonymous_5)
FNDA:0,(anonymous_6)
FNDA:0,(anonymous_7)
FNDA:0,(anonymous_8)
FNDA:0,(anonymous_9)
FNDA:0,(anonymous_10)
FNDA:0,(anonymous_11)
FNDA:0,(anonymous_12)
FNDA:0,(anonymous_13)
FNDA:0,(anonymous_14)
FNDA:0,(anonymous_15)
FNDA:0,(anonymous_16)
FNDA:0,(anonymous_17)
DA:1,1
DA:3,1
DA:11,1
DA:14,1
DA:23,2
DA:26,2
DA:27,2
DA:28,2
DA:30,2
DA:39,1
DA:40,0
DA:41,0
DA:43,0
DA:45,0
DA:50,1
DA:51,0
DA:54,1
DA:55,0
DA:58,1
DA:60,1
DA:61,0
DA:73,1
DA:74,0
DA:84,1
DA:85,0
DA:96,1
DA:97,0
DA:109,1
DA:110,0
DA:121,1
DA:122,0
DA:132,1
DA:133,0
DA:149,1
DA:151,1
LF:35
LH:22
BRDA:40,0,0,0
BRDA:40,0,1,0
BRF:2
BRH:0
end_of_record
TN:
SF:D:\datafort\datafort\CybersmilyDF2018\src\app\app-maxmetal\mmdetails\mmdetails.component.ts
FN:8,(anonymous_2)
FN:10,MmdetailsComponent
FN:12,(anonymous_4)
FNF:3
FNH:3
FNDA:1,(anonymous_2)
FNDA:1,MmdetailsComponent
FNDA:1,(anonymous_4)
DA:1,1
DA:8,1
DA:12,1
DA:15,1
LF:4
LH:4
BRF:0
BRH:0
end_of_record
TN:
SF:D:\datafort\datafort\CybersmilyDF2018\src\app\app-maxmetal\mmgenerator\mmgenerator.component.ts
FN:10,(anonymous_2)
FN:14,MmgeneratorComponent
FN:18,(anonymous_4)
FN:22,(anonymous_5)
FN:24,(anonymous_6)
FNF:5
FNH:4
FNDA:1,(anonymous_2)
FNDA:1,MmgeneratorComponent
FNDA:1,(anonymous_4)
FNDA:1,(anonymous_5)
FNDA:0,(anonymous_6)
DA:1,1
DA:2,1
DA:10,1
DA:14,1
DA:15,1
DA:18,1
DA:19,1
DA:22,1
DA:24,1
DA:25,0
DA:29,1
LF:11
LH:10
BRF:0
BRH:0
end_of_record
TN:
SF:D:\datafort\datafort\CybersmilyDF2018\src\app\app-maxmetal\mminput\mminput.component.ts
FN:8,(anonymous_2)
FN:72,MminputComponent
FN:75,(anonymous_4)
FN:84,(anonymous_5)
FN:96,(anonymous_6)
FNF:5
FNH:3
FNDA:1,(anonymous_2)
FNDA:17,MminputComponent
FNDA:17,(anonymous_4)
FNDA:0,(anonymous_5)
FNDA:0,(anonymous_6)
DA:1,1
DA:8,1
DA:16,1
DA:25,1
DA:34,1
DA:44,1
DA:54,1
DA:62,1
DA:69,18
DA:75,1
DA:84,1
DA:85,0
DA:86,0
DA:96,1
DA:97,0
DA:98,0
DA:102,1
LF:17
LH:13
BRDA:85,0,0,0
BRDA:85,0,1,0
BRDA:97,1,0,0
BRDA:97,1,1,0
BRF:4
BRH:0
end_of_record
TN:
SF:D:\datafort\datafort\CybersmilyDF2018\src\app\app-maxmetal\mmmount\mmmount.component.ts
FN:9,(anonymous_2)
FN:15,MmmountComponent
FN:17,(anonymous_4)
FNF:3
FNH:3
FNDA:1,(anonymous_2)
FNDA:1,MmmountComponent
FNDA:1,(anonymous_4)
DA:2,1
DA:9,1
DA:12,1
DA:17,1
DA:18,1
DA:19,1
DA:20,1
DA:24,1
LF:8
LH:8
BRDA:19,0,0,1
BRDA:19,0,1,0
BRF:2
BRH:1
end_of_record
TN:
SF:D:\datafort\datafort\CybersmilyDF2018\src\app\app-maxmetal\mmmounts\mmmounts.component.ts
FN:10,(anonymous_2)
FN:13,MmmountsComponent
FN:15,(anonymous_4)
FN:16,(anonymous_5)
FNF:4
FNH:3
FNDA:1,(anonymous_2)
FNDA:2,MmmountsComponent
FNDA:2,(anonymous_4)
FNDA:0,(anonymous_5)
DA:2,1
DA:3,1
DA:10,1
DA:13,2
DA:15,2
DA:16,2
DA:17,0
DA:21,1
LF:8
LH:7
BRF:0
BRH:0
end_of_record
TN:
SF:D:\datafort\datafort\CybersmilyDF2018\src\app\app-maxmetal\mmoption\mmoption.component.ts
FN:9,(anonymous_2)
FN:13,MmoptionComponent
FN:15,(anonymous_4)
FNF:3
FNH:3
FNDA:1,(anonymous_2)
FNDA:1,MmoptionComponent
FNDA:1,(anonymous_4)
DA:2,1
DA:9,1
DA:11,1
DA:15,1
DA:18,1
LF:5
LH:5
BRF:0
BRH:0
end_of_record
TN:
SF:D:\datafort\datafort\CybersmilyDF2018\src\app\app-maxmetal\mmweapon\mmweapon.component.ts
FN:8,(anonymous_2)
FN:13,MmweaponComponent
FN:15,(anonymous_4)
FNF:3
FNH:3
FNDA:1,(anonymous_2)
FNDA:1,MmweaponComponent
FNDA:1,(anonymous_4)
DA:1,1
DA:8,1
DA:11,1
DA:15,1
DA:18,1
LF:5
LH:5
BRF:0
BRH:0
end_of_record
TN:
SF:D:\datafort\datafort\CybersmilyDF2018\src\app\app-netrun\models\coord.ts
FN:1,(anonymous_0)
FN:4,Coord
FNF:2
FNH:2
FNDA:1,(anonymous_0)
FNDA:15,Coord
DA:1,1
DA:5,15
DA:6,15
DA:8,1
LF:4
LH:4
BRF:0
BRH:0
end_of_record
TN:
SF:D:\datafort\datafort\CybersmilyDF2018\src\app\app-netrun\models\index.ts
FNF:0
FNH:0
DA:1,1
DA:2,1
DA:7,1
DA:8,1
DA:9,1
DA:10,1
DA:11,1
DA:14,1
DA:15,1
DA:17,1
DA:18,1
LF:11
LH:11
BRF:0
BRH:0
end_of_record
TN:
SF:D:\datafort\datafort\CybersmilyDF2018\src\app\app-netrun\models\nr-city-list.ts
FN:3,(anonymous_0)
FN:6,NrCityList
FN:18,(anonymous_2)
FN:20,(anonymous_3)
FN:35,(anonymous_4)
FN:36,(anonymous_5)
FN:47,(anonymous_6)
FN:48,(anonymous_7)
FNF:8
FNH:3
FNDA:1,(anonymous_0)
FNDA:10,NrCityList
FNDA:0,(anonymous_2)
FNDA:0,(anonymous_3)
FNDA:1,(anonymous_4)
FNDA:0,(anonymous_5)
FNDA:0,(anonymous_6)
FNDA:0,(anonymous_7)
DA:3,1
DA:7,10
DA:18,1
DA:19,0
DA:20,0
DA:21,0
DA:22,0
DA:23,0
DA:24,0
DA:25,0
DA:35,1
DA:36,1
DA:47,1
DA:48,0
DA:49,0
DA:50,0
DA:52,1
LF:17
LH:7
BRDA:23,0,0,0
BRDA:23,0,1,0
BRDA:24,1,0,0
BRDA:24,1,1,0
BRDA:48,2,0,0
BRDA:48,2,1,0
BRF:6
BRH:0
end_of_record
TN:
SF:D:\datafort\datafort\CybersmilyDF2018\src\app\app-netrun\models\nr-constants.ts
FNF:0
FNH:0
DA:1,1
DA:6,1
DA:12,1
DA:14,1
DA:16,1
DA:18,1
DA:19,1
DA:20,1
DA:21,1
DA:22,1
DA:23,1
DA:24,1
DA:25,1
DA:26,1
LF:14
LH:14
BRF:0
BRH:0
end_of_record
TN:
SF:D:\datafort\datafort\CybersmilyDF2018\src\app\app-netrun\models\nr-grid-cell.ts
FN:1,(anonymous_0)
FN:4,NrGridCell
FNF:2
FNH:1
FNDA:1,(anonymous_0)
FNDA:0,NrGridCell
DA:1,1
DA:5,0
DA:6,0
DA:8,1
LF:4
LH:2
BRF:0
BRH:0
end_of_record
TN:
SF:D:\datafort\datafort\CybersmilyDF2018\src\app\app-netrun\models\nr-map-cell-observable.ts
FN:4,(anonymous_0)
FN:8,NRMapCellObservable
FN:12,(anonymous_2)
FN:17,(anonymous_3)
FN:21,(anonymous_4)
FN:30,(anonymous_5)
FN:34,(anonymous_6)
FNF:7
FNH:1
FNDA:1,(anonymous_0)
FNDA:0,NRMapCellObservable
FNDA:0,(anonymous_2)
FNDA:0,(anonymous_3)
FNDA:0,(anonymous_4)
FNDA:0,(anonymous_5)
FNDA:0,(anonymous_6)
DA:1,1
DA:2,1
DA:4,1
DA:5,0
DA:6,0
DA:9,0
DA:12,1
DA:13,0
DA:14,0
DA:17,1
DA:18,0
DA:21,1
DA:22,0
DA:23,0
DA:24,0
DA:25,0
DA:26,0
DA:27,0
DA:30,1
DA:31,0
DA:34,1
DA:35,0
DA:37,1
LF:23
LH:9
BRDA:23,0,0,0
BRDA:23,0,1,0
BRDA:24,1,0,0
BRDA:24,1,1,0
BRDA:25,2,0,0
BRDA:25,2,1,0
BRF:6
BRH:0
end_of_record
TN:
SF:D:\datafort\datafort\CybersmilyDF2018\src\app\app-netrun\models\nr-map-cell.ts
FN:1,(anonymous_0)
FN:9,NRMapCell
FNF:2
FNH:2
FNDA:1,(anonymous_0)
FNDA:3,NRMapCell
DA:1,1
DA:10,3
DA:11,3
DA:12,3
DA:13,3
DA:14,3
DA:16,1
LF:7
LH:7
BRF:0
BRH:0
end_of_record
TN:
SF:D:\datafort\datafort\CybersmilyDF2018\src\app\app-netrun\models\nr-map-row.ts
FN:3,(anonymous_0)
FN:6,NRMapRow
FNF:2
FNH:1
FNDA:1,(anonymous_0)
FNDA:0,NRMapRow
DA:3,1
DA:7,0
DA:8,0
DA:10,1
LF:4
LH:2
BRF:0
BRH:0
end_of_record
TN:
SF:D:\datafort\datafort\CybersmilyDF2018\src\app\app-netrun\models\nr-map.ts
FN:3,(anonymous_0)
FN:18,NRMap
FNF:2
FNH:2
FNDA:1,(anonymous_0)
FNDA:10,NRMap
DA:3,1
DA:19,10
DA:20,10
DA:21,10
DA:22,10
DA:23,10
DA:24,10
DA:25,10
DA:26,10
DA:27,10
DA:28,10
DA:29,10
DA:30,10
DA:31,10
DA:33,1
LF:15
LH:15
BRF:0
BRH:0
end_of_record
TN:
SF:D:\datafort\datafort\CybersmilyDF2018\src\app\app-netrun\models\nr-prev-selected-cell.ts
FN:3,(anonymous_0)
FN:7,PrevSelectedCell
FNF:2
FNH:1
FNDA:1,(anonymous_0)
FNDA:0,PrevSelectedCell
DA:1,1
DA:3,1
DA:8,0
DA:9,0
DA:10,0
DA:12,1
LF:6
LH:3
BRF:0
BRH:0
end_of_record
TN:
SF:D:\datafort\datafort\CybersmilyDF2018\src\app\app-netrun\models\nr-region-map.ts
FN:4,(anonymous_6)
FN:7,NRRegionMap
FN:12,(anonymous_8)
FNF:3
FNH:2
FNDA:1,(anonymous_6)
FNDA:10,NRRegionMap
FNDA:0,(anonymous_8)
DA:2,1
DA:4,1
DA:8,10
DA:9,10
DA:12,1
DA:13,0
DA:14,0
DA:15,0
DA:16,0
DA:17,0
DA:18,0
DA:19,0
DA:20,0
DA:21,0
DA:22,0
DA:23,0
DA:24,0
DA:25,0
DA:27,0
DA:29,1
LF:20
LH:6
BRDA:8,0,0,10
BRDA:8,0,1,10
BRF:2
BRH:2
end_of_record
TN:
SF:D:\datafort\datafort\CybersmilyDF2018\src\app\app-netrun\models\nr-trace-item.ts
FN:1,(anonymous_0)
FN:5,NRTraceItem
FNF:2
FNH:1
FNDA:1,(anonymous_0)
FNDA:0,NRTraceItem
DA:1,1
DA:6,0
DA:7,0
DA:8,0
DA:10,1
LF:5
LH:2
BRF:0
BRH:0
end_of_record
TN:
SF:D:\datafort\datafort\CybersmilyDF2018\src\app\app-netrun\models\nr-trace-result.ts
FN:1,(anonymous_0)
FN:6,NRTraceResult
FNF:2
FNH:1
FNDA:1,(anonymous_0)
FNDA:0,NRTraceResult
DA:1,1
DA:7,0
DA:8,0
DA:9,0
DA:11,1
LF:5
LH:2
BRF:0
BRH:0
end_of_record
TN:
SF:D:\datafort\datafort\CybersmilyDF2018\src\app\app-netrun\nr-datafort\nr-datafort.component.ts
FN:13,(anonymous_2)
FN:60,NrDatafortComponent
FN:65,(anonymous_4)
FN:85,(anonymous_5)
FN:104,(anonymous_6)
FN:143,(anonymous_7)
FN:157,(anonymous_8)
FN:182,(anonymous_9)
FN:209,(anonymous_10)
FN:219,(anonymous_11)
FN:229,(anonymous_12)
FN:233,(anonymous_13)
FN:246,(anonymous_14)
FN:264,(anonymous_15)
FN:275,(anonymous_16)
FNF:15
FNH:6
FNDA:1,(anonymous_2)
FNDA:1,NrDatafortComponent
FNDA:1,(anonymous_4)
FNDA:1,(anonymous_5)
FNDA:1,(anonymous_6)
FNDA:0,(anonymous_7)
FNDA:0,(anonymous_8)
FNDA:1,(anonymous_9)
FNDA:0,(anonymous_10)
FNDA:0,(anonymous_11)
FNDA:0,(anonymous_12)
FNDA:0,(anonymous_13)
FNDA:0,(anonymous_14)
FNDA:0,(anonymous_15)
FNDA:0,(anonymous_16)
DA:1,1
DA:2,1
DA:3,1
DA:4,1
DA:6,1
DA:13,1
DA:15,1
DA:18,1
DA:20,1
DA:22,1
DA:24,1
DA:25,1
DA:26,1
DA:28,1
DA:34,1
DA:47,1
DA:57,1
DA:58,1
DA:61,1
DA:62,1
DA:63,1
DA:65,1
DA:66,1
DA:69,1
DA:71,1
DA:72,1
DA:73,1
DA:74,1
DA:75,1
DA:76,1
DA:77,1
DA:78,1
DA:79,1
DA:82,1
DA:85,1
DA:86,1
DA:87,0
DA:88,0
DA:89,0
DA:94,1
DA:95,1
DA:104,1
DA:105,1
DA:106,1
DA:107,1
DA:110,1
DA:111,0
DA:112,0
DA:115,1
DA:116,0
DA:118,0
DA:119,0
DA:120,0
DA:122,0
DA:123,0
DA:124,0
DA:126,0
DA:127,0
DA:128,0
DA:130,0
DA:131,0
DA:143,1
DA:144,0
DA:157,1
DA:159,0
DA:160,0
DA:161,0
DA:162,0
DA:163,0
DA:166,0
DA:167,0
DA:170,0
DA:182,1
DA:183,1
DA:184,1
DA:185,1
DA:191,0
DA:192,0
DA:193,0
DA:194,0
DA:196,1
DA:197,1
DA:198,1
DA:199,1
DA:209,1
DA:211,0
DA:219,1
DA:220,0
DA:229,1
DA:230,0
DA:233,1
DA:234,0
DA:246,1
DA:248,0
DA:249,0
DA:251,0
DA:252,0
DA:264,1
DA:265,0
DA:266,0
DA:275,1
DA:276,0
DA:278,1
LF:103
LH:62
BRDA:72,0,0,0
BRDA:72,0,1,1
BRDA:74,1,0,1
BRDA:74,1,1,0
BRDA:77,2,0,0
BRDA:77,2,1,1
BRDA:78,3,0,0
BRDA:78,3,1,1
BRDA:86,4,0,0
BRDA:86,4,1,1
BRDA:88,5,0,0
BRDA:88,5,1,0
BRDA:105,6,0,1
BRDA:105,6,1,0
BRDA:106,7,0,0
BRDA:106,7,1,1
BRDA:107,8,0,0
BRDA:107,8,1,1
BRDA:110,9,0,0
BRDA:110,9,1,1
BRDA:115,10,0,0
BRDA:115,10,1,1
BRDA:117,11,0,0
BRDA:117,11,1,0
BRDA:117,11,2,0
BRDA:117,11,3,0
BRDA:160,12,0,0
BRDA:160,12,1,0
BRDA:167,13,0,0
BRDA:167,13,1,0
BRDA:185,14,0,0
BRDA:185,14,1,1
BRDA:185,15,0,1
BRDA:185,15,1,0
BRDA:185,15,2,0
BRDA:185,15,3,0
BRDA:185,15,4,0
BRDA:185,15,5,0
BRDA:191,16,0,0
BRDA:191,16,1,0
BRDA:192,17,0,0
BRDA:192,17,1,0
BRDA:193,18,0,0
BRDA:193,18,1,0
BRDA:248,19,0,0
BRDA:248,19,1,0
BRDA:248,20,0,0
BRDA:248,20,1,0
BRDA:249,21,0,0
BRDA:249,21,1,0
BRDA:249,21,2,0
BRDA:251,22,0,0
BRDA:251,22,1,0
BRF:53
BRH:12
end_of_record
TN:
SF:D:\datafort\datafort\CybersmilyDF2018\src\app\app-netrun\nr-map-cell\nr-map-cell.component.ts
FN:11,(anonymous_2)
FN:54,NrMapCellComponent
FN:58,(anonymous_4)
FN:60,(anonymous_5)
FN:65,(anonymous_6)
FN:76,(anonymous_7)
FN:86,(anonymous_8)
FNF:7
FNH:5
FNDA:1,(anonymous_2)
FNDA:1,NrMapCellComponent
FNDA:1,(anonymous_4)
FNDA:1,(anonymous_5)
FNDA:2,(anonymous_6)
FNDA:0,(anonymous_7)
FNDA:0,(anonymous_8)
DA:1,1
DA:3,1
DA:4,1
DA:11,1
DA:14,1
DA:17,1
DA:20,1
DA:23,1
DA:26,1
DA:29,1
DA:32,1
DA:36,1
DA:38,1
DA:40,1
DA:49,1
DA:55,1
DA:56,1
DA:58,1
DA:59,1
DA:60,1
DA:61,1
DA:65,1
DA:66,2
DA:67,2
DA:68,2
DA:69,2
DA:70,2
DA:71,2
DA:72,2
DA:73,2
DA:76,1
DA:77,0
DA:78,0
DA:80,0
DA:81,0
DA:82,0
DA:86,1
DA:87,0
DA:88,0
DA:89,0
DA:92,1
LF:41
LH:33
BRDA:77,0,0,0
BRDA:77,0,1,0
BRDA:77,1,0,0
BRDA:77,1,1,0
BRDA:77,1,2,0
BRDA:77,1,3,0
BRDA:80,2,0,0
BRDA:80,2,1,0
BRDA:87,3,0,0
BRDA:87,3,1,0
BRDA:87,4,0,0
BRDA:87,4,1,0
BRF:12
BRH:0
end_of_record
TN:
SF:D:\datafort\datafort\CybersmilyDF2018\src\app\app-netrun\nr-map-grid\nr-map-grid.component.ts
FN:14,(anonymous_2)
FN:59,NrMapGridComponent
FN:66,(anonymous_4)
FN:69,(anonymous_5)
FN:79,(anonymous_6)
FN:112,(anonymous_7)
FN:116,(anonymous_8)
FN:123,(anonymous_9)
FN:132,(anonymous_10)
FN:151,(anonymous_11)
FNF:10
FNH:6
FNDA:1,(anonymous_2)
FNDA:2,NrMapGridComponent
FNDA:2,(anonymous_4)
FNDA:2,(anonymous_5)
FNDA:2,(anonymous_6)
FNDA:6,(anonymous_7)
FNDA:0,(anonymous_8)
FNDA:0,(anonymous_9)
FNDA:0,(anonymous_10)
FNDA:0,(anonymous_11)
DA:3,1
DA:4,1
DA:5,1
DA:7,1
DA:14,1
DA:18,2
DA:21,2
DA:22,2
DA:29,2
DA:33,2
DA:38,2
DA:45,2
DA:50,2
DA:52,2
DA:57,2
DA:60,2
DA:61,2
DA:62,2
DA:66,2
DA:67,2
DA:69,2
DA:70,2
DA:71,2
DA:72,2
DA:74,2
DA:76,2
DA:79,1
DA:80,2
DA:81,2
DA:82,2
DA:83,2
DA:84,2
DA:85,2
DA:86,2
DA:87,2
DA:88,2
DA:89,0
DA:90,0
DA:91,0
DA:93,2
DA:96,0
DA:99,2
DA:100,2
DA:101,2
DA:102,2
DA:104,2
DA:105,2
DA:106,2
DA:107,2
DA:112,1
DA:113,6
DA:116,1
DA:117,0
DA:118,0
DA:119,0
DA:123,1
DA:124,0
DA:125,0
DA:126,0
DA:127,0
DA:129,0
DA:132,1
DA:133,0
DA:134,0
DA:135,0
DA:136,0
DA:138,0
DA:151,1
DA:152,0
DA:154,1
LF:70
LH:52
BRDA:87,0,0,2
BRDA:87,0,1,0
BRDA:88,1,0,0
BRDA:88,1,1,2
BRDA:113,2,0,0
BRDA:113,2,1,6
BRDA:124,3,0,0
BRDA:124,3,1,0
BRDA:126,4,0,0
BRDA:126,4,1,0
BRDA:133,5,0,0
BRDA:133,5,1,0
BRDA:135,6,0,0
BRDA:135,6,1,0
BRF:14
BRH:3
end_of_record
TN:
SF:D:\datafort\datafort\CybersmilyDF2018\src\app\app-netrun\nr-traceview\nr-traceview.component.ts
FN:12,(anonymous_2)
FN:19,NrTraceviewComponent
FN:21,(anonymous_4)
FN:22,(anonymous_5)
FN:26,(anonymous_6)
FN:28,(anonymous_7)
FN:36,(anonymous_8)
FNF:7
FNH:4
FNDA:1,(anonymous_2)
FNDA:2,NrTraceviewComponent
FNDA:2,(anonymous_4)
FNDA:2,(anonymous_5)
FNDA:0,(anonymous_6)
FNDA:0,(anonymous_7)
FNDA:0,(anonymous_8)
DA:2,1
DA:3,1
DA:5,1
DA:12,1
DA:14,2
DA:15,2
DA:16,2
DA:19,2
DA:21,2
DA:22,2
DA:23,2
DA:24,2
DA:25,2
DA:26,2
DA:27,0
DA:28,0
DA:29,0
DA:30,0
DA:36,1
DA:37,0
DA:39,1
LF:21
LH:16
BRDA:29,0,0,0
BRDA:29,0,1,0
BRF:2
BRH:0
end_of_record
TN:
SF:D:\datafort\datafort\CybersmilyDF2018\src\app\app-netrun\nrdebug\nrdebug.component.ts
FN:13,(anonymous_2)
FN:30,NrdebugComponent
FN:34,(anonymous_4)
FN:35,(anonymous_5)
FN:41,(anonymous_6)
FN:46,(anonymous_7)
FN:49,(anonymous_8)
FN:56,(anonymous_9)
FN:60,(anonymous_10)
FNF:9
FNH:7
FNDA:1,(anonymous_2)
FNDA:2,NrdebugComponent
FNDA:2,(anonymous_4)
FNDA:2,(anonymous_5)
FNDA:2,(anonymous_6)
FNDA:2,(anonymous_7)
FNDA:0,(anonymous_8)
FNDA:0,(anonymous_9)
FNDA:2,(anonymous_10)
DA:2,1
DA:5,1
DA:6,1
DA:13,1
DA:15,1
DA:17,2
DA:18,2
DA:22,2
DA:31,2
DA:32,2
DA:34,2
DA:35,2
DA:36,2
DA:37,2
DA:39,2
DA:41,2
DA:42,2
DA:46,2
DA:47,2
DA:48,2
DA:49,1
DA:50,0
DA:51,0
DA:56,1
DA:57,0
DA:60,1
DA:61,2
DA:62,1
DA:65,1
LF:29
LH:26
BRDA:48,0,0,1
BRDA:48,0,1,1
BRDA:61,1,0,1
BRDA:61,1,1,1
BRF:4
BRH:4
end_of_record
TN:
SF:D:\datafort\datafort\CybersmilyDF2018\src\app\app-netrun\nrgridbox\nrgridbox.component.ts
FN:11,(anonymous_2)
FN:39,NrgridboxComponent
FN:43,(anonymous_4)
FN:44,(anonymous_5)
FN:53,(anonymous_6)
FN:64,(anonymous_7)
FN:73,(anonymous_8)
FNF:7
FNH:5
FNDA:1,(anonymous_2)
FNDA:1,NrgridboxComponent
FNDA:1,(anonymous_4)
FNDA:1,(anonymous_5)
FNDA:1,(anonymous_6)
FNDA:0,(anonymous_7)
FNDA:0,(anonymous_8)
DA:1,1
DA:2,1
DA:3,1
DA:4,1
DA:11,1
DA:14,1
DA:17,1
DA:21,1
DA:23,1
DA:25,1
DA:34,1
DA:40,1
DA:41,1
DA:43,1
DA:44,1
DA:45,1
DA:46,0
DA:47,0
DA:49,1
DA:53,1
DA:54,1
DA:55,1
DA:56,1
DA:57,1
DA:58,1
DA:59,1
DA:60,1
DA:61,1
DA:64,1
DA:65,0
DA:66,0
DA:68,0
DA:69,0
DA:73,1
DA:74,0
DA:75,0
DA:78,1
LF:37
LH:29
BRDA:45,0,0,0
BRDA:45,0,1,1
BRDA:65,1,0,0
BRDA:65,1,1,0
BRDA:65,2,0,0
BRDA:65,2,1,0
BRDA:68,3,0,0
BRDA:68,3,1,0
BRDA:74,4,0,0
BRDA:74,4,1,0
BRF:10
BRH:1
end_of_record
TN:
SF:D:\datafort\datafort\CybersmilyDF2018\src\app\app-netrun\nrinstruct\nrinstruct.component.ts
FN:10,(anonymous_2)
FN:13,NrinstructComponent
FN:15,(anonymous_4)
FN:18,(anonymous_5)
FNF:4
FNH:3
FNDA:1,(anonymous_2)
FNDA:2,NrinstructComponent
FNDA:2,(anonymous_4)
FNDA:0,(anonymous_5)
DA:1,1
DA:2,1
DA:10,1
DA:13,2
DA:15,1
DA:18,1
DA:19,0
DA:22,1
LF:8
LH:7
BRF:0
BRH:0
end_of_record
TN:
SF:D:\datafort\datafort\CybersmilyDF2018\src\app\app-netrun\nrmain\nrmain.component.ts
FN:8,(anonymous_2)
FN:9,NrmainComponent
FN:11,(anonymous_4)
FNF:3
FNH:3
FNDA:1,(anonymous_2)
FNDA:1,NrmainComponent
FNDA:1,(anonymous_4)
DA:1,1
DA:8,1
DA:11,1
DA:14,1
LF:4
LH:4
BRF:0
BRH:0
end_of_record
TN:
SF:D:\datafort\datafort\CybersmilyDF2018\src\app\app-netrun\nrmap\nrmap.component.ts
FN:12,(anonymous_2)
FN:49,NrmapComponent
FN:55,(anonymous_4)
FN:58,(anonymous_5)
FN:63,(anonymous_6)
FN:70,(anonymous_7)
FN:94,(anonymous_8)
FN:98,(anonymous_9)
FNF:8
FNH:7
FNDA:1,(anonymous_2)
FNDA:1,NrmapComponent
FNDA:1,(anonymous_4)
FNDA:1,(anonymous_5)
FNDA:1,(anonymous_6)
FNDA:1,(anonymous_7)
FNDA:4,(anonymous_8)
FNDA:0,(anonymous_9)
DA:1,1
DA:2,1
DA:4,1
DA:5,1
DA:12,1
DA:15,1
DA:16,1
DA:17,1
DA:21,1
DA:28,1
DA:35,1
DA:39,1
DA:40,1
DA:42,1
DA:47,1
DA:50,1
DA:51,1
DA:52,1
DA:53,1
DA:55,1
DA:56,1
DA:58,1
DA:59,1
DA:60,1
DA:61,1
DA:63,1
DA:64,1
DA:65,1
DA:66,1
DA:70,1
DA:71,1
DA:72,1
DA:73,1
DA:74,1
DA:75,1
DA:77,1
DA:78,1
DA:79,1
DA:80,1
DA:82,1
DA:83,1
DA:84,1
DA:85,0
DA:86,0
DA:88,1
DA:94,1
DA:95,4
DA:98,1
DA:99,0
DA:100,0
DA:101,0
DA:102,0
DA:104,1
LF:53
LH:47
BRDA:84,0,0,0
BRDA:84,0,1,1
BRDA:95,1,0,0
BRDA:95,1,1,4
BRF:4
BRH:2
end_of_record
TN:
SF:D:\datafort\datafort\CybersmilyDF2018\src\app\app-netrun\nrnavigator\nrnavigator.component.ts
FN:14,(anonymous_2)
FN:21,NrnavigatorComponent
FN:25,(anonymous_4)
FN:26,(anonymous_5)
FN:30,(anonymous_6)
FN:38,(anonymous_7)
FNF:6
FNH:4
FNDA:1,(anonymous_2)
FNDA:2,NrnavigatorComponent
FNDA:2,(anonymous_4)
FNDA:2,(anonymous_5)
FNDA:0,(anonymous_6)
FNDA:0,(anonymous_7)
DA:1,1
DA:4,1
DA:5,1
DA:6,1
DA:14,1
DA:22,2
DA:23,2
DA:25,2
DA:26,2
DA:27,2
DA:30,1
DA:31,0
DA:32,0
DA:33,0
DA:35,0
DA:38,1
DA:39,0
DA:40,0
DA:41,0
DA:42,0
DA:43,0
DA:44,0
DA:46,0
DA:48,0
DA:50,1
LF:25
LH:13
BRDA:32,0,0,0
BRDA:32,0,1,0
BRDA:41,1,0,0
BRDA:41,1,1,0
BRDA:41,2,0,0
BRDA:41,2,1,0
BRDA:43,3,0,0
BRDA:43,3,1,0
BRF:8
BRH:0
end_of_record
TN:
SF:D:\datafort\datafort\CybersmilyDF2018\src\app\app-netrun\services\index.ts
FNF:0
FNH:0
DA:1,1
DA:2,1
DA:3,1
DA:4,1
LF:4
LH:4
BRF:0
BRH:0
end_of_record
TN:
SF:D:\datafort\datafort\CybersmilyDF2018\src\app\app-netrun\services\nr-map-data.service.ts
FN:11,(anonymous_2)
FN:40,NrMapDataService
FN:45,(anonymous_4)
FN:66,(anonymous_5)
FN:68,(anonymous_6)
FN:89,(anonymous_7)
FN:95,(anonymous_8)
FN:107,(anonymous_9)
FN:139,(anonymous_10)
FN:161,(anonymous_11)
FN:168,(anonymous_12)
FN:187,(anonymous_13)
FN:203,(anonymous_14)
FN:213,(anonymous_15)
FN:222,(anonymous_16)
FN:230,(anonymous_17)
FN:231,(anonymous_18)
FN:246,(anonymous_19)
FN:256,(anonymous_20)
FN:265,(anonymous_21)
FN:281,(anonymous_22)
FN:283,(anonymous_23)
FN:298,(anonymous_24)
FN:331,(anonymous_25)
FN:347,(anonymous_26)
FN:361,(anonymous_27)
FNF:26
FNH:6
FNDA:1,(anonymous_2)
FNDA:10,NrMapDataService
FNDA:0,(anonymous_4)
FNDA:0,(anonymous_5)
FNDA:0,(anonymous_6)
FNDA:0,(anonymous_7)
FNDA:0,(anonymous_8)
FNDA:0,(anonymous_9)
FNDA:0,(anonymous_10)
FNDA:0,(anonymous_11)
FNDA:0,(anonymous_12)
FNDA:0,(anonymous_13)
FNDA:0,(anonymous_14)
FNDA:0,(anonymous_15)
FNDA:0,(anonymous_16)
FNDA:0,(anonymous_17)
FNDA:0,(anonymous_18)
FNDA:0,(anonymous_19)
FNDA:2,(anonymous_20)
FNDA:0,(anonymous_21)
FNDA:0,(anonymous_22)
FNDA:0,(anonymous_23)
FNDA:2,(anonymous_24)
FNDA:2,(anonymous_25)
FNDA:2,(anonymous_26)
FNDA:0,(anonymous_27)
DA:1,1
DA:2,1
DA:3,1
DA:4,1
DA:5,1
DA:6,1
DA:11,1
DA:13,10
DA:14,10
DA:16,10
DA:17,10
DA:20,10
DA:21,10
DA:25,10
DA:34,10
DA:38,10
DA:40,10
DA:41,10
DA:43,10
DA:44,10
DA:45,10
DA:46,0
DA:48,0
DA:49,0
DA:50,0
DA:52,0
DA:66,1
DA:67,0
DA:68,0
DA:69,0
DA:70,0
DA:71,0
DA:72,0
DA:73,0
DA:75,0
DA:89,1
DA:91,0
DA:92,0
DA:95,0
DA:96,0
DA:98,0
DA:99,0
DA:100,0
DA:101,0
DA:102,0
DA:103,0
DA:107,0
DA:109,0
DA:110,0
DA:111,0
DA:112,0
DA:114,0
DA:119,0
DA:120,0
DA:121,0
DA:122,0
DA:139,1
DA:140,0
DA:141,0
DA:142,0
DA:143,0
DA:144,0
DA:145,0
DA:146,0
DA:148,0
DA:150,0
DA:161,1
DA:162,0
DA:163,0
DA:164,0
DA:166,0
DA:168,0
DA:169,0
DA:172,0
DA:173,0
DA:174,0
DA:176,0
DA:187,1
DA:189,0
DA:190,0
DA:192,0
DA:203,1
DA:205,0
DA:206,0
DA:207,0
DA:209,0
DA:213,1
DA:215,0
DA:216,0
DA:219,0
DA:222,1
DA:224,0
DA:225,0
DA:226,0
DA:227,0
DA:230,1
DA:231,0
DA:232,0
DA:234,0
DA:235,0
DA:236,0
DA:237,0
DA:246,1
DA:247,0
DA:256,1
DA:257,2
DA:265,1
DA:266,0
DA:267,0
DA:268,0
DA:269,0
DA:281,1
DA:282,0
DA:283,0
DA:285,0
DA:298,1
DA:300,2
DA:301,2
DA:302,0
DA:303,0
DA:304,0
DA:306,0
DA:307,0
DA:309,0
DA:310,0
DA:313,0
DA:314,0
DA:318,0
DA:331,1
DA:332,2
DA:333,0
DA:335,2
DA:347,1
DA:348,2
DA:349,0
DA:351,2
DA:361,1
DA:362,0
DA:363,0
DA:364,0
DA:365,0
DA:366,0
DA:367,0
DA:369,0
DA:370,0
DA:371,0
DA:372,0
DA:375,1
LF:148
LH:46
BRDA:43,0,0,10
BRDA:43,0,1,0
BRDA:43,1,0,10
BRDA:43,1,1,10
BRDA:71,2,0,0
BRDA:71,2,1,0
BRDA:72,3,0,0
BRDA:72,3,1,0
BRDA:91,4,0,0
BRDA:91,4,1,0
BRDA:91,5,0,0
BRDA:91,5,1,0
BRDA:98,6,0,0
BRDA:98,6,1,0
BRDA:101,7,0,0
BRDA:101,7,1,0
BRDA:120,8,0,0
BRDA:120,8,1,0
BRDA:140,9,0,0
BRDA:140,9,1,0
BRDA:141,10,0,0
BRDA:141,10,1,0
BRDA:163,11,0,0
BRDA:163,11,1,0
BRDA:172,12,0,0
BRDA:172,12,1,0
BRDA:173,13,0,0
BRDA:173,13,1,0
BRDA:189,14,0,0
BRDA:189,14,1,0
BRDA:205,15,0,0
BRDA:205,15,1,0
BRDA:215,16,0,0
BRDA:215,16,1,0
BRDA:282,17,0,0
BRDA:282,17,1,0
BRDA:282,18,0,0
BRDA:282,18,1,0
BRDA:283,19,0,0
BRDA:283,19,1,0
BRDA:300,20,0,2
BRDA:300,20,1,0
BRDA:300,21,0,2
BRDA:300,21,1,0
BRDA:302,22,0,0
BRDA:302,22,1,0
BRDA:302,23,0,0
BRDA:302,23,1,0
BRDA:303,24,0,0
BRDA:303,24,1,0
BRDA:304,25,0,0
BRDA:304,25,1,0
BRDA:306,26,0,0
BRDA:306,26,1,0
BRDA:307,27,0,0
BRDA:307,27,1,0
BRDA:309,28,0,0
BRDA:309,28,1,0
BRDA:309,29,0,0
BRDA:309,29,1,0
BRDA:309,29,2,0
BRDA:313,30,0,0
BRDA:313,30,1,0
BRDA:313,31,0,0
BRDA:313,31,1,0
BRDA:313,31,2,0
BRDA:332,32,0,0
BRDA:332,32,1,2
BRDA:332,33,0,2
BRDA:332,33,1,0
BRDA:348,34,0,0
BRDA:348,34,1,2
BRDA:348,35,0,2
BRDA:348,35,1,0
BRDA:366,36,0,0
BRDA:366,36,1,0
BRDA:366,37,0,0
BRDA:366,37,1,0
BRF:78
BRH:9
end_of_record
TN:
SF:D:\datafort\datafort\CybersmilyDF2018\src\app\app-netrun\services\nr-map-grid.service.ts
FN:10,(anonymous_2)
FN:35,NrMapGridService
FN:37,(anonymous_4)
FN:53,(anonymous_5)
FN:93,(anonymous_6)
FN:163,(anonymous_7)
FN:197,(anonymous_8)
FN:208,(anonymous_9)
FNF:8
FNH:4
FNDA:1,(anonymous_2)
FNDA:3,NrMapGridService
FNDA:1,(anonymous_4)
FNDA:1,(anonymous_5)
FNDA:0,(anonymous_6)
FNDA:0,(anonymous_7)
FNDA:0,(anonymous_8)
FNDA:0,(anonymous_9)
DA:1,1
DA:2,1
DA:3,1
DA:4,1
DA:10,1
DA:14,3
DA:15,3
DA:18,3
DA:19,3
DA:21,3
DA:33,3
DA:35,3
DA:37,1
DA:39,1
DA:50,1
DA:53,1
DA:54,1
DA:56,1
DA:57,0
DA:59,0
DA:60,0
DA:61,0
DA:62,0
DA:64,0
DA:67,0
DA:69,0
DA:70,0
DA:71,0
DA:72,0
DA:74,0
DA:76,0
DA:77,0
DA:78,0
DA:79,0
DA:81,0
DA:83,1
DA:93,1
DA:94,0
DA:95,0
DA:97,0
DA:99,0
DA:100,0
DA:101,0
DA:104,0
DA:105,0
DA:106,0
DA:108,0
DA:109,0
DA:110,0
DA:111,0
DA:115,0
DA:116,0
DA:117,0
DA:118,0
DA:119,0
DA:124,0
DA:126,0
DA:127,0
DA:128,0
DA:130,0
DA:138,0
DA:139,0
DA:144,0
DA:145,0
DA:146,0
DA:148,0
DA:149,0
DA:163,1
DA:165,0
DA:168,0
DA:169,0
DA:171,0
DA:172,0
DA:175,0
DA:176,0
DA:178,0
DA:179,0
DA:181,0
DA:182,0
DA:184,0
DA:185,0
DA:187,0
DA:188,0
DA:197,1
DA:198,0
DA:208,1
DA:209,0
DA:210,0
DA:211,0
DA:213,1
LF:90
LH:24
BRDA:59,0,0,0
BRDA:59,0,1,0
BRDA:61,1,0,0
BRDA:61,1,1,0
BRDA:72,2,0,0
BRDA:72,2,1,0
BRDA:73,3,0,0
BRDA:73,3,1,0
BRDA:74,4,0,0
BRDA:74,4,1,0
BRDA:75,5,0,0
BRDA:75,5,1,0
BRDA:97,6,0,0
BRDA:97,6,1,0
BRDA:97,7,0,0
BRDA:97,7,1,0
BRDA:99,8,0,0
BRDA:99,8,1,0
BRDA:115,9,0,0
BRDA:115,9,1,0
BRDA:117,10,0,0
BRDA:117,10,1,0
BRDA:124,11,0,0
BRDA:124,11,1,0
BRDA:124,12,0,0
BRDA:124,12,1,0
BRDA:124,12,2,0
BRDA:130,13,0,0
BRDA:130,13,1,0
BRDA:130,14,0,0
BRDA:130,14,1,0
BRDA:168,15,0,0
BRDA:168,15,1,0
BRDA:171,16,0,0
BRDA:171,16,1,0
BRDA:175,17,0,0
BRDA:175,17,1,0
BRDA:178,18,0,0
BRDA:178,18,1,0
BRDA:181,19,0,0
BRDA:181,19,1,0
BRDA:184,20,0,0
BRDA:184,20,1,0
BRDA:198,21,0,0
BRDA:198,21,1,0
BRF:45
BRH:0
end_of_record
TN:
SF:D:\datafort\datafort\CybersmilyDF2018\src\app\app-netrun\services\nr-map-position.service.ts
FN:8,(anonymous_2)
FN:14,NrMapPositionService
FN:23,(anonymous_4)
FNF:3
FNH:2
FNDA:1,(anonymous_2)
FNDA:5,NrMapPositionService
FNDA:0,(anonymous_4)
DA:1,1
DA:2,1
DA:3,1
DA:8,1
DA:11,5
DA:12,5
DA:23,1
DA:25,0
DA:26,0
DA:27,0
DA:28,0
DA:30,1
LF:12
LH:8
BRF:0
BRH:0
end_of_record
TN:
SF:D:\datafort\datafort\CybersmilyDF2018\src\app\app-netrun\services\nr-tracker.service.ts
FN:15,(anonymous_2)
FN:19,NrTrackerService
FN:21,(anonymous_4)
FN:70,(anonymous_5)
FN:74,(anonymous_6)
FN:80,(anonymous_7)
FN:83,(anonymous_8)
FN:84,(anonymous_9)
FN:88,(anonymous_10)
FNF:9
FNH:3
FNDA:1,(anonymous_2)
FNDA:6,NrTrackerService
FNDA:0,(anonymous_4)
FNDA:0,(anonymous_5)
FNDA:0,(anonymous_6)
FNDA:0,(anonymous_7)
FNDA:0,(anonymous_8)
FNDA:0,(anonymous_9)
FNDA:1,(anonymous_10)
DA:1,1
DA:9,1
DA:10,1
DA:11,1
DA:12,1
DA:15,1
DA:16,6
DA:17,6
DA:19,6
DA:21,1
DA:23,0
DA:24,0
DA:25,0
DA:26,0
DA:27,0
DA:28,0
DA:29,0
DA:30,0
DA:33,0
DA:34,0
DA:35,0
DA:40,0
DA:41,0
DA:43,0
DA:45,0
DA:47,0
DA:48,0
DA:51,0
DA:55,0
DA:59,0
DA:60,0
DA:61,0
DA:63,0
DA:64,0
DA:65,0
DA:70,1
DA:71,0
DA:74,1
DA:75,0
DA:76,0
DA:77,0
DA:80,1
DA:81,0
DA:82,0
DA:83,0
DA:84,0
DA:85,0
DA:88,1
DA:89,1
DA:90,1
DA:91,1
DA:93,0
DA:95,0
DA:97,0
DA:99,0
DA:101,0
DA:103,0
DA:105,0
DA:107,1
DA:110,1
LF:60
LH:19
BRDA:24,0,0,0
BRDA:24,0,1,0
BRDA:36,1,0,0
BRDA:36,1,1,0
BRDA:36,1,2,0
BRDA:36,1,3,0
BRDA:36,1,4,0
BRDA:36,1,5,0
BRDA:49,2,0,0
BRDA:49,2,1,0
BRDA:49,2,2,0
BRDA:49,2,3,0
BRDA:49,2,4,0
BRDA:49,2,5,0
BRDA:90,3,0,0
BRDA:90,3,1,1
BRDA:90,4,0,0
BRDA:90,4,1,1
BRDA:92,5,0,0
BRDA:92,5,1,0
BRDA:92,5,2,0
BRDA:92,5,3,0
BRDA:92,5,4,0
BRDA:92,5,5,0
BRDA:92,5,6,0
BRDA:92,5,7,1
BRF:26
BRH:3
end_of_record
TN:
SF:D:\datafort\datafort\CybersmilyDF2018\src\app\appdlow\cc3maps\cc3maps.component.ts
FN:8,(anonymous_2)
FN:10,Cc3mapsComponent
FN:12,(anonymous_4)
FNF:3
FNH:3
FNDA:1,(anonymous_2)
FNDA:1,Cc3mapsComponent
FNDA:1,(anonymous_4)
DA:1,1
DA:8,1
DA:12,1
DA:15,1
LF:4
LH:4
BRF:0
BRH:0
end_of_record
TN:
SF:D:\datafort\datafort\CybersmilyDF2018\src\app\appdlow\jpgmaps\jpgmaps.component.ts
FN:8,(anonymous_2)
FN:10,JpgmapsComponent
FN:12,(anonymous_4)
FNF:3
FNH:3
FNDA:1,(anonymous_2)
FNDA:1,JpgmapsComponent
FNDA:1,(anonymous_4)
DA:1,1
DA:8,1
DA:12,1
DA:15,1
LF:4
LH:4
BRF:0
BRH:0
end_of_record
TN:
SF:D:\datafort\datafort\CybersmilyDF2018\src\app\appgigs\news\news.component.ts
FN:10,(anonymous_2)
FN:14,NewsComponent
FN:16,(anonymous_4)
FN:17,(anonymous_5)
FNF:4
FNH:3
FNDA:1,(anonymous_2)
FNDA:1,NewsComponent
FNDA:1,(anonymous_4)
FNDA:0,(anonymous_5)
DA:1,1
DA:2,1
DA:3,1
DA:10,1
DA:11,1
DA:14,1
DA:16,1
DA:17,1
DA:18,0
DA:19,0
DA:23,1
LF:11
LH:9
BRF:0
BRH:0
end_of_record
TN:
SF:D:\datafort\datafort\CybersmilyDF2018\src\app\apphome\home\home.component.ts
FN:9,(anonymous_2)
FN:12,HomeComponent
FN:14,(anonymous_4)
FN:15,(anonymous_5)
FNF:4
FNH:1
FNDA:1,(anonymous_2)
FNDA:0,HomeComponent
FNDA:0,(anonymous_4)
FNDA:0,(anonymous_5)
DA:1,1
DA:2,1
DA:9,1
DA:12,0
DA:14,1
DA:15,0
DA:16,0
DA:20,1
LF:8
LH:5
BRF:0
BRH:0
end_of_record
TN:
SF:D:\datafort\datafort\CybersmilyDF2018\src\app\apppeeps\corporation-card\corporation-card.component.ts
FN:11,(anonymous_2)
FN:24,CorporationCardComponent
FN:29,(anonymous_4)
FN:34,(anonymous_5)
FN:40,(anonymous_6)
FN:45,(anonymous_7)
FN:50,(anonymous_8)
FNF:7
FNH:3
FNDA:1,(anonymous_2)
FNDA:1,CorporationCardComponent
FNDA:1,(anonymous_4)
FNDA:0,(anonymous_5)
FNDA:0,(anonymous_6)
FNDA:0,(anonymous_7)
FNDA:0,(anonymous_8)
DA:1,1
DA:2,1
DA:3,1
DA:4,1
DA:11,1
DA:14,1
DA:17,1
DA:24,1
DA:25,1
DA:26,1
DA:29,1
DA:30,1
DA:31,1
DA:34,1
DA:35,0
DA:36,0
DA:40,1
DA:41,0
DA:42,0
DA:46,0
DA:47,0
DA:48,0
DA:50,0
DA:53,1
LF:24
LH:16
BRDA:30,0,0,1
BRDA:30,0,1,0
BRF:2
BRH:1
end_of_record
TN:
SF:D:\datafort\datafort\CybersmilyDF2018\src\app\apppeeps\corporations\corporations.component.ts
FN:9,(anonymous_2)
FN:13,CorporationsComponent
FN:15,(anonymous_4)
FN:16,(anonymous_5)
FNF:4
FNH:3
FNDA:1,(anonymous_2)
FNDA:1,CorporationsComponent
FNDA:1,(anonymous_4)
FNDA:0,(anonymous_5)
DA:1,1
DA:2,1
DA:9,1
DA:13,1
DA:15,1
DA:16,1
DA:17,0
DA:21,1
LF:8
LH:7
BRF:0
BRH:0
end_of_record
TN:
SF:D:\datafort\datafort\CybersmilyDF2018\src\app\shared\Models\TopNavLinks.ts
FN:28,(anonymous_0)
FN:30,TopNavLinks
FN:134,(anonymous_2)
FNF:3
FNH:2
FNDA:1,(anonymous_0)
FNDA:1,TopNavLinks
FNDA:0,(anonymous_2)
DA:28,1
DA:31,1
DA:32,1
DA:44,1
DA:62,1
DA:71,1
DA:83,1
DA:93,1
DA:103,1
DA:112,1
DA:134,1
DA:135,0
DA:137,1
LF:13
LH:12
BRDA:135,0,0,0
BRDA:135,0,1,0
BRDA:135,0,2,0
BRF:3
BRH:0
end_of_record
TN:
SF:D:\datafort\datafort\CybersmilyDF2018\src\app\shared\components\index.ts
FNF:0
FNH:0
DA:1,1
DA:2,1
LF:2
LH:2
BRF:0
BRH:0
end_of_record
TN:
SF:D:\datafort\datafort\CybersmilyDF2018\src\app\shared\components\footer\footer.component.ts
FN:8,(anonymous_2)
FN:11,FooterComponent
FN:13,(anonymous_4)
FNF:3
FNH:3
FNDA:1,(anonymous_2)
FNDA:1,FooterComponent
FNDA:1,(anonymous_4)
DA:1,1
DA:8,1
DA:13,1
DA:14,1
DA:15,1
DA:18,1
LF:6
LH:6
BRF:0
BRH:0
end_of_record
TN:
SF:D:\datafort\datafort\CybersmilyDF2018\src\app\shared\components\top-nav\top-nav.component.ts
FN:9,(anonymous_2)
FN:11,TopNavComponent
FN:15,(anonymous_4)
FN:23,(anonymous_5)
FN:27,(anonymous_6)
FNF:5
FNH:3
FNDA:1,(anonymous_2)
FNDA:1,TopNavComponent
FNDA:1,(anonymous_4)
FNDA:0,(anonymous_5)
FNDA:0,(anonymous_6)
DA:1,1
DA:2,1
DA:9,1
DA:12,1
DA:15,1
DA:23,1
DA:24,0
DA:27,1
DA:28,0
DA:31,1
LF:10
LH:8
BRF:0
BRH:0
end_of_record
TN:
SF:D:\datafort\datafort\CybersmilyDF2018\src\app\shared\directives\longpress.directive.ts
FN:6,(anonymous_2)
FN:3,LongpressDirective
FN:24,(anonymous_4)
FN:29,(anonymous_5)
FN:34,(anonymous_6)
FN:38,(anonymous_7)
FN:42,(anonymous_8)
FN:49,(anonymous_9)
FN:53,(anonymous_10)
FNF:9
FNH:2
FNDA:1,(anonymous_2)
FNDA:1,LongpressDirective
FNDA:0,(anonymous_4)
FNDA:0,(anonymous_5)
FNDA:0,(anonymous_6)
FNDA:0,(anonymous_7)
FNDA:0,(anonymous_8)
FNDA:0,(anonymous_9)
FNDA:0,(anonymous_10)
DA:1,1
DA:6,1
DA:9,1
DA:10,1
DA:16,2
DA:18,2
DA:21,2
DA:24,2
DA:25,0
DA:29,2
DA:30,0
DA:33,0
DA:34,1
DA:35,0
DA:36,0
DA:38,0
DA:39,0
DA:40,0
DA:42,0
DA:43,0
DA:49,1
DA:50,0
DA:53,1
DA:54,0
DA:55,0
DA:58,0
DA:59,0
DA:62,0
DA:63,0
DA:65,1
LF:30
LH:13
BRDA:54,0,0,0
BRDA:54,0,1,0
BRDA:58,1,0,0
BRDA:58,1,1,0
BRF:4
BRH:0
end_of_record
TN:
SF:D:\datafort\datafort\CybersmilyDF2018\src\app\shared\models\corporation.ts
FN:7,(anonymous_0)
FN:18,Corporation
FNF:2
FNH:2
FNDA:1,(anonymous_0)
FNDA:1,Corporation
DA:7,1
DA:19,1
DA:20,1
DA:21,1
DA:22,1
DA:23,1
DA:27,1
DA:33,1
DA:48,1
DA:55,1
DA:66,1
LF:11
LH:11
BRF:0
BRH:0
end_of_record
TN:
SF:D:\datafort\datafort\CybersmilyDF2018\src\app\shared\models\dice-rolls.ts
FN:1,(anonymous_0)
FN:5,DiceRolls
FN:16,(anonymous_2)
FN:29,(anonymous_3)
FN:42,(anonymous_4)
FN:55,(anonymous_5)
FNF:6
FNH:5
FNDA:1,(anonymous_0)
FNDA:155,DiceRolls
FNDA:11,(anonymous_2)
FNDA:11,(anonymous_3)
FNDA:10,(anonymous_4)
FNDA:0,(anonymous_5)
DA:1,1
DA:6,155
DA:7,155
DA:16,1
DA:17,11
DA:18,11
DA:19,11
DA:29,1
DA:30,11
DA:31,11
DA:32,11
DA:42,1
DA:43,10
DA:44,10
DA:45,10
DA:55,1
DA:56,0
DA:58,1
LF:18
LH:17
BRDA:17,0,0,11
BRDA:17,0,1,0
BRDA:17,1,0,11
BRDA:17,1,1,11
BRDA:30,2,0,11
BRDA:30,2,1,0
BRDA:30,3,0,11
BRDA:30,3,1,11
BRDA:43,4,0,10
BRDA:43,4,1,0
BRDA:43,5,0,10
BRDA:43,5,1,10
BRF:12
BRH:9
end_of_record
TN:
SF:D:\datafort\datafort\CybersmilyDF2018\src\app\shared\models\lifepath.ts
FN:33,(anonymous_0)
FN:39,(anonymous_2)
FN:42,Siblings
FN:46,(anonymous_4)
FN:50,(anonymous_5)
FN:53,(anonymous_6)
FN:57,(anonymous_7)
FN:59,(anonymous_8)
FN:64,(anonymous_9)
FN:70,(anonymous_10)
FN:70,(anonymous_11)
FN:103,(anonymous_12)
FN:105,(anonymous_13)
FN:114,(anonymous_14)
FN:118,LifepathAppearance
FN:125,(anonymous_16)
FN:131,LifepathMotivations
FN:140,(anonymous_18)
FN:146,(anonymous_20)
FN:150,(anonymous_22)
FN:157,LifePathResults
FN:165,(anonymous_24)
FN:189,(anonymous_25)
FNF:23
FNH:13
FNDA:1,(anonymous_0)
FNDA:1,(anonymous_2)
FNDA:3,Siblings
FNDA:0,(anonymous_4)
FNDA:0,(anonymous_5)
FNDA:4,(anonymous_6)
FNDA:0,(anonymous_7)
FNDA:0,(anonymous_8)
FNDA:4,(anonymous_9)
FNDA:0,(anonymous_10)
FNDA:0,(anonymous_11)
FNDA:0,(anonymous_12)
FNDA:0,(anonymous_13)
FNDA:1,(anonymous_14)
FNDA:1,LifepathAppearance
FNDA:1,(anonymous_16)
FNDA:1,LifepathMotivations
FNDA:4,(anonymous_18)
FNDA:2,(anonymous_20)
FNDA:1,(anonymous_22)
FNDA:1,LifePathResults
FNDA:0,(anonymous_24)
FNDA:0,(anonymous_25)
DA:33,1
DA:34,0
DA:35,0
DA:36,0
DA:37,1
DA:39,1
DA:43,3
DA:46,1
DA:47,0
DA:50,1
DA:51,0
DA:53,1
DA:54,4
DA:57,1
DA:58,0
DA:59,0
DA:60,0
DA:62,0
DA:64,4
DA:65,4
DA:66,4
DA:68,0
DA:69,0
DA:70,0
DA:71,0
DA:72,0
DA:73,0
DA:75,0
DA:76,0
DA:78,0
DA:79,0
DA:81,0
DA:82,0
DA:84,0
DA:85,0
DA:87,0
DA:88,0
DA:90,0
DA:91,0
DA:93,0
DA:96,0
DA:97,0
DA:98,0
DA:101,0
DA:103,1
DA:104,0
DA:105,0
DA:106,0
DA:107,0
DA:110,0
DA:112,1
DA:114,1
DA:119,1
DA:120,1
DA:121,1
DA:123,1
DA:125,1
DA:132,1
DA:133,1
DA:134,1
DA:135,1
DA:136,1
DA:138,1
DA:140,1
DA:143,3
DA:144,1
DA:146,1
DA:149,1
DA:150,1
DA:158,1
DA:159,1
DA:160,1
DA:161,1
DA:162,1
DA:165,1
DA:166,0
DA:167,0
DA:168,0
DA:169,0
DA:170,0
DA:171,0
DA:172,0
DA:173,0
DA:174,0
DA:175,0
DA:176,0
DA:177,0
DA:178,0
DA:179,0
DA:180,0
DA:181,0
DA:182,0
DA:183,0
DA:184,0
DA:185,0
DA:186,0
DA:187,0
DA:188,0
DA:189,0
DA:190,0
DA:192,0
DA:194,1
LF:102
LH:39
BRDA:65,0,0,4
BRDA:65,0,1,0
BRDA:72,1,0,0
BRDA:72,1,1,0
BRDA:74,2,0,0
BRDA:74,2,1,0
BRDA:74,2,2,0
BRDA:74,2,3,0
BRDA:74,2,4,0
BRDA:74,2,5,0
BRDA:74,2,6,0
BRDA:97,3,0,0
BRDA:97,3,1,0
BRDA:106,4,0,0
BRDA:106,4,1,0
BRF:15
BRH:1
end_of_record
TN:
SF:D:\datafort\datafort\CybersmilyDF2018\src\app\shared\models\maxmetal.ts
FN:1,(anonymous_0)
FN:23,VehicleType
FN:40,(anonymous_2)
FN:62,MaxMetalVehicle
FNF:4
FNH:4
FNDA:1,(anonymous_0)
FNDA:6,VehicleType
FNDA:1,(anonymous_2)
FNDA:6,MaxMetalVehicle
DA:1,1
DA:24,6
DA:25,6
DA:26,6
DA:27,6
DA:28,6
DA:29,6
DA:30,6
DA:31,6
DA:32,6
DA:33,6
DA:34,6
DA:35,6
DA:36,6
DA:38,1
DA:40,1
DA:63,6
DA:64,6
DA:65,6
DA:66,6
DA:67,6
DA:68,6
DA:69,6
DA:70,6
DA:71,6
DA:72,6
DA:73,6
DA:74,6
DA:75,6
DA:76,6
DA:77,6
DA:78,6
DA:79,6
DA:80,6
DA:81,6
DA:82,6
DA:84,1
LF:37
LH:37
BRF:0
BRH:0
end_of_record
TN:
SF:D:\datafort\datafort\CybersmilyDF2018\src\app\shared\modules\shared.module.ts
FN:28,(anonymous_1)
FNF:1
FNH:1
FNDA:3,(anonymous_1)
DA:1,1
DA:2,1
DA:3,1
DA:4,1
DA:5,1
DA:7,1
DA:8,1
DA:9,1
DA:10,1
DA:28,1
LF:10
LH:10
BRF:0
BRH:0
end_of_record
TN:
SF:D:\datafort\datafort\CybersmilyDF2018\src\app\shared\modules\weapons\weaponcard\weaponcard.component.ts
FN:9,(anonymous_2)
FN:14,WeaponcardComponent
FN:16,(anonymous_4)
FNF:3
FNH:3
FNDA:1,(anonymous_2)
FNDA:1,WeaponcardComponent
FNDA:1,(anonymous_4)
DA:2,1
DA:9,1
DA:12,1
DA:16,1
DA:19,1
LF:5
LH:5
BRF:0
BRH:0
end_of_record
TN:
SF:D:\datafort\datafort\CybersmilyDF2018\src\app\shared\modules\weapons\weaponcardcolumn\weaponcardcolumn.component.ts
FN:11,(anonymous_2)
FN:17,WeaponcardcolumnComponent
FN:19,(anonymous_4)
FNF:3
FNH:3
FNDA:1,(anonymous_2)
FNDA:1,WeaponcardcolumnComponent
FNDA:1,(anonymous_4)
DA:2,1
DA:4,1
DA:11,1
DA:12,1
DA:15,1
DA:19,1
DA:22,1
LF:7
LH:7
BRF:0
BRH:0
end_of_record
TN:
SF:D:\datafort\datafort\CybersmilyDF2018\src\app\shared\services\data.service.ts
FN:7,(anonymous_2)
FN:10,DataService
FN:12,(anonymous_4)
FN:16,(anonymous_5)
FNF:4
FNH:3
FNDA:1,(anonymous_2)
FNDA:19,DataService
FNDA:19,(anonymous_4)
FNDA:0,(anonymous_5)
DA:2,1
DA:4,1
DA:7,1
DA:10,19
DA:12,1
DA:13,19
DA:16,1
DA:18,0
DA:21,0
DA:24,1
LF:10
LH:8
BRF:0
BRH:0
end_of_record
TN:
SF:D:\datafort\datafort\CybersmilyDF2018\src\app\shared\services\google-analytics-events.service.ts
FN:4,(anonymous_2)
FN:6,GoogleAnalyticsEventsService
FN:8,(anonymous_4)
FNF:3
FNH:2
FNDA:1,(anonymous_2)
FNDA:1,GoogleAnalyticsEventsService
FNDA:0,(anonymous_4)
DA:1,1
DA:4,1
DA:8,1
DA:9,0
DA:12,1
LF:5
LH:4
BRDA:8,0,0,0
BRDA:8,0,1,0
BRDA:8,1,0,0
BRDA:8,1,1,0
BRF:4
BRH:0
end_of_record
TN:
SF:D:\datafort\datafort\CybersmilyDF2018\src\app\shared\services\maxmetal.service.ts
FN:6,(anonymous_2)
FN:12,MaxmetalService
FN:23,(anonymous_4)
FN:58,(anonymous_5)
FN:80,(anonymous_6)
FN:109,(anonymous_7)
FN:150,(anonymous_8)
FN:166,(anonymous_9)
FN:181,(anonymous_10)
FN:206,(anonymous_11)
FN:232,(anonymous_12)
FN:237,(anonymous_13)
FN:239,(anonymous_14)
FN:265,(anonymous_15)
FN:283,(anonymous_16)
FN:318,(anonymous_17)
FN:339,(anonymous_18)
FN:350,(anonymous_19)
FN:383,(anonymous_20)
FN:384,(anonymous_21)
FN:385,(anonymous_22)
FN:386,(anonymous_23)
FNF:22
FNH:2
FNDA:1,(anonymous_2)
FNDA:3,MaxmetalService
FNDA:0,(anonymous_4)
FNDA:0,(anonymous_5)
FNDA:0,(anonymous_6)
FNDA:0,(anonymous_7)
FNDA:0,(anonymous_8)
FNDA:0,(anonymous_9)
FNDA:0,(anonymous_10)
FNDA:0,(anonymous_11)
FNDA:0,(anonymous_12)
FNDA:0,(anonymous_13)
FNDA:0,(anonymous_14)
FNDA:0,(anonymous_15)
FNDA:0,(anonymous_16)
FNDA:0,(anonymous_17)
FNDA:0,(anonymous_18)
FNDA:0,(anonymous_19)
FNDA:0,(anonymous_20)
FNDA:0,(anonymous_21)
FNDA:0,(anonymous_22)
FNDA:0,(anonymous_23)
DA:1,1
DA:2,1
DA:3,1
DA:6,1
DA:7,3
DA:8,3
DA:13,3
DA:23,1
DA:24,0
DA:25,0
DA:27,0
DA:29,0
DA:31,0
DA:33,0
DA:35,0
DA:37,0
DA:38,0
DA:39,0
DA:40,0
DA:42,0
DA:44,0
DA:46,0
DA:47,0
DA:49,0
DA:58,1
DA:59,0
DA:60,0
DA:61,0
DA:62,0
DA:63,0
DA:64,0
DA:65,0
DA:80,1
DA:81,0
DA:82,0
DA:83,0
DA:84,0
DA:85,0
DA:86,0
DA:109,1
DA:111,0
DA:112,0
DA:114,0
DA:115,0
DA:118,0
DA:119,0
DA:120,0
DA:121,0
DA:122,0
DA:123,0
DA:124,0
DA:125,0
DA:128,0
DA:129,0
DA:132,0
DA:134,0
DA:136,0
DA:137,0
DA:138,0
DA:150,1
DA:151,0
DA:152,0
DA:153,0
DA:166,1
DA:167,0
DA:168,0
DA:169,0
DA:170,0
DA:181,1
DA:182,0
DA:183,0
DA:184,0
DA:185,0
DA:186,0
DA:188,0
DA:189,0
DA:192,0
DA:193,0
DA:194,0
DA:206,1
DA:207,0
DA:208,0
DA:209,0
DA:210,0
DA:211,0
DA:213,0
DA:214,0
DA:217,0
DA:218,0
DA:219,0
DA:232,1
DA:233,0
DA:234,0
DA:237,1
DA:239,1
DA:240,0
DA:241,0
DA:242,0
DA:243,0
DA:245,0
DA:246,0
DA:248,0
DA:249,0
DA:250,0
DA:251,0
DA:252,0
DA:254,0
DA:265,1
DA:267,0
DA:268,0
DA:269,0
DA:271,0
DA:273,0
DA:283,1
DA:285,0
DA:287,0
DA:288,0
DA:289,0
DA:290,0
DA:291,0
DA:292,0
DA:295,0
DA:297,0
DA:299,0
DA:301,0
DA:303,0
DA:304,0
DA:307,0
DA:309,0
DA:318,1
DA:319,0
DA:320,0
DA:321,0
DA:323,0
DA:324,0
DA:326,0
DA:327,0
DA:328,0
DA:330,0
DA:331,0
DA:333,0
DA:335,0
DA:336,0
DA:339,1
DA:340,0
DA:343,0
DA:344,0
DA:346,0
DA:347,0
DA:350,1
DA:351,0
DA:352,0
DA:353,0
DA:355,0
DA:357,0
DA:358,0
DA:359,0
DA:360,0
DA:362,0
DA:363,0
DA:364,0
DA:367,0
DA:368,0
DA:374,0
DA:375,0
DA:376,0
DA:378,0
DA:379,0
DA:381,0
DA:383,1
DA:384,1
DA:385,1
DA:386,1
DA:388,1
LF:174
LH:28
BRDA:38,0,0,0
BRDA:38,0,1,0
BRDA:111,1,0,0
BRDA:111,1,1,0
BRDA:114,2,0,0
BRDA:114,2,1,0
BRDA:118,3,0,0
BRDA:118,3,1,0
BRDA:118,4,0,0
BRDA:118,4,1,0
BRDA:120,5,0,0
BRDA:120,5,1,0
BRDA:120,6,0,0
BRDA:120,6,1,0
BRDA:122,7,0,0
BRDA:122,7,1,0
BRDA:122,8,0,0
BRDA:122,8,1,0
BRDA:124,9,0,0
BRDA:124,9,1,0
BRDA:129,10,0,0
BRDA:129,10,1,0
BRDA:129,11,0,0
BRDA:129,11,1,0
BRDA:185,12,0,0
BRDA:185,12,1,0
BRDA:185,13,0,0
BRDA:185,13,1,0
BRDA:188,14,0,0
BRDA:188,14,1,0
BRDA:188,15,0,0
BRDA:188,15,1,0
BRDA:210,16,0,0
BRDA:210,16,1,0
BRDA:210,17,0,0
BRDA:210,17,1,0
BRDA:213,18,0,0
BRDA:213,18,1,0
BRDA:213,19,0,0
BRDA:213,19,1,0
BRDA:242,20,0,0
BRDA:242,20,1,0
BRDA:245,21,0,0
BRDA:245,21,1,0
BRDA:251,22,0,0
BRDA:251,22,1,0
BRDA:251,23,0,0
BRDA:251,23,1,0
BRDA:267,24,0,0
BRDA:267,24,1,0
BRDA:269,25,0,0
BRDA:269,25,1,0
BRDA:269,26,0,0
BRDA:269,26,1,0
BRDA:290,27,0,0
BRDA:290,27,1,0
BRDA:291,28,0,0
BRDA:291,28,1,0
BRDA:295,29,0,0
BRDA:295,29,1,0
BRDA:299,30,0,0
BRDA:299,30,1,0
BRDA:303,31,0,0
BRDA:303,31,1,0
BRDA:323,32,0,0
BRDA:323,32,1,0
BRDA:330,33,0,0
BRDA:330,33,1,0
BRDA:343,34,0,0
BRDA:343,34,1,0
BRDA:352,35,0,0
BRDA:352,35,1,0
BRDA:358,36,0,0
BRDA:358,36,1,0
BRDA:362,37,0,0
BRDA:362,37,1,0
BRDA:368,38,0,0
BRDA:368,38,1,0
BRDA:375,39,0,0
BRDA:375,39,1,0
BRDA:378,40,0,0
BRDA:378,40,1,0
BRF:82
BRH:0
end_of_record
TN:
SF:D:\datafort\datafort\CybersmilyDF2018\src\app\shared\services\save-file.service.ts
FN:7,(anonymous_2)
FN:9,SaveFileService
FN:11,(anonymous_4)
FNF:3
FNH:2
FNDA:1,(anonymous_2)
FNDA:3,SaveFileService
FNDA:0,(anonymous_4)
DA:1,1
DA:2,1
DA:7,1
DA:11,1
DA:12,0
DA:13,0
DA:15,1
LF:7
LH:5
BRF:0
BRH:0
end_of_record
TN:
SF:D:\datafort\datafort\CybersmilyDF2018\src\app\shared\services\dice\dice.service.ts
FN:9,(anonymous_2)
FN:11,DiceService
FN:19,(anonymous_4)
FN:32,(anonymous_5)
FN:65,(anonymous_6)
FN:73,(anonymous_7)
FN:121,(anonymous_8)
FN:156,(anonymous_9)
FN:181,(anonymous_10)
FN:214,(anonymous_11)
FNF:10
FNH:7
FNDA:1,(anonymous_2)
FNDA:21,DiceService
FNDA:50,(anonymous_4)
FNDA:105,(anonymous_5)
FNDA:152,(anonymous_6)
FNDA:50,(anonymous_7)
FNDA:50,(anonymous_8)
FNDA:0,(anonymous_9)
FNDA:0,(anonymous_10)
FNDA:0,(anonymous_11)
DA:1,1
DA:4,1
DA:9,1
DA:19,1
DA:20,50
DA:32,1
DA:33,105
DA:34,105
DA:35,100
DA:36,100
DA:37,100
DA:38,100
DA:39,100
DA:40,150
DA:41,150
DA:42,150
DA:46,5
DA:47,5
DA:48,5
DA:49,5
DA:51,0
DA:55,105
DA:65,1
DA:67,152
DA:68,152
DA:69,152
DA:70,152
DA:73,1
DA:74,50
DA:75,50
DA:76,50
DA:77,50
DA:79,30
DA:81,10
DA:82,10
DA:84,10
DA:85,10
DA:87,10
DA:88,10
DA:91,20
DA:92,20
DA:93,20
DA:95,10
DA:96,10
DA:98,0
DA:99,0
DA:101,10
DA:102,10
DA:104,0
DA:105,0
DA:110,50
DA:121,1
DA:122,50
DA:123,50
DA:124,50
DA:125,50
DA:127,0
DA:128,0
DA:129,0
DA:130,0
DA:131,0
DA:133,0
DA:134,0
DA:135,50
DA:136,50
DA:137,50
DA:138,50
DA:140,0
DA:142,0
DA:144,50
DA:156,1
DA:158,0
DA:159,0
DA:161,0
DA:162,0
DA:163,0
DA:164,0
DA:165,0
DA:166,0
DA:169,0
DA:181,1
DA:182,0
DA:183,0
DA:184,0
DA:185,0
DA:186,0
DA:187,0
DA:188,0
DA:190,0
DA:191,0
DA:192,0
DA:193,0
DA:194,0
DA:195,0
DA:196,0
DA:197,0
DA:200,0
DA:214,1
DA:215,0
DA:216,0
DA:217,0
DA:218,0
DA:220,0
DA:223,0
DA:224,0
DA:226,0
DA:227,0
DA:229,1
LF:108
LH:60
BRDA:34,0,0,100
BRDA:34,0,1,5
BRDA:38,1,0,100
BRDA:38,1,1,0
BRDA:38,2,0,100
BRDA:38,2,1,100
BRDA:47,3,0,5
BRDA:47,3,1,0
BRDA:74,4,0,50
BRDA:74,4,1,0
BRDA:74,5,0,50
BRDA:74,5,1,50
BRDA:77,6,0,30
BRDA:77,6,1,20
BRDA:80,7,0,10
BRDA:80,7,1,10
BRDA:80,7,2,10
BRDA:92,8,0,20
BRDA:92,8,1,0
BRDA:94,9,0,10
BRDA:94,9,1,0
BRDA:94,9,2,10
BRDA:94,9,3,0
BRDA:125,10,0,0
BRDA:125,10,1,50
BRDA:125,11,0,50
BRDA:125,11,1,50
BRDA:129,12,0,0
BRDA:129,12,1,0
BRDA:135,13,0,50
BRDA:135,13,1,0
BRDA:140,14,0,0
BRDA:140,14,1,0
BRDA:161,15,0,0
BRDA:161,15,1,0
BRDA:165,16,0,0
BRDA:165,16,1,0
BRDA:183,17,0,0
BRDA:183,17,1,0
BRDA:183,18,0,0
BRDA:183,18,1,0
BRDA:190,19,0,0
BRDA:190,19,1,0
BRDA:190,20,0,0
BRDA:190,20,1,0
BRDA:194,21,0,0
BRDA:194,21,1,0
BRDA:194,22,0,0
BRDA:194,22,1,0
BRDA:215,23,0,0
BRDA:215,23,1,0
BRDA:215,24,0,0
BRDA:215,24,1,0
BRDA:217,25,0,0
BRDA:217,25,1,0
BRDA:218,26,0,0
BRDA:218,26,1,0
BRDA:223,27,0,0
BRDA:223,27,1,0
BRF:59
BRH:21
end_of_record
