TN:
SF:D:\datafort\dev\cybersmily_datafort\src\polyfills.ts
FNF:0
FNH:0
LF:0
LH:0
BRF:0
BRH:0
end_of_record
TN:
SF:D:\datafort\dev\cybersmily_datafort\src\test.ts
FNF:0
FNH:0
DA:6,1
DA:8,1
DA:10,1
LF:3
LH:3
BRF:0
BRH:0
end_of_record
TN:
SF:D:\datafort\dev\cybersmily_datafort\src\app\app-routing.module.ts
FN:1,(anonymous_0)
FN:12,(anonymous_1)
FN:12,(anonymous_2)
FN:13,(anonymous_3)
FN:13,(anonymous_4)
FN:14,(anonymous_5)
FN:14,(anonymous_6)
FN:15,(anonymous_7)
FN:15,(anonymous_8)
FN:16,(anonymous_9)
FN:16,(anonymous_10)
FN:17,(anonymous_11)
FN:18,(anonymous_12)
FN:19,(anonymous_13)
FN:19,(anonymous_14)
FN:20,(anonymous_15)
FN:21,(anonymous_16)
FN:22,(anonymous_17)
FN:22,(anonymous_18)
FN:23,(anonymous_19)
FN:23,(anonymous_20)
FN:25,(anonymous_21)
FN:26,(anonymous_22)
FN:28,(anonymous_23)
FN:28,(anonymous_24)
FN:30,(anonymous_25)
FN:31,(anonymous_26)
FN:33,(anonymous_27)
FN:34,(anonymous_28)
FN:36,(anonymous_29)
FN:37,(anonymous_30)
FN:39,(anonymous_31)
FN:40,(anonymous_32)
FN:42,(anonymous_33)
FN:43,(anonymous_34)
FN:44,(anonymous_35)
FN:44,(anonymous_36)
FNF:37
FNH:1
FNDA:1,(anonymous_0)
FNDA:0,(anonymous_1)
FNDA:0,(anonymous_2)
FNDA:0,(anonymous_3)
FNDA:0,(anonymous_4)
FNDA:0,(anonymous_5)
FNDA:0,(anonymous_6)
FNDA:0,(anonymous_7)
FNDA:0,(anonymous_8)
FNDA:0,(anonymous_9)
FNDA:0,(anonymous_10)
FNDA:0,(anonymous_11)
FNDA:0,(anonymous_12)
FNDA:0,(anonymous_13)
FNDA:0,(anonymous_14)
FNDA:0,(anonymous_15)
FNDA:0,(anonymous_16)
FNDA:0,(anonymous_17)
FNDA:0,(anonymous_18)
FNDA:0,(anonymous_19)
FNDA:0,(anonymous_20)
FNDA:0,(anonymous_21)
FNDA:0,(anonymous_22)
FNDA:0,(anonymous_23)
FNDA:0,(anonymous_24)
FNDA:0,(anonymous_25)
FNDA:0,(anonymous_26)
FNDA:0,(anonymous_27)
FNDA:0,(anonymous_28)
FNDA:0,(anonymous_29)
FNDA:0,(anonymous_30)
FNDA:0,(anonymous_31)
FNDA:0,(anonymous_32)
FNDA:0,(anonymous_33)
FNDA:0,(anonymous_34)
FNDA:0,(anonymous_35)
FNDA:0,(anonymous_36)
DA:1,1
DA:2,1
DA:3,1
DA:4,1
DA:5,1
DA:10,1
DA:12,0
DA:13,0
DA:14,0
DA:15,0
DA:16,0
DA:17,0
DA:18,0
DA:19,0
DA:20,0
DA:21,0
DA:22,0
DA:23,0
DA:25,0
DA:26,0
DA:28,0
DA:30,0
DA:31,0
DA:33,0
DA:34,0
DA:36,0
DA:37,0
DA:39,0
DA:40,0
DA:42,0
DA:43,0
DA:44,0
DA:47,1
DA:49,1
LF:34
LH:8
BRDA:1,0,0,1
BRDA:1,0,1,0
BRDA:1,0,2,1
BRDA:2,1,0,1
BRDA:2,1,1,0
BRDA:2,2,0,0
BRDA:2,2,1,0
BRDA:3,3,0,0
BRDA:3,3,1,1
BRDA:3,4,0,1
BRDA:3,4,1,1
BRDA:4,5,0,1
BRDA:4,5,1,0
BRDA:4,6,0,1
BRDA:4,6,1,0
BRDA:4,7,0,1
BRDA:4,7,1,0
BRDA:4,8,0,0
BRDA:4,8,1,0
BRDA:5,9,0,1
BRDA:5,9,1,0
BRDA:5,9,2,0
BRF:22
BRH:10
end_of_record
TN:
SF:D:\datafort\dev\cybersmily_datafort\src\app\app.component.ts
FN:1,(anonymous_0)
FN:7,(anonymous_1)
FN:10,(anonymous_2)
FN:16,(anonymous_3)
FN:19,(anonymous_4)
FN:25,(anonymous_5)
FNF:6
FNH:5
FNDA:1,(anonymous_0)
FNDA:1,(anonymous_1)
FNDA:2,(anonymous_2)
FNDA:3,(anonymous_3)
FNDA:0,(anonymous_4)
FNDA:1,(anonymous_5)
DA:1,1
DA:2,1
DA:3,1
DA:4,2
DA:5,1
DA:7,1
DA:8,1
DA:10,1
DA:11,2
DA:15,1
DA:17,3
DA:18,3
DA:19,3
DA:20,0
DA:25,1
DA:28,1
LF:16
LH:15
BRDA:1,0,0,1
BRDA:1,0,1,0
BRDA:1,0,2,1
BRDA:2,1,0,1
BRDA:2,1,1,0
BRDA:2,2,0,0
BRDA:2,2,1,0
BRDA:3,3,0,0
BRDA:3,3,1,1
BRDA:3,4,0,1
BRDA:3,4,1,1
BRDA:4,5,0,2
BRDA:4,5,1,0
BRDA:4,6,0,2
BRDA:4,6,1,1
BRDA:4,7,0,2
BRDA:4,7,1,0
BRDA:4,8,0,0
BRDA:4,8,1,0
BRDA:5,9,0,1
BRDA:5,9,1,0
BRDA:5,9,2,0
BRDA:7,10,0,1
BRDA:7,10,1,0
BRDA:7,10,2,1
BRDA:8,11,0,1
BRDA:8,11,1,0
BRDA:8,12,0,1
BRDA:8,12,1,1
BRDA:10,13,0,1
BRDA:10,13,1,0
BRDA:10,13,2,1
BRDA:11,14,0,2
BRDA:11,14,1,0
BRDA:11,15,0,2
BRDA:11,15,1,2
BRDA:20,16,0,0
BRDA:20,16,1,0
BRF:38
BRH:21
end_of_record
TN:
SF:D:\datafort\dev\cybersmily_datafort\src\app\app-character-generator\app-character-armor\app-character-armor.component.ts
FN:1,(anonymous_0)
FN:7,(anonymous_1)
FN:10,(anonymous_2)
FN:19,(anonymous_3)
FN:33,(anonymous_4)
FN:35,(anonymous_5)
FN:38,(anonymous_6)
FN:41,(anonymous_7)
FN:44,(anonymous_8)
FN:47,(anonymous_9)
FN:54,(anonymous_10)
FN:58,(anonymous_11)
FN:68,(anonymous_12)
FN:73,(anonymous_13)
FNF:14
FNH:6
FNDA:3,(anonymous_0)
FNDA:3,(anonymous_1)
FNDA:2,(anonymous_2)
FNDA:2,(anonymous_3)
FNDA:2,(anonymous_4)
FNDA:0,(anonymous_5)
FNDA:0,(anonymous_6)
FNDA:0,(anonymous_7)
FNDA:0,(anonymous_8)
FNDA:0,(anonymous_9)
FNDA:0,(anonymous_10)
FNDA:0,(anonymous_11)
FNDA:0,(anonymous_12)
FNDA:2,(anonymous_13)
DA:1,1
DA:2,3
DA:3,3
DA:4,6
DA:5,3
DA:7,1
DA:8,3
DA:10,1
DA:11,2
DA:18,1
DA:20,2
DA:21,2
DA:22,2
DA:23,2
DA:27,2
DA:28,2
DA:29,2
DA:30,2
DA:31,2
DA:36,0
DA:39,0
DA:42,0
DA:45,0
DA:48,0
DA:49,0
DA:50,0
DA:51,0
DA:55,0
DA:56,0
DA:59,0
DA:60,0
DA:61,0
DA:64,0
DA:66,0
DA:69,0
DA:70,0
DA:73,2
DA:76,1
DA:80,1
DA:84,1
LF:40
LH:23
BRDA:1,0,0,1
BRDA:1,0,1,0
BRDA:1,0,2,1
BRDA:2,1,0,1
BRDA:2,1,1,2
BRDA:2,2,0,0
BRDA:2,2,1,2
BRDA:3,3,0,0
BRDA:3,3,1,3
BRDA:3,4,0,3
BRDA:3,4,1,3
BRDA:4,5,0,6
BRDA:4,5,1,0
BRDA:4,6,0,6
BRDA:4,6,1,5
BRDA:4,7,0,2
BRDA:4,7,1,4
BRDA:4,8,0,4
BRDA:4,8,1,0
BRDA:5,9,0,3
BRDA:5,9,1,2
BRDA:5,9,2,0
BRDA:7,10,0,1
BRDA:7,10,1,0
BRDA:7,10,2,1
BRDA:8,11,0,3
BRDA:8,11,1,0
BRDA:8,12,0,3
BRDA:8,12,1,3
BRDA:10,13,0,1
BRDA:10,13,1,0
BRDA:10,13,2,1
BRDA:11,14,0,2
BRDA:11,14,1,0
BRDA:11,15,0,2
BRDA:11,15,1,2
BRDA:48,16,0,0
BRDA:48,16,1,0
BRDA:60,17,0,0
BRDA:60,17,1,0
BRF:40
BRH:26
end_of_record
TN:
SF:D:\datafort\dev\cybersmily_datafort\src\app\app-character-generator\app-character-cyberware\app-character-cyberware.component.ts
FN:1,(anonymous_0)
FN:7,(anonymous_1)
FN:10,(anonymous_2)
FN:17,(anonymous_3)
FN:22,(anonymous_4)
FN:24,(anonymous_5)
FN:29,(anonymous_6)
FNF:7
FNH:6
FNDA:3,(anonymous_0)
FNDA:3,(anonymous_1)
FNDA:2,(anonymous_2)
FNDA:3,(anonymous_3)
FNDA:3,(anonymous_4)
FNDA:0,(anonymous_5)
FNDA:2,(anonymous_6)
DA:1,1
DA:2,3
DA:3,3
DA:4,6
DA:5,3
DA:7,1
DA:8,3
DA:10,1
DA:11,2
DA:16,1
DA:18,3
DA:19,3
DA:20,3
DA:25,0
DA:29,2
DA:32,1
DA:36,1
DA:40,1
LF:18
LH:17
BRDA:1,0,0,1
BRDA:1,0,1,0
BRDA:1,0,2,1
BRDA:2,1,0,1
BRDA:2,1,1,2
BRDA:2,2,0,0
BRDA:2,2,1,2
BRDA:3,3,0,0
BRDA:3,3,1,3
BRDA:3,4,0,3
BRDA:3,4,1,3
BRDA:4,5,0,6
BRDA:4,5,1,0
BRDA:4,6,0,6
BRDA:4,6,1,5
BRDA:4,7,0,2
BRDA:4,7,1,4
BRDA:4,8,0,4
BRDA:4,8,1,0
BRDA:5,9,0,3
BRDA:5,9,1,2
BRDA:5,9,2,0
BRDA:7,10,0,1
BRDA:7,10,1,0
BRDA:7,10,2,1
BRDA:8,11,0,3
BRDA:8,11,1,0
BRDA:8,12,0,3
BRDA:8,12,1,3
BRDA:10,13,0,1
BRDA:10,13,1,0
BRDA:10,13,2,1
BRDA:11,14,0,2
BRDA:11,14,1,0
BRDA:11,15,0,2
BRDA:11,15,1,2
BRF:36
BRH:26
end_of_record
TN:
SF:D:\datafort\dev\cybersmily_datafort\src\app\app-character-generator\app-character-gear\app-character-gear.component.ts
FN:1,(anonymous_0)
FN:7,(anonymous_1)
FN:10,(anonymous_2)
FN:16,(anonymous_3)
FN:20,(anonymous_4)
FN:22,(anonymous_5)
FNF:6
FNH:5
FNDA:3,(anonymous_0)
FNDA:3,(anonymous_1)
FNDA:2,(anonymous_2)
FNDA:2,(anonymous_3)
FNDA:2,(anonymous_4)
FNDA:0,(anonymous_5)
DA:1,1
DA:2,3
DA:3,3
DA:4,6
DA:5,3
DA:7,1
DA:8,3
DA:10,1
DA:11,2
DA:15,1
DA:17,2
DA:18,2
DA:23,0
DA:26,1
DA:30,1
DA:34,1
LF:16
LH:15
BRDA:1,0,0,1
BRDA:1,0,1,0
BRDA:1,0,2,1
BRDA:2,1,0,1
BRDA:2,1,1,2
BRDA:2,2,0,0
BRDA:2,2,1,2
BRDA:3,3,0,0
BRDA:3,3,1,3
BRDA:3,4,0,3
BRDA:3,4,1,3
BRDA:4,5,0,6
BRDA:4,5,1,0
BRDA:4,6,0,6
BRDA:4,6,1,5
BRDA:4,7,0,2
BRDA:4,7,1,4
BRDA:4,8,0,4
BRDA:4,8,1,0
BRDA:5,9,0,3
BRDA:5,9,1,2
BRDA:5,9,2,0
BRDA:7,10,0,1
BRDA:7,10,1,0
BRDA:7,10,2,1
BRDA:8,11,0,3
BRDA:8,11,1,0
BRDA:8,12,0,3
BRDA:8,12,1,3
BRDA:10,13,0,1
BRDA:10,13,1,0
BRDA:10,13,2,1
BRDA:11,14,0,2
BRDA:11,14,1,0
BRDA:11,15,0,2
BRDA:11,15,1,2
BRF:36
BRH:26
end_of_record
TN:
SF:D:\datafort\dev\cybersmily_datafort\src\app\app-character-generator\app-character-generator-form\app-character-generator-form.component.ts
FN:1,(anonymous_0)
FN:7,(anonymous_1)
FN:10,(anonymous_2)
FN:21,(anonymous_3)
FN:28,(anonymous_4)
FN:30,(anonymous_5)
FN:34,(anonymous_6)
FN:37,(anonymous_7)
FN:40,(anonymous_8)
FN:43,(anonymous_9)
FN:46,(anonymous_10)
FN:49,(anonymous_11)
FN:52,(anonymous_12)
FN:55,(anonymous_13)
FN:58,(anonymous_14)
FN:61,(anonymous_15)
FN:62,(anonymous_16)
FN:65,(anonymous_17)
FN:73,(anonymous_18)
FN:76,(anonymous_19)
FN:87,(anonymous_20)
FN:90,(anonymous_21)
FN:93,(anonymous_22)
FNF:23
FNH:7
FNDA:2,(anonymous_0)
FNDA:2,(anonymous_1)
FNDA:2,(anonymous_2)
FNDA:1,(anonymous_3)
FNDA:1,(anonymous_4)
FNDA:1,(anonymous_5)
FNDA:0,(anonymous_6)
FNDA:0,(anonymous_7)
FNDA:0,(anonymous_8)
FNDA:0,(anonymous_9)
FNDA:0,(anonymous_10)
FNDA:0,(anonymous_11)
FNDA:0,(anonymous_12)
FNDA:0,(anonymous_13)
FNDA:0,(anonymous_14)
FNDA:0,(anonymous_15)
FNDA:0,(anonymous_16)
FNDA:0,(anonymous_17)
FNDA:0,(anonymous_18)
FNDA:0,(anonymous_19)
FNDA:0,(anonymous_20)
FNDA:0,(anonymous_21)
FNDA:2,(anonymous_22)
DA:1,1
DA:2,2
DA:3,2
DA:4,4
DA:5,2
DA:7,1
DA:8,2
DA:10,1
DA:11,2
DA:20,1
DA:22,1
DA:23,1
DA:24,1
DA:25,1
DA:26,1
DA:29,1
DA:30,1
DA:31,1
DA:35,0
DA:38,0
DA:41,0
DA:44,0
DA:47,0
DA:50,0
DA:53,0
DA:56,0
DA:59,0
DA:63,0
DA:66,0
DA:74,0
DA:77,0
DA:78,0
DA:88,0
DA:90,0
DA:93,2
DA:99,1
DA:103,1
LF:37
LH:21
BRDA:1,0,0,1
BRDA:1,0,1,0
BRDA:1,0,2,1
BRDA:2,1,0,1
BRDA:2,1,1,1
BRDA:2,2,0,0
BRDA:2,2,1,1
BRDA:3,3,0,0
BRDA:3,3,1,2
BRDA:3,4,0,2
BRDA:3,4,1,2
BRDA:4,5,0,4
BRDA:4,5,1,0
BRDA:4,6,0,4
BRDA:4,6,1,3
BRDA:4,7,0,2
BRDA:4,7,1,2
BRDA:4,8,0,2
BRDA:4,8,1,0
BRDA:5,9,0,2
BRDA:5,9,1,1
BRDA:5,9,2,0
BRDA:7,10,0,1
BRDA:7,10,1,0
BRDA:7,10,2,1
BRDA:8,11,0,2
BRDA:8,11,1,0
BRDA:8,12,0,2
BRDA:8,12,1,2
BRDA:10,13,0,1
BRDA:10,13,1,0
BRDA:10,13,2,1
BRDA:11,14,0,2
BRDA:11,14,1,0
BRDA:11,15,0,2
BRDA:11,15,1,2
BRF:36
BRH:26
end_of_record
TN:
SF:D:\datafort\dev\cybersmily_datafort\src\app\app-character-generator\app-character-handle\app-character-handle.component.ts
FN:1,(anonymous_0)
FN:7,(anonymous_1)
FN:10,(anonymous_2)
FN:15,(anonymous_3)
FN:18,(anonymous_4)
FN:20,(anonymous_5)
FNF:6
FNH:5
FNDA:3,(anonymous_0)
FNDA:3,(anonymous_1)
FNDA:2,(anonymous_2)
FNDA:2,(anonymous_3)
FNDA:2,(anonymous_4)
FNDA:0,(anonymous_5)
DA:1,1
DA:2,3
DA:3,3
DA:4,6
DA:5,3
DA:7,1
DA:8,3
DA:10,1
DA:11,2
DA:14,1
DA:16,2
DA:21,0
DA:24,1
DA:28,1
DA:32,1
LF:15
LH:14
BRDA:1,0,0,1
BRDA:1,0,1,0
BRDA:1,0,2,1
BRDA:2,1,0,1
BRDA:2,1,1,2
BRDA:2,2,0,0
BRDA:2,2,1,2
BRDA:3,3,0,0
BRDA:3,3,1,3
BRDA:3,4,0,3
BRDA:3,4,1,3
BRDA:4,5,0,6
BRDA:4,5,1,0
BRDA:4,6,0,6
BRDA:4,6,1,5
BRDA:4,7,0,2
BRDA:4,7,1,4
BRDA:4,8,0,4
BRDA:4,8,1,0
BRDA:5,9,0,3
BRDA:5,9,1,2
BRDA:5,9,2,0
BRDA:7,10,0,1
BRDA:7,10,1,0
BRDA:7,10,2,1
BRDA:8,11,0,3
BRDA:8,11,1,0
BRDA:8,12,0,3
BRDA:8,12,1,3
BRDA:10,13,0,1
BRDA:10,13,1,0
BRDA:10,13,2,1
BRDA:11,14,0,2
BRDA:11,14,1,0
BRDA:11,15,0,2
BRDA:11,15,1,2
BRF:36
BRH:26
end_of_record
TN:
SF:D:\datafort\dev\cybersmily_datafort\src\app\app-character-generator\app-character-image\app-character-image.component.ts
FN:1,(anonymous_0)
FN:7,(anonymous_1)
FN:10,(anonymous_2)
FN:15,(anonymous_3)
FN:19,(anonymous_4)
FN:21,(anonymous_5)
FN:24,(anonymous_6)
FNF:7
FNH:6
FNDA:3,(anonymous_0)
FNDA:3,(anonymous_1)
FNDA:2,(anonymous_2)
FNDA:2,(anonymous_3)
FNDA:2,(anonymous_4)
FNDA:4,(anonymous_5)
FNDA:0,(anonymous_6)
DA:1,1
DA:2,3
DA:3,3
DA:4,6
DA:5,3
DA:7,1
DA:8,3
DA:10,1
DA:11,2
DA:14,1
DA:16,2
DA:17,2
DA:22,4
DA:25,0
DA:26,0
DA:27,0
DA:30,0
DA:32,0
DA:36,1
DA:40,1
DA:44,1
LF:21
LH:16
BRDA:1,0,0,1
BRDA:1,0,1,0
BRDA:1,0,2,1
BRDA:2,1,0,1
BRDA:2,1,1,2
BRDA:2,2,0,0
BRDA:2,2,1,2
BRDA:3,3,0,0
BRDA:3,3,1,3
BRDA:3,4,0,3
BRDA:3,4,1,3
BRDA:4,5,0,6
BRDA:4,5,1,0
BRDA:4,6,0,6
BRDA:4,6,1,5
BRDA:4,7,0,2
BRDA:4,7,1,4
BRDA:4,8,0,4
BRDA:4,8,1,0
BRDA:5,9,0,3
BRDA:5,9,1,2
BRDA:5,9,2,0
BRDA:7,10,0,1
BRDA:7,10,1,0
BRDA:7,10,2,1
BRDA:8,11,0,3
BRDA:8,11,1,0
BRDA:8,12,0,3
BRDA:8,12,1,3
BRDA:10,13,0,1
BRDA:10,13,1,0
BRDA:10,13,2,1
BRDA:11,14,0,2
BRDA:11,14,1,0
BRDA:11,15,0,2
BRDA:11,15,1,2
BRDA:26,16,0,0
BRDA:26,16,1,0
BRF:38
BRH:26
end_of_record
TN:
SF:D:\datafort\dev\cybersmily_datafort\src\app\app-character-generator\app-character-lifepath\app-character-lifepath.component.ts
FN:1,(anonymous_0)
FN:7,(anonymous_1)
FN:10,(anonymous_2)
FN:20,(anonymous_3)
FN:34,(anonymous_4)
FN:39,(anonymous_5)
FN:43,(anonymous_6)
FN:47,(anonymous_7)
FN:49,(anonymous_8)
FN:52,(anonymous_9)
FN:59,(anonymous_10)
FN:63,(anonymous_11)
FN:69,(anonymous_12)
FN:75,(anonymous_13)
FNF:14
FNH:8
FNDA:3,(anonymous_0)
FNDA:3,(anonymous_1)
FNDA:2,(anonymous_2)
FNDA:2,(anonymous_3)
FNDA:2,(anonymous_4)
FNDA:2,(anonymous_5)
FNDA:1,(anonymous_6)
FNDA:0,(anonymous_7)
FNDA:0,(anonymous_8)
FNDA:0,(anonymous_9)
FNDA:0,(anonymous_10)
FNDA:0,(anonymous_11)
FNDA:0,(anonymous_12)
FNDA:2,(anonymous_13)
DA:1,1
DA:2,3
DA:3,3
DA:4,6
DA:5,3
DA:7,1
DA:8,3
DA:10,1
DA:11,2
DA:19,1
DA:21,2
DA:22,2
DA:23,2
DA:24,2
DA:25,2
DA:26,2
DA:27,2
DA:28,2
DA:29,2
DA:30,2
DA:31,2
DA:32,2
DA:35,2
DA:36,2
DA:37,2
DA:40,2
DA:44,1
DA:45,1
DA:50,0
DA:53,0
DA:54,0
DA:55,0
DA:56,0
DA:57,0
DA:60,0
DA:61,0
DA:64,0
DA:65,0
DA:66,0
DA:70,0
DA:71,0
DA:75,2
DA:79,1
DA:83,1
DA:87,1
LF:45
LH:32
BRDA:1,0,0,1
BRDA:1,0,1,0
BRDA:1,0,2,1
BRDA:2,1,0,1
BRDA:2,1,1,2
BRDA:2,2,0,0
BRDA:2,2,1,2
BRDA:3,3,0,0
BRDA:3,3,1,3
BRDA:3,4,0,3
BRDA:3,4,1,3
BRDA:4,5,0,6
BRDA:4,5,1,0
BRDA:4,6,0,6
BRDA:4,6,1,5
BRDA:4,7,0,2
BRDA:4,7,1,4
BRDA:4,8,0,4
BRDA:4,8,1,0
BRDA:5,9,0,3
BRDA:5,9,1,2
BRDA:5,9,2,0
BRDA:7,10,0,1
BRDA:7,10,1,0
BRDA:7,10,2,1
BRDA:8,11,0,3
BRDA:8,11,1,0
BRDA:8,12,0,3
BRDA:8,12,1,3
BRDA:10,13,0,1
BRDA:10,13,1,0
BRDA:10,13,2,1
BRDA:11,14,0,2
BRDA:11,14,1,0
BRDA:11,15,0,2
BRDA:11,15,1,2
BRDA:70,16,0,0
BRDA:70,16,1,0
BRF:38
BRH:26
end_of_record
TN:
SF:D:\datafort\dev\cybersmily_datafort\src\app\app-character-generator\app-character-role\app-character-role.component.ts
FN:1,(anonymous_0)
FN:7,(anonymous_1)
FN:10,(anonymous_2)
FN:18,(anonymous_3)
FN:25,(anonymous_4)
FN:26,(anonymous_5)
FN:28,(anonymous_6)
FN:29,(anonymous_7)
FN:31,(anonymous_8)
FN:41,(anonymous_9)
FN:43,(anonymous_10)
FN:55,(anonymous_11)
FN:61,(anonymous_12)
FN:62,(anonymous_13)
FN:65,(anonymous_14)
FN:80,(anonymous_15)
FN:84,(anonymous_16)
FNF:17
FNH:13
FNDA:3,(anonymous_0)
FNDA:3,(anonymous_1)
FNDA:2,(anonymous_2)
FNDA:2,(anonymous_3)
FNDA:2,(anonymous_4)
FNDA:2,(anonymous_5)
FNDA:196,(anonymous_6)
FNDA:1780,(anonymous_7)
FNDA:372,(anonymous_8)
FNDA:42,(anonymous_9)
FNDA:0,(anonymous_10)
FNDA:196,(anonymous_11)
FNDA:1,(anonymous_12)
FNDA:0,(anonymous_13)
FNDA:0,(anonymous_14)
FNDA:0,(anonymous_15)
FNDA:2,(anonymous_16)
DA:1,1
DA:2,3
DA:3,3
DA:4,6
DA:5,3
DA:7,1
DA:8,3
DA:10,1
DA:11,2
DA:17,1
DA:19,2
DA:20,2
DA:21,2
DA:22,2
DA:23,2
DA:26,2
DA:28,2
DA:29,196
DA:30,1780
DA:31,148
DA:32,372
DA:36,1632
DA:38,1780
DA:40,196
DA:41,4
DA:42,42
DA:43,0
DA:44,0
DA:48,42
DA:50,42
DA:53,196
DA:55,196
DA:56,2
DA:58,2
DA:62,1
DA:63,1
DA:66,0
DA:67,0
DA:68,0
DA:69,0
DA:71,0
DA:72,0
DA:73,0
DA:74,0
DA:75,0
DA:76,0
DA:77,0
DA:78,0
DA:81,0
DA:84,2
DA:87,1
DA:91,1
DA:95,1
LF:53
LH:38
BRDA:1,0,0,1
BRDA:1,0,1,0
BRDA:1,0,2,1
BRDA:2,1,0,1
BRDA:2,1,1,2
BRDA:2,2,0,0
BRDA:2,2,1,2
BRDA:3,3,0,0
BRDA:3,3,1,3
BRDA:3,4,0,3
BRDA:3,4,1,3
BRDA:4,5,0,6
BRDA:4,5,1,0
BRDA:4,6,0,6
BRDA:4,6,1,5
BRDA:4,7,0,2
BRDA:4,7,1,4
BRDA:4,8,0,4
BRDA:4,8,1,0
BRDA:5,9,0,3
BRDA:5,9,1,2
BRDA:5,9,2,0
BRDA:7,10,0,1
BRDA:7,10,1,0
BRDA:7,10,2,1
BRDA:8,11,0,3
BRDA:8,11,1,0
BRDA:8,12,0,3
BRDA:8,12,1,3
BRDA:10,13,0,1
BRDA:10,13,1,0
BRDA:10,13,2,1
BRDA:11,14,0,2
BRDA:11,14,1,0
BRDA:11,15,0,2
BRDA:11,15,1,2
BRDA:30,16,0,148
BRDA:30,16,1,1632
BRDA:32,17,0,2
BRDA:32,17,1,370
BRDA:36,18,0,212
BRDA:36,18,1,1420
BRDA:40,19,0,4
BRDA:40,19,1,192
BRDA:42,20,0,0
BRDA:42,20,1,42
BRDA:44,21,0,0
BRDA:44,21,1,0
BRDA:48,22,0,0
BRDA:48,22,1,42
BRDA:68,23,0,0
BRDA:68,23,1,0
BRF:52
BRH:36
end_of_record
TN:
SF:D:\datafort\dev\cybersmily_datafort\src\app\app-character-generator\app-character-save-wounds\app-character-save-wounds.component.ts
FN:1,(anonymous_0)
FN:7,(anonymous_1)
FN:10,(anonymous_2)
FN:19,(anonymous_3)
FN:29,(anonymous_4)
FN:31,(anonymous_5)
FN:34,(anonymous_6)
FN:54,(anonymous_7)
FNF:8
FNH:6
FNDA:2,(anonymous_0)
FNDA:2,(anonymous_1)
FNDA:2,(anonymous_2)
FNDA:2,(anonymous_3)
FNDA:2,(anonymous_4)
FNDA:0,(anonymous_5)
FNDA:0,(anonymous_6)
FNDA:2,(anonymous_7)
DA:1,1
DA:2,2
DA:3,2
DA:4,4
DA:5,2
DA:7,1
DA:8,2
DA:10,1
DA:11,2
DA:18,1
DA:20,2
DA:21,2
DA:22,2
DA:23,2
DA:24,2
DA:25,2
DA:26,2
DA:27,2
DA:32,0
DA:35,0
DA:36,0
DA:37,0
DA:38,0
DA:39,0
DA:40,0
DA:43,0
DA:45,0
DA:46,0
DA:49,0
DA:51,0
DA:54,2
DA:58,1
DA:62,1
LF:33
LH:21
BRDA:1,0,0,1
BRDA:1,0,1,0
BRDA:1,0,2,1
BRDA:2,1,0,1
BRDA:2,1,1,1
BRDA:2,2,0,0
BRDA:2,2,1,1
BRDA:3,3,0,0
BRDA:3,3,1,2
BRDA:3,4,0,2
BRDA:3,4,1,2
BRDA:4,5,0,4
BRDA:4,5,1,0
BRDA:4,6,0,4
BRDA:4,6,1,3
BRDA:4,7,0,2
BRDA:4,7,1,2
BRDA:4,8,0,2
BRDA:4,8,1,0
BRDA:5,9,0,2
BRDA:5,9,1,1
BRDA:5,9,2,0
BRDA:7,10,0,1
BRDA:7,10,1,0
BRDA:7,10,2,1
BRDA:8,11,0,2
BRDA:8,11,1,0
BRDA:8,12,0,2
BRDA:8,12,1,2
BRDA:10,13,0,1
BRDA:10,13,1,0
BRDA:10,13,2,1
BRDA:11,14,0,2
BRDA:11,14,1,0
BRDA:11,15,0,2
BRDA:11,15,1,2
BRDA:39,16,0,0
BRDA:39,16,1,0
BRDA:45,17,0,0
BRDA:45,17,1,0
BRF:40
BRH:26
end_of_record
TN:
SF:D:\datafort\dev\cybersmily_datafort\src\app\app-character-generator\app-character-skill\app-character-skill.component.ts
FN:1,(anonymous_0)
FN:7,(anonymous_1)
FN:10,(anonymous_2)
FN:21,(anonymous_3)
FN:33,(anonymous_4)
FN:37,(anonymous_5)
FN:40,(anonymous_6)
FN:59,(anonymous_7)
FNF:8
FNH:6
FNDA:5,(anonymous_0)
FNDA:5,(anonymous_1)
FNDA:2,(anonymous_2)
FNDA:211,(anonymous_3)
FNDA:211,(anonymous_4)
FNDA:0,(anonymous_5)
FNDA:0,(anonymous_6)
FNDA:2,(anonymous_7)
DA:1,1
DA:2,5
DA:3,5
DA:4,10
DA:5,5
DA:7,1
DA:8,5
DA:10,1
DA:11,2
DA:20,1
DA:22,211
DA:23,211
DA:24,211
DA:25,211
DA:26,211
DA:27,211
DA:28,211
DA:29,211
DA:30,211
DA:31,211
DA:34,211
DA:38,0
DA:41,0
DA:42,0
DA:43,0
DA:44,0
DA:45,0
DA:46,0
DA:48,0
DA:49,0
DA:50,0
DA:52,0
DA:53,0
DA:55,0
DA:56,0
DA:59,2
DA:63,1
DA:67,1
DA:71,1
DA:75,1
DA:79,1
LF:41
LH:27
BRDA:1,0,0,1
BRDA:1,0,1,0
BRDA:1,0,2,1
BRDA:2,1,0,1
BRDA:2,1,1,4
BRDA:2,2,0,0
BRDA:2,2,1,4
BRDA:3,3,0,0
BRDA:3,3,1,5
BRDA:3,4,0,5
BRDA:3,4,1,5
BRDA:4,5,0,10
BRDA:4,5,1,0
BRDA:4,6,0,10
BRDA:4,6,1,9
BRDA:4,7,0,2
BRDA:4,7,1,8
BRDA:4,8,0,8
BRDA:4,8,1,0
BRDA:5,9,0,5
BRDA:5,9,1,4
BRDA:5,9,2,0
BRDA:7,10,0,1
BRDA:7,10,1,0
BRDA:7,10,2,1
BRDA:8,11,0,5
BRDA:8,11,1,0
BRDA:8,12,0,5
BRDA:8,12,1,5
BRDA:10,13,0,1
BRDA:10,13,1,0
BRDA:10,13,2,1
BRDA:11,14,0,2
BRDA:11,14,1,0
BRDA:11,15,0,2
BRDA:11,15,1,2
BRDA:34,16,0,0
BRDA:34,16,1,211
BRDA:48,17,0,0
BRDA:48,17,1,0
BRDA:52,18,0,0
BRDA:52,18,1,0
BRDA:55,19,0,0
BRDA:55,19,1,0
BRF:44
BRH:27
end_of_record
TN:
SF:D:\datafort\dev\cybersmily_datafort\src\app\app-character-generator\app-character-skills\app-character-skills.component.ts
FN:1,(anonymous_0)
FN:7,(anonymous_1)
FN:10,(anonymous_2)
FN:20,(anonymous_3)
FN:31,(anonymous_4)
FN:33,(anonymous_5)
FN:36,(anonymous_6)
FNF:7
FNH:5
FNDA:8,(anonymous_0)
FNDA:8,(anonymous_1)
FNDA:2,(anonymous_2)
FNDA:2,(anonymous_3)
FNDA:2,(anonymous_4)
FNDA:0,(anonymous_5)
FNDA:0,(anonymous_6)
DA:1,1
DA:2,8
DA:3,8
DA:4,16
DA:5,8
DA:7,1
DA:8,8
DA:10,1
DA:11,2
DA:19,1
DA:21,2
DA:22,2
DA:23,2
DA:24,2
DA:25,2
DA:26,2
DA:27,2
DA:28,2
DA:29,2
DA:34,0
DA:37,0
DA:40,1
DA:44,1
DA:48,1
DA:52,1
DA:56,1
DA:60,1
DA:64,1
DA:68,1
LF:29
LH:27
BRDA:1,0,0,1
BRDA:1,0,1,0
BRDA:1,0,2,1
BRDA:2,1,0,1
BRDA:2,1,1,7
BRDA:2,2,0,0
BRDA:2,2,1,7
BRDA:3,3,0,0
BRDA:3,3,1,8
BRDA:3,4,0,8
BRDA:3,4,1,8
BRDA:4,5,0,16
BRDA:4,5,1,0
BRDA:4,6,0,16
BRDA:4,6,1,15
BRDA:4,7,0,2
BRDA:4,7,1,14
BRDA:4,8,0,14
BRDA:4,8,1,0
BRDA:5,9,0,8
BRDA:5,9,1,7
BRDA:5,9,2,0
BRDA:7,10,0,1
BRDA:7,10,1,0
BRDA:7,10,2,1
BRDA:8,11,0,8
BRDA:8,11,1,0
BRDA:8,12,0,8
BRDA:8,12,1,8
BRDA:10,13,0,1
BRDA:10,13,1,0
BRDA:10,13,2,1
BRDA:11,14,0,2
BRDA:11,14,1,0
BRDA:11,15,0,2
BRDA:11,15,1,2
BRF:36
BRH:26
end_of_record
TN:
SF:D:\datafort\dev\cybersmily_datafort\src\app\app-character-generator\app-character-stats\app-character-stats.component.ts
FN:1,(anonymous_0)
FN:7,(anonymous_1)
FN:10,(anonymous_2)
FN:18,(anonymous_3)
FN:25,(anonymous_4)
FN:27,(anonymous_5)
FN:35,(anonymous_6)
FN:46,(anonymous_7)
FN:50,(anonymous_8)
FNF:9
FNH:6
FNDA:3,(anonymous_0)
FNDA:3,(anonymous_1)
FNDA:2,(anonymous_2)
FNDA:2,(anonymous_3)
FNDA:2,(anonymous_4)
FNDA:0,(anonymous_5)
FNDA:0,(anonymous_6)
FNDA:0,(anonymous_7)
FNDA:2,(anonymous_8)
DA:1,1
DA:2,3
DA:3,3
DA:4,6
DA:5,3
DA:7,1
DA:8,3
DA:10,1
DA:11,2
DA:17,1
DA:19,2
DA:20,2
DA:21,2
DA:22,2
DA:23,2
DA:28,0
DA:36,0
DA:37,0
DA:38,0
DA:39,0
DA:40,0
DA:41,0
DA:43,0
DA:44,0
DA:47,0
DA:50,2
DA:53,1
DA:57,1
DA:61,1
LF:29
LH:19
BRDA:1,0,0,1
BRDA:1,0,1,0
BRDA:1,0,2,1
BRDA:2,1,0,1
BRDA:2,1,1,2
BRDA:2,2,0,0
BRDA:2,2,1,2
BRDA:3,3,0,0
BRDA:3,3,1,3
BRDA:3,4,0,3
BRDA:3,4,1,3
BRDA:4,5,0,6
BRDA:4,5,1,0
BRDA:4,6,0,6
BRDA:4,6,1,5
BRDA:4,7,0,2
BRDA:4,7,1,4
BRDA:4,8,0,4
BRDA:4,8,1,0
BRDA:5,9,0,3
BRDA:5,9,1,2
BRDA:5,9,2,0
BRDA:7,10,0,1
BRDA:7,10,1,0
BRDA:7,10,2,1
BRDA:8,11,0,3
BRDA:8,11,1,0
BRDA:8,12,0,3
BRDA:8,12,1,3
BRDA:10,13,0,1
BRDA:10,13,1,0
BRDA:10,13,2,1
BRDA:11,14,0,2
BRDA:11,14,1,0
BRDA:11,15,0,2
BRDA:11,15,1,2
BRF:36
BRH:26
end_of_record
TN:
SF:D:\datafort\dev\cybersmily_datafort\src\app\app-character-generator\app-character-wound-level\app-character-wound-level.component.ts
FN:1,(anonymous_0)
FN:7,(anonymous_1)
FN:10,(anonymous_2)
FN:15,(anonymous_3)
FN:22,(anonymous_4)
FN:24,(anonymous_5)
FN:34,(anonymous_6)
FN:37,(anonymous_7)
FNF:8
FNH:6
FNDA:5,(anonymous_0)
FNDA:5,(anonymous_1)
FNDA:2,(anonymous_2)
FNDA:21,(anonymous_3)
FNDA:21,(anonymous_4)
FNDA:20,(anonymous_5)
FNDA:0,(anonymous_6)
FNDA:0,(anonymous_7)
DA:1,1
DA:2,5
DA:3,5
DA:4,10
DA:5,5
DA:7,1
DA:8,5
DA:10,1
DA:11,2
DA:14,1
DA:16,21
DA:17,21
DA:18,21
DA:19,21
DA:20,21
DA:25,20
DA:26,20
DA:27,0
DA:28,0
DA:31,20
DA:35,0
DA:36,0
DA:37,0
DA:38,0
DA:41,1
DA:45,1
DA:49,1
DA:53,1
DA:57,1
LF:29
LH:23
BRDA:1,0,0,1
BRDA:1,0,1,0
BRDA:1,0,2,1
BRDA:2,1,0,1
BRDA:2,1,1,4
BRDA:2,2,0,0
BRDA:2,2,1,4
BRDA:3,3,0,0
BRDA:3,3,1,5
BRDA:3,4,0,5
BRDA:3,4,1,5
BRDA:4,5,0,10
BRDA:4,5,1,0
BRDA:4,6,0,10
BRDA:4,6,1,9
BRDA:4,7,0,2
BRDA:4,7,1,8
BRDA:4,8,0,8
BRDA:4,8,1,0
BRDA:5,9,0,5
BRDA:5,9,1,4
BRDA:5,9,2,0
BRDA:7,10,0,1
BRDA:7,10,1,0
BRDA:7,10,2,1
BRDA:8,11,0,5
BRDA:8,11,1,0
BRDA:8,12,0,5
BRDA:8,12,1,5
BRDA:10,13,0,1
BRDA:10,13,1,0
BRDA:10,13,2,1
BRDA:11,14,0,2
BRDA:11,14,1,0
BRDA:11,15,0,2
BRDA:11,15,1,2
BRDA:25,16,0,0
BRDA:25,16,1,20
BRDA:26,17,0,0
BRDA:26,17,1,20
BRF:40
BRH:28
end_of_record
TN:
SF:D:\datafort\dev\cybersmily_datafort\src\app\app-cmbt-track\cmbt-trck-armor\cmbt-trck-armor.component.ts
FN:1,(anonymous_0)
FN:7,(anonymous_1)
FN:10,(anonymous_2)
FN:18,(anonymous_3)
FN:27,(anonymous_4)
FN:29,(anonymous_5)
FN:34,(anonymous_6)
FN:39,(anonymous_7)
FN:44,(anonymous_8)
FN:47,(anonymous_9)
FN:49,(anonymous_10)
FN:60,(anonymous_11)
FNF:12
FNH:6
FNDA:3,(anonymous_0)
FNDA:3,(anonymous_1)
FNDA:2,(anonymous_2)
FNDA:4,(anonymous_3)
FNDA:4,(anonymous_4)
FNDA:0,(anonymous_5)
FNDA:0,(anonymous_6)
FNDA:0,(anonymous_7)
FNDA:0,(anonymous_8)
FNDA:0,(anonymous_9)
FNDA:0,(anonymous_10)
FNDA:2,(anonymous_11)
DA:1,1
DA:2,3
DA:3,3
DA:4,6
DA:5,3
DA:7,1
DA:8,3
DA:10,1
DA:11,2
DA:17,1
DA:19,4
DA:20,4
DA:21,4
DA:22,4
DA:23,4
DA:24,4
DA:25,4
DA:30,0
DA:31,0
DA:32,0
DA:35,0
DA:36,0
DA:37,0
DA:40,0
DA:41,0
DA:42,0
DA:45,0
DA:48,0
DA:50,0
DA:51,0
DA:52,0
DA:53,0
DA:54,0
DA:55,0
DA:60,2
DA:63,1
DA:67,1
DA:71,1
LF:38
LH:21
BRDA:1,0,0,1
BRDA:1,0,1,0
BRDA:1,0,2,1
BRDA:2,1,0,1
BRDA:2,1,1,2
BRDA:2,2,0,0
BRDA:2,2,1,2
BRDA:3,3,0,0
BRDA:3,3,1,3
BRDA:3,4,0,3
BRDA:3,4,1,3
BRDA:4,5,0,6
BRDA:4,5,1,0
BRDA:4,6,0,6
BRDA:4,6,1,5
BRDA:4,7,0,2
BRDA:4,7,1,4
BRDA:4,8,0,4
BRDA:4,8,1,0
BRDA:5,9,0,3
BRDA:5,9,1,2
BRDA:5,9,2,0
BRDA:7,10,0,1
BRDA:7,10,1,0
BRDA:7,10,2,1
BRDA:8,11,0,3
BRDA:8,11,1,0
BRDA:8,12,0,3
BRDA:8,12,1,3
BRDA:10,13,0,1
BRDA:10,13,1,0
BRDA:10,13,2,1
BRDA:11,14,0,2
BRDA:11,14,1,0
BRDA:11,15,0,2
BRDA:11,15,1,2
BRDA:50,16,0,0
BRDA:50,16,1,0
BRF:38
BRH:26
end_of_record
TN:
SF:D:\datafort\dev\cybersmily_datafort\src\app\app-cmbt-track\cmbt-trck-form\cmbt-trck-form.component.ts
FN:1,(anonymous_0)
FN:7,(anonymous_1)
FN:10,(anonymous_2)
FN:23,(anonymous_3)
FN:46,(anonymous_4)
FN:47,(anonymous_5)
FN:60,(anonymous_6)
FN:68,(anonymous_7)
FN:76,(anonymous_8)
FN:86,(anonymous_9)
FN:96,(anonymous_10)
FN:99,(anonymous_11)
FN:103,(anonymous_12)
FN:106,(anonymous_13)
FN:109,(anonymous_14)
FN:115,(anonymous_15)
FN:120,(anonymous_16)
FN:123,(anonymous_17)
FN:130,(anonymous_18)
FN:143,(anonymous_19)
FN:147,(anonymous_20)
FN:154,(anonymous_21)
FNF:22
FNH:8
FNDA:1,(anonymous_0)
FNDA:1,(anonymous_1)
FNDA:2,(anonymous_2)
FNDA:2,(anonymous_3)
FNDA:2,(anonymous_4)
FNDA:2,(anonymous_5)
FNDA:0,(anonymous_6)
FNDA:0,(anonymous_7)
FNDA:0,(anonymous_8)
FNDA:0,(anonymous_9)
FNDA:0,(anonymous_10)
FNDA:0,(anonymous_11)
FNDA:0,(anonymous_12)
FNDA:0,(anonymous_13)
FNDA:12,(anonymous_14)
FNDA:0,(anonymous_15)
FNDA:0,(anonymous_16)
FNDA:0,(anonymous_17)
FNDA:0,(anonymous_18)
FNDA:0,(anonymous_19)
FNDA:0,(anonymous_20)
FNDA:2,(anonymous_21)
DA:1,1
DA:2,1
DA:3,1
DA:4,2
DA:5,1
DA:7,1
DA:8,1
DA:10,1
DA:11,2
DA:22,1
DA:24,2
DA:25,2
DA:26,2
DA:27,2
DA:28,2
DA:29,2
DA:30,2
DA:31,2
DA:32,2
DA:42,2
DA:43,2
DA:44,2
DA:47,2
DA:48,2
DA:49,2
DA:50,0
DA:52,2
DA:53,2
DA:56,0
DA:61,0
DA:69,0
DA:77,0
DA:78,0
DA:79,0
DA:87,0
DA:88,0
DA:89,0
DA:97,0
DA:100,0
DA:101,0
DA:104,0
DA:107,0
DA:110,12
DA:111,0
DA:113,12
DA:116,0
DA:117,0
DA:121,0
DA:124,0
DA:125,0
DA:126,0
DA:127,0
DA:128,0
DA:129,0
DA:130,0
DA:131,0
DA:132,0
DA:135,0
DA:140,0
DA:144,0
DA:145,0
DA:146,0
DA:147,0
DA:148,0
DA:149,0
DA:154,2
DA:161,1
LF:67
LH:31
BRDA:1,0,0,1
BRDA:1,0,1,0
BRDA:1,0,2,1
BRDA:2,1,0,1
BRDA:2,1,1,0
BRDA:2,2,0,0
BRDA:2,2,1,0
BRDA:3,3,0,0
BRDA:3,3,1,1
BRDA:3,4,0,1
BRDA:3,4,1,1
BRDA:4,5,0,2
BRDA:4,5,1,0
BRDA:4,6,0,2
BRDA:4,6,1,1
BRDA:4,7,0,2
BRDA:4,7,1,0
BRDA:4,8,0,0
BRDA:4,8,1,0
BRDA:5,9,0,1
BRDA:5,9,1,0
BRDA:5,9,2,0
BRDA:7,10,0,1
BRDA:7,10,1,0
BRDA:7,10,2,1
BRDA:8,11,0,1
BRDA:8,11,1,0
BRDA:8,12,0,1
BRDA:8,12,1,1
BRDA:10,13,0,1
BRDA:10,13,1,0
BRDA:10,13,2,1
BRDA:11,14,0,2
BRDA:11,14,1,0
BRDA:11,15,0,2
BRDA:11,15,1,2
BRDA:49,16,0,0
BRDA:49,16,1,2
BRDA:52,17,0,2
BRDA:52,17,1,0
BRDA:110,18,0,0
BRDA:110,18,1,12
BRDA:116,19,0,0
BRDA:116,19,1,0
BRDA:126,20,0,0
BRDA:126,20,1,0
BRDA:126,21,0,0
BRDA:126,21,1,0
BRDA:131,22,0,0
BRDA:131,22,1,0
BRDA:146,23,0,0
BRDA:146,23,1,0
BRDA:146,24,0,0
BRDA:146,24,1,0
BRDA:146,24,2,0
BRF:55
BRH:24
end_of_record
TN:
SF:D:\datafort\dev\cybersmily_datafort\src\app\app-cmbt-track\cmbt-trck-gear\cmbt-trck-gear.component.ts
FN:1,(anonymous_0)
FN:7,(anonymous_1)
FN:10,(anonymous_2)
FN:16,(anonymous_3)
FN:24,(anonymous_4)
FN:26,(anonymous_5)
FN:31,(anonymous_6)
FNF:7
FNH:5
FNDA:3,(anonymous_0)
FNDA:3,(anonymous_1)
FNDA:2,(anonymous_2)
FNDA:4,(anonymous_3)
FNDA:4,(anonymous_4)
FNDA:0,(anonymous_5)
FNDA:0,(anonymous_6)
DA:1,1
DA:2,3
DA:3,3
DA:4,6
DA:5,3
DA:7,1
DA:8,3
DA:10,1
DA:11,2
DA:15,1
DA:17,4
DA:18,4
DA:19,4
DA:20,4
DA:21,4
DA:22,4
DA:27,0
DA:28,0
DA:29,0
DA:32,0
DA:33,0
DA:36,1
DA:40,1
DA:44,1
LF:24
LH:19
BRDA:1,0,0,1
BRDA:1,0,1,0
BRDA:1,0,2,1
BRDA:2,1,0,1
BRDA:2,1,1,2
BRDA:2,2,0,0
BRDA:2,2,1,2
BRDA:3,3,0,0
BRDA:3,3,1,3
BRDA:3,4,0,3
BRDA:3,4,1,3
BRDA:4,5,0,6
BRDA:4,5,1,0
BRDA:4,6,0,6
BRDA:4,6,1,5
BRDA:4,7,0,2
BRDA:4,7,1,4
BRDA:4,8,0,4
BRDA:4,8,1,0
BRDA:5,9,0,3
BRDA:5,9,1,2
BRDA:5,9,2,0
BRDA:7,10,0,1
BRDA:7,10,1,0
BRDA:7,10,2,1
BRDA:8,11,0,3
BRDA:8,11,1,0
BRDA:8,12,0,3
BRDA:8,12,1,3
BRDA:10,13,0,1
BRDA:10,13,1,0
BRDA:10,13,2,1
BRDA:11,14,0,2
BRDA:11,14,1,0
BRDA:11,15,0,2
BRDA:11,15,1,2
BRF:36
BRH:26
end_of_record
TN:
SF:D:\datafort\dev\cybersmily_datafort\src\app\app-cmbt-track\cmbt-trck-instructions\cmbt-trck-instructions.component.ts
FN:1,(anonymous_0)
FN:7,(anonymous_1)
FN:10,(anonymous_2)
FN:16,(anonymous_3)
FN:31,(anonymous_4)
FNF:5
FNH:5
FNDA:1,(anonymous_0)
FNDA:1,(anonymous_1)
FNDA:2,(anonymous_2)
FNDA:2,(anonymous_3)
FNDA:2,(anonymous_4)
DA:1,1
DA:2,1
DA:3,1
DA:4,2
DA:5,1
DA:7,1
DA:8,1
DA:10,1
DA:11,2
DA:15,1
DA:17,2
DA:18,2
DA:19,2
DA:20,2
DA:21,2
DA:22,2
DA:23,2
DA:24,2
DA:25,2
DA:26,2
DA:27,2
DA:28,2
DA:29,2
DA:34,1
LF:24
LH:24
BRDA:1,0,0,1
BRDA:1,0,1,0
BRDA:1,0,2,1
BRDA:2,1,0,1
BRDA:2,1,1,0
BRDA:2,2,0,0
BRDA:2,2,1,0
BRDA:3,3,0,0
BRDA:3,3,1,1
BRDA:3,4,0,1
BRDA:3,4,1,1
BRDA:4,5,0,2
BRDA:4,5,1,0
BRDA:4,6,0,2
BRDA:4,6,1,1
BRDA:4,7,0,2
BRDA:4,7,1,0
BRDA:4,8,0,0
BRDA:4,8,1,0
BRDA:5,9,0,1
BRDA:5,9,1,0
BRDA:5,9,2,0
BRDA:7,10,0,1
BRDA:7,10,1,0
BRDA:7,10,2,1
BRDA:8,11,0,1
BRDA:8,11,1,0
BRDA:8,12,0,1
BRDA:8,12,1,1
BRDA:10,13,0,1
BRDA:10,13,1,0
BRDA:10,13,2,1
BRDA:11,14,0,2
BRDA:11,14,1,0
BRDA:11,15,0,2
BRDA:11,15,1,2
BRF:36
BRH:21
end_of_record
TN:
SF:D:\datafort\dev\cybersmily_datafort\src\app\app-cmbt-track\cmbt-trck-main\cmbt-trck-main.component.ts
FN:1,(anonymous_0)
FN:7,(anonymous_1)
FN:10,(anonymous_2)
FN:17,(anonymous_3)
FN:25,(anonymous_4)
FN:29,(anonymous_5)
FNF:6
FNH:6
FNDA:1,(anonymous_0)
FNDA:1,(anonymous_1)
FNDA:2,(anonymous_2)
FNDA:1,(anonymous_3)
FNDA:1,(anonymous_4)
FNDA:2,(anonymous_5)
DA:1,1
DA:2,1
DA:3,1
DA:4,2
DA:5,1
DA:7,1
DA:8,1
DA:10,1
DA:11,2
DA:16,1
DA:18,1
DA:19,1
DA:20,1
DA:21,1
DA:22,1
DA:23,1
DA:26,1
DA:29,2
DA:32,1
LF:19
LH:19
BRDA:1,0,0,1
BRDA:1,0,1,0
BRDA:1,0,2,1
BRDA:2,1,0,1
BRDA:2,1,1,0
BRDA:2,2,0,0
BRDA:2,2,1,0
BRDA:3,3,0,0
BRDA:3,3,1,1
BRDA:3,4,0,1
BRDA:3,4,1,1
BRDA:4,5,0,2
BRDA:4,5,1,0
BRDA:4,6,0,2
BRDA:4,6,1,1
BRDA:4,7,0,2
BRDA:4,7,1,0
BRDA:4,8,0,0
BRDA:4,8,1,0
BRDA:5,9,0,1
BRDA:5,9,1,0
BRDA:5,9,2,0
BRDA:7,10,0,1
BRDA:7,10,1,0
BRDA:7,10,2,1
BRDA:8,11,0,1
BRDA:8,11,1,0
BRDA:8,12,0,1
BRDA:8,12,1,1
BRDA:10,13,0,1
BRDA:10,13,1,0
BRDA:10,13,2,1
BRDA:11,14,0,2
BRDA:11,14,1,0
BRDA:11,15,0,2
BRDA:11,15,1,2
BRF:36
BRH:21
end_of_record
TN:
SF:D:\datafort\dev\cybersmily_datafort\src\app\app-cmbt-track\cmbt-trck-opponent-card\cmbt-trck-opponent-card.component.ts
FN:1,(anonymous_0)
FN:7,(anonymous_1)
FN:10,(anonymous_2)
FN:23,(anonymous_3)
FN:39,(anonymous_4)
FN:47,(anonymous_5)
FN:53,(anonymous_6)
FN:57,(anonymous_7)
FN:61,(anonymous_8)
FN:63,(anonymous_9)
FN:65,(anonymous_10)
FN:69,(anonymous_11)
FN:76,(anonymous_12)
FN:81,(anonymous_13)
FN:87,(anonymous_14)
FN:90,(anonymous_15)
FN:91,(anonymous_16)
FN:100,(anonymous_17)
FN:104,(anonymous_18)
FN:107,(anonymous_19)
FN:114,(anonymous_20)
FN:121,(anonymous_21)
FN:125,(anonymous_22)
FN:126,(anonymous_23)
FN:132,(anonymous_24)
FN:137,(anonymous_25)
FNF:26
FNH:8
FNDA:4,(anonymous_0)
FNDA:4,(anonymous_1)
FNDA:2,(anonymous_2)
FNDA:3,(anonymous_3)
FNDA:3,(anonymous_4)
FNDA:3,(anonymous_5)
FNDA:2,(anonymous_6)
FNDA:0,(anonymous_7)
FNDA:0,(anonymous_8)
FNDA:0,(anonymous_9)
FNDA:0,(anonymous_10)
FNDA:0,(anonymous_11)
FNDA:0,(anonymous_12)
FNDA:0,(anonymous_13)
FNDA:0,(anonymous_14)
FNDA:0,(anonymous_15)
FNDA:0,(anonymous_16)
FNDA:0,(anonymous_17)
FNDA:0,(anonymous_18)
FNDA:0,(anonymous_19)
FNDA:0,(anonymous_20)
FNDA:0,(anonymous_21)
FNDA:0,(anonymous_22)
FNDA:0,(anonymous_23)
FNDA:0,(anonymous_24)
FNDA:2,(anonymous_25)
DA:1,1
DA:2,4
DA:3,4
DA:4,8
DA:5,4
DA:7,1
DA:8,4
DA:10,1
DA:11,2
DA:22,1
DA:24,3
DA:25,3
DA:26,3
DA:27,3
DA:28,3
DA:29,3
DA:30,3
DA:31,3
DA:32,3
DA:33,3
DA:34,3
DA:35,3
DA:36,3
DA:37,3
DA:40,3
DA:41,3
DA:42,3
DA:43,3
DA:48,3
DA:49,3
DA:50,3
DA:54,2
DA:55,2
DA:58,0
DA:59,0
DA:62,0
DA:64,0
DA:65,0
DA:66,0
DA:70,0
DA:71,0
DA:73,0
DA:74,0
DA:77,0
DA:78,0
DA:79,0
DA:82,0
DA:83,0
DA:85,0
DA:88,0
DA:90,0
DA:92,0
DA:93,0
DA:94,0
DA:95,0
DA:96,0
DA:98,0
DA:101,0
DA:102,0
DA:105,0
DA:106,0
DA:107,0
DA:108,0
DA:110,0
DA:111,0
DA:113,0
DA:114,0
DA:115,0
DA:119,0
DA:122,0
DA:123,0
DA:126,0
DA:127,0
DA:128,0
DA:130,0
DA:133,0
DA:134,0
DA:137,2
DA:143,1
DA:147,1
DA:151,1
DA:155,1
LF:82
LH:38
BRDA:1,0,0,1
BRDA:1,0,1,0
BRDA:1,0,2,1
BRDA:2,1,0,1
BRDA:2,1,1,3
BRDA:2,2,0,0
BRDA:2,2,1,3
BRDA:3,3,0,0
BRDA:3,3,1,4
BRDA:3,4,0,4
BRDA:3,4,1,4
BRDA:4,5,0,8
BRDA:4,5,1,0
BRDA:4,6,0,8
BRDA:4,6,1,7
BRDA:4,7,0,2
BRDA:4,7,1,6
BRDA:4,8,0,6
BRDA:4,8,1,0
BRDA:5,9,0,4
BRDA:5,9,1,3
BRDA:5,9,2,0
BRDA:7,10,0,1
BRDA:7,10,1,0
BRDA:7,10,2,1
BRDA:8,11,0,4
BRDA:8,11,1,0
BRDA:8,12,0,4
BRDA:8,12,1,4
BRDA:10,13,0,1
BRDA:10,13,1,0
BRDA:10,13,2,1
BRDA:11,14,0,2
BRDA:11,14,1,0
BRDA:11,15,0,2
BRDA:11,15,1,2
BRDA:70,16,0,0
BRDA:70,16,1,0
BRDA:82,17,0,0
BRDA:82,17,1,0
BRDA:108,18,0,0
BRDA:108,18,1,0
BRDA:113,19,0,0
BRDA:113,19,1,0
BRDA:127,20,0,0
BRDA:127,20,1,0
BRF:46
BRH:26
end_of_record
TN:
SF:D:\datafort\dev\cybersmily_datafort\src\app\app-cmbt-track\cmbt-trck-stat\cmbt-trck-stat.component.ts
FN:1,(anonymous_0)
FN:7,(anonymous_1)
FN:10,(anonymous_2)
FN:18,(anonymous_3)
FN:27,(anonymous_4)
FN:30,(anonymous_5)
FN:32,(anonymous_6)
FN:35,(anonymous_7)
FN:38,(anonymous_8)
FN:50,(anonymous_9)
FN:55,(anonymous_10)
FNF:11
FNH:7
FNDA:4,(anonymous_0)
FNDA:4,(anonymous_1)
FNDA:2,(anonymous_2)
FNDA:37,(anonymous_3)
FNDA:74,(anonymous_4)
FNDA:37,(anonymous_5)
FNDA:0,(anonymous_6)
FNDA:0,(anonymous_7)
FNDA:0,(anonymous_8)
FNDA:0,(anonymous_9)
FNDA:2,(anonymous_10)
DA:1,1
DA:2,4
DA:3,4
DA:4,8
DA:5,4
DA:7,1
DA:8,4
DA:10,1
DA:11,2
DA:17,1
DA:19,37
DA:20,37
DA:21,37
DA:22,37
DA:23,37
DA:24,37
DA:25,37
DA:28,74
DA:33,0
DA:36,0
DA:39,0
DA:40,0
DA:41,0
DA:42,0
DA:43,0
DA:44,0
DA:45,0
DA:47,0
DA:48,0
DA:51,0
DA:52,0
DA:55,2
DA:58,1
DA:62,1
DA:66,1
DA:70,1
LF:36
LH:23
BRDA:1,0,0,1
BRDA:1,0,1,0
BRDA:1,0,2,1
BRDA:2,1,0,1
BRDA:2,1,1,3
BRDA:2,2,0,0
BRDA:2,2,1,3
BRDA:3,3,0,0
BRDA:3,3,1,4
BRDA:3,4,0,4
BRDA:3,4,1,4
BRDA:4,5,0,8
BRDA:4,5,1,0
BRDA:4,6,0,8
BRDA:4,6,1,7
BRDA:4,7,0,2
BRDA:4,7,1,6
BRDA:4,8,0,6
BRDA:4,8,1,0
BRDA:5,9,0,4
BRDA:5,9,1,3
BRDA:5,9,2,0
BRDA:7,10,0,1
BRDA:7,10,1,0
BRDA:7,10,2,1
BRDA:8,11,0,4
BRDA:8,11,1,0
BRDA:8,12,0,4
BRDA:8,12,1,4
BRDA:10,13,0,1
BRDA:10,13,1,0
BRDA:10,13,2,1
BRDA:11,14,0,2
BRDA:11,14,1,0
BRDA:11,15,0,2
BRDA:11,15,1,2
BRDA:28,16,0,74
BRDA:28,16,1,74
BRDA:52,17,0,0
BRDA:52,17,1,0
BRF:40
BRH:28
end_of_record
TN:
SF:D:\datafort\dev\cybersmily_datafort\src\app\app-cmbt-track\cmbt-trck-stats\cmbt-trck-stats.component.ts
FN:1,(anonymous_0)
FN:7,(anonymous_1)
FN:10,(anonymous_2)
FN:18,(anonymous_3)
FN:24,(anonymous_4)
FN:26,(anonymous_5)
FN:30,(anonymous_6)
FN:43,(anonymous_7)
FNF:8
FNH:6
FNDA:3,(anonymous_0)
FNDA:3,(anonymous_1)
FNDA:2,(anonymous_2)
FNDA:4,(anonymous_3)
FNDA:4,(anonymous_4)
FNDA:0,(anonymous_5)
FNDA:0,(anonymous_6)
FNDA:2,(anonymous_7)
DA:1,1
DA:2,3
DA:3,3
DA:4,6
DA:5,3
DA:7,1
DA:8,3
DA:10,1
DA:11,2
DA:17,1
DA:19,4
DA:20,4
DA:21,4
DA:22,4
DA:27,0
DA:28,0
DA:31,0
DA:32,0
DA:33,0
DA:34,0
DA:35,0
DA:36,0
DA:37,0
DA:38,0
DA:39,0
DA:40,0
DA:43,2
DA:46,1
DA:50,1
DA:54,1
LF:30
LH:18
BRDA:1,0,0,1
BRDA:1,0,1,0
BRDA:1,0,2,1
BRDA:2,1,0,1
BRDA:2,1,1,2
BRDA:2,2,0,0
BRDA:2,2,1,2
BRDA:3,3,0,0
BRDA:3,3,1,3
BRDA:3,4,0,3
BRDA:3,4,1,3
BRDA:4,5,0,6
BRDA:4,5,1,0
BRDA:4,6,0,6
BRDA:4,6,1,5
BRDA:4,7,0,2
BRDA:4,7,1,4
BRDA:4,8,0,4
BRDA:4,8,1,0
BRDA:5,9,0,3
BRDA:5,9,1,2
BRDA:5,9,2,0
BRDA:7,10,0,1
BRDA:7,10,1,0
BRDA:7,10,2,1
BRDA:8,11,0,3
BRDA:8,11,1,0
BRDA:8,12,0,3
BRDA:8,12,1,3
BRDA:10,13,0,1
BRDA:10,13,1,0
BRDA:10,13,2,1
BRDA:11,14,0,2
BRDA:11,14,1,0
BRDA:11,15,0,2
BRDA:11,15,1,2
BRF:36
BRH:26
end_of_record
TN:
SF:D:\datafort\dev\cybersmily_datafort\src\app\app-cmbt-track\cmbt-trck-wound-level\cmbt-trck-wound-level.component.ts
FN:1,(anonymous_0)
FN:7,(anonymous_1)
FN:10,(anonymous_2)
FN:15,(anonymous_3)
FN:22,(anonymous_4)
FN:24,(anonymous_5)
FN:34,(anonymous_6)
FN:37,(anonymous_7)
FNF:8
FNH:6
FNDA:5,(anonymous_0)
FNDA:5,(anonymous_1)
FNDA:2,(anonymous_2)
FNDA:41,(anonymous_3)
FNDA:41,(anonymous_4)
FNDA:40,(anonymous_5)
FNDA:0,(anonymous_6)
FNDA:0,(anonymous_7)
DA:1,1
DA:2,5
DA:3,5
DA:4,10
DA:5,5
DA:7,1
DA:8,5
DA:10,1
DA:11,2
DA:14,1
DA:16,41
DA:17,41
DA:18,41
DA:19,41
DA:20,41
DA:25,40
DA:26,40
DA:27,0
DA:28,0
DA:31,40
DA:35,0
DA:36,0
DA:37,0
DA:38,0
DA:41,1
DA:45,1
DA:49,1
DA:53,1
DA:57,1
LF:29
LH:23
BRDA:1,0,0,1
BRDA:1,0,1,0
BRDA:1,0,2,1
BRDA:2,1,0,1
BRDA:2,1,1,4
BRDA:2,2,0,0
BRDA:2,2,1,4
BRDA:3,3,0,0
BRDA:3,3,1,5
BRDA:3,4,0,5
BRDA:3,4,1,5
BRDA:4,5,0,10
BRDA:4,5,1,0
BRDA:4,6,0,10
BRDA:4,6,1,9
BRDA:4,7,0,2
BRDA:4,7,1,8
BRDA:4,8,0,8
BRDA:4,8,1,0
BRDA:5,9,0,5
BRDA:5,9,1,4
BRDA:5,9,2,0
BRDA:7,10,0,1
BRDA:7,10,1,0
BRDA:7,10,2,1
BRDA:8,11,0,5
BRDA:8,11,1,0
BRDA:8,12,0,5
BRDA:8,12,1,5
BRDA:10,13,0,1
BRDA:10,13,1,0
BRDA:10,13,2,1
BRDA:11,14,0,2
BRDA:11,14,1,0
BRDA:11,15,0,2
BRDA:11,15,1,2
BRDA:25,16,0,18
BRDA:25,16,1,22
BRDA:26,17,0,0
BRDA:26,17,1,40
BRF:40
BRH:29
end_of_record
TN:
SF:D:\datafort\dev\cybersmily_datafort\src\app\app-cmbt-track\cmbt-trck-wound-sect\cmbt-trck-wound-sect.component.ts
FN:1,(anonymous_0)
FN:7,(anonymous_1)
FN:10,(anonymous_2)
FN:18,(anonymous_3)
FN:28,(anonymous_4)
FN:30,(anonymous_5)
FN:34,(anonymous_6)
FN:37,(anonymous_7)
FN:40,(anonymous_8)
FN:44,(anonymous_9)
FN:54,(anonymous_10)
FN:64,(anonymous_11)
FN:70,(anonymous_12)
FNF:13
FNH:6
FNDA:3,(anonymous_0)
FNDA:3,(anonymous_1)
FNDA:2,(anonymous_2)
FNDA:4,(anonymous_3)
FNDA:4,(anonymous_4)
FNDA:0,(anonymous_5)
FNDA:0,(anonymous_6)
FNDA:0,(anonymous_7)
FNDA:0,(anonymous_8)
FNDA:0,(anonymous_9)
FNDA:0,(anonymous_10)
FNDA:0,(anonymous_11)
FNDA:2,(anonymous_12)
DA:1,1
DA:2,3
DA:3,3
DA:4,6
DA:5,3
DA:7,1
DA:8,3
DA:10,1
DA:11,2
DA:17,1
DA:19,4
DA:20,4
DA:21,4
DA:22,4
DA:23,4
DA:24,4
DA:25,4
DA:26,4
DA:31,0
DA:32,0
DA:35,0
DA:38,0
DA:41,0
DA:42,0
DA:45,0
DA:46,0
DA:49,0
DA:50,0
DA:51,0
DA:55,0
DA:56,0
DA:59,0
DA:60,0
DA:61,0
DA:65,0
DA:66,0
DA:67,0
DA:70,2
DA:73,1
DA:77,1
DA:81,1
LF:41
LH:22
BRDA:1,0,0,1
BRDA:1,0,1,0
BRDA:1,0,2,1
BRDA:2,1,0,1
BRDA:2,1,1,2
BRDA:2,2,0,0
BRDA:2,2,1,2
BRDA:3,3,0,0
BRDA:3,3,1,3
BRDA:3,4,0,3
BRDA:3,4,1,3
BRDA:4,5,0,6
BRDA:4,5,1,0
BRDA:4,6,0,6
BRDA:4,6,1,5
BRDA:4,7,0,2
BRDA:4,7,1,4
BRDA:4,8,0,4
BRDA:4,8,1,0
BRDA:5,9,0,3
BRDA:5,9,1,2
BRDA:5,9,2,0
BRDA:7,10,0,1
BRDA:7,10,1,0
BRDA:7,10,2,1
BRDA:8,11,0,3
BRDA:8,11,1,0
BRDA:8,12,0,3
BRDA:8,12,1,3
BRDA:10,13,0,1
BRDA:10,13,1,0
BRDA:10,13,2,1
BRDA:11,14,0,2
BRDA:11,14,1,0
BRDA:11,15,0,2
BRDA:11,15,1,2
BRDA:45,16,0,0
BRDA:45,16,1,0
BRDA:55,17,0,0
BRDA:55,17,1,0
BRDA:66,18,0,0
BRDA:66,18,1,0
BRF:42
BRH:26
end_of_record
TN:
SF:D:\datafort\dev\cybersmily_datafort\src\app\app-cmbt-track\cmbt-trk-cyber\cmbt-trk-cyber.component.ts
FN:1,(anonymous_0)
FN:7,(anonymous_1)
FN:10,(anonymous_2)
FN:18,(anonymous_3)
FN:27,(anonymous_4)
FN:29,(anonymous_5)
FN:34,(anonymous_6)
FN:38,(anonymous_7)
FN:40,(anonymous_8)
FN:41,(anonymous_9)
FN:42,(anonymous_10)
FN:46,(anonymous_11)
FN:50,(anonymous_12)
FN:51,(anonymous_13)
FN:66,(anonymous_14)
FNF:15
FNH:6
FNDA:3,(anonymous_0)
FNDA:3,(anonymous_1)
FNDA:2,(anonymous_2)
FNDA:4,(anonymous_3)
FNDA:4,(anonymous_4)
FNDA:0,(anonymous_5)
FNDA:0,(anonymous_6)
FNDA:0,(anonymous_7)
FNDA:0,(anonymous_8)
FNDA:0,(anonymous_9)
FNDA:0,(anonymous_10)
FNDA:0,(anonymous_11)
FNDA:0,(anonymous_12)
FNDA:0,(anonymous_13)
FNDA:2,(anonymous_14)
DA:1,1
DA:2,3
DA:3,3
DA:4,6
DA:5,3
DA:7,1
DA:8,3
DA:10,1
DA:11,2
DA:17,1
DA:19,4
DA:20,4
DA:21,4
DA:22,4
DA:23,4
DA:24,4
DA:25,4
DA:30,0
DA:31,0
DA:32,0
DA:35,0
DA:36,0
DA:39,0
DA:41,0
DA:42,0
DA:43,0
DA:45,0
DA:46,0
DA:47,0
DA:48,0
DA:49,0
DA:50,0
DA:51,0
DA:52,0
DA:55,0
DA:58,0
DA:62,0
DA:66,2
DA:69,1
DA:73,1
DA:77,1
LF:41
LH:21
BRDA:1,0,0,1
BRDA:1,0,1,0
BRDA:1,0,2,1
BRDA:2,1,0,1
BRDA:2,1,1,2
BRDA:2,2,0,0
BRDA:2,2,1,2
BRDA:3,3,0,0
BRDA:3,3,1,3
BRDA:3,4,0,3
BRDA:3,4,1,3
BRDA:4,5,0,6
BRDA:4,5,1,0
BRDA:4,6,0,6
BRDA:4,6,1,5
BRDA:4,7,0,2
BRDA:4,7,1,4
BRDA:4,8,0,4
BRDA:4,8,1,0
BRDA:5,9,0,3
BRDA:5,9,1,2
BRDA:5,9,2,0
BRDA:7,10,0,1
BRDA:7,10,1,0
BRDA:7,10,2,1
BRDA:8,11,0,3
BRDA:8,11,1,0
BRDA:8,12,0,3
BRDA:8,12,1,3
BRDA:10,13,0,1
BRDA:10,13,1,0
BRDA:10,13,2,1
BRDA:11,14,0,2
BRDA:11,14,1,0
BRDA:11,15,0,2
BRDA:11,15,1,2
BRDA:42,16,0,0
BRDA:42,16,1,0
BRDA:42,17,0,0
BRDA:42,17,1,0
BRDA:45,18,0,0
BRDA:45,18,1,0
BRDA:47,19,0,0
BRDA:47,19,1,0
BRDA:51,20,0,0
BRDA:51,20,1,0
BRF:46
BRH:26
end_of_record
TN:
SF:D:\datafort\dev\cybersmily_datafort\src\app\app-cmbt-track\cmbt-trk-skills\cmbt-trk-skills.component.ts
FN:1,(anonymous_0)
FN:7,(anonymous_1)
FN:10,(anonymous_2)
FN:22,(anonymous_3)
FN:40,(anonymous_4)
FN:42,(anonymous_5)
FN:43,(anonymous_6)
FN:44,(anonymous_7)
FN:48,(anonymous_8)
FN:55,(anonymous_9)
FN:60,(anonymous_10)
FN:64,(anonymous_11)
FN:69,(anonymous_12)
FN:76,(anonymous_13)
FN:89,(anonymous_14)
FN:95,(anonymous_15)
FN:100,(anonymous_16)
FN:104,(anonymous_17)
FN:109,(anonymous_18)
FNF:19
FNH:10
FNDA:3,(anonymous_0)
FNDA:3,(anonymous_1)
FNDA:2,(anonymous_2)
FNDA:4,(anonymous_3)
FNDA:4,(anonymous_4)
FNDA:4,(anonymous_5)
FNDA:1040,(anonymous_6)
FNDA:1040,(anonymous_7)
FNDA:3,(anonymous_8)
FNDA:0,(anonymous_9)
FNDA:0,(anonymous_10)
FNDA:0,(anonymous_11)
FNDA:0,(anonymous_12)
FNDA:0,(anonymous_13)
FNDA:0,(anonymous_14)
FNDA:0,(anonymous_15)
FNDA:0,(anonymous_16)
FNDA:0,(anonymous_17)
FNDA:2,(anonymous_18)
DA:1,1
DA:2,3
DA:3,3
DA:4,6
DA:5,3
DA:7,1
DA:8,3
DA:10,1
DA:11,2
DA:21,1
DA:23,4
DA:24,4
DA:25,4
DA:26,4
DA:27,4
DA:28,4
DA:29,4
DA:30,4
DA:31,4
DA:32,4
DA:33,4
DA:34,4
DA:35,4
DA:36,4
DA:37,4
DA:38,4
DA:41,4
DA:42,4
DA:43,1040
DA:44,1040
DA:49,3
DA:50,3
DA:52,3
DA:53,3
DA:56,0
DA:57,0
DA:58,0
DA:61,0
DA:62,0
DA:65,0
DA:66,0
DA:67,0
DA:70,0
DA:71,0
DA:72,0
DA:73,0
DA:74,0
DA:76,0
DA:77,0
DA:78,0
DA:79,0
DA:81,0
DA:82,0
DA:84,0
DA:90,0
DA:91,0
DA:94,0
DA:95,0
DA:96,0
DA:97,0
DA:101,0
DA:102,0
DA:105,0
DA:106,0
DA:109,2
DA:113,1
DA:117,1
DA:121,1
LF:68
LH:38
BRDA:1,0,0,1
BRDA:1,0,1,0
BRDA:1,0,2,1
BRDA:2,1,0,1
BRDA:2,1,1,2
BRDA:2,2,0,0
BRDA:2,2,1,2
BRDA:3,3,0,0
BRDA:3,3,1,3
BRDA:3,4,0,3
BRDA:3,4,1,3
BRDA:4,5,0,6
BRDA:4,5,1,0
BRDA:4,6,0,6
BRDA:4,6,1,5
BRDA:4,7,0,2
BRDA:4,7,1,4
BRDA:4,8,0,4
BRDA:4,8,1,0
BRDA:5,9,0,3
BRDA:5,9,1,2
BRDA:5,9,2,0
BRDA:7,10,0,1
BRDA:7,10,1,0
BRDA:7,10,2,1
BRDA:8,11,0,3
BRDA:8,11,1,0
BRDA:8,12,0,3
BRDA:8,12,1,3
BRDA:10,13,0,1
BRDA:10,13,1,0
BRDA:10,13,2,1
BRDA:11,14,0,2
BRDA:11,14,1,0
BRDA:11,15,0,2
BRDA:11,15,1,2
BRDA:41,16,0,4
BRDA:41,16,1,0
BRDA:49,17,0,3
BRDA:49,17,1,0
BRDA:49,18,0,3
BRDA:49,18,1,3
BRDA:49,18,2,0
BRDA:78,19,0,0
BRDA:78,19,1,0
BRDA:81,20,0,0
BRDA:81,20,1,0
BRDA:90,21,0,0
BRDA:90,21,1,0
BRF:49
BRH:30
end_of_record
TN:
SF:D:\datafort\dev\cybersmily_datafort\src\app\app-cmbt-track\cmbt-trk-sp\cmbt-trk-sp.component.ts
FN:1,(anonymous_0)
FN:7,(anonymous_1)
FN:10,(anonymous_2)
FN:16,(anonymous_3)
FN:22,(anonymous_4)
FN:24,(anonymous_5)
FN:27,(anonymous_6)
FNF:7
FNH:5
FNDA:3,(anonymous_0)
FNDA:3,(anonymous_1)
FNDA:2,(anonymous_2)
FNDA:4,(anonymous_3)
FNDA:4,(anonymous_4)
FNDA:0,(anonymous_5)
FNDA:0,(anonymous_6)
DA:1,1
DA:2,3
DA:3,3
DA:4,6
DA:5,3
DA:7,1
DA:8,3
DA:10,1
DA:11,2
DA:15,1
DA:17,4
DA:18,4
DA:19,4
DA:20,4
DA:25,0
DA:28,0
DA:29,0
DA:32,1
DA:36,1
DA:40,1
LF:20
LH:17
BRDA:1,0,0,1
BRDA:1,0,1,0
BRDA:1,0,2,1
BRDA:2,1,0,1
BRDA:2,1,1,2
BRDA:2,2,0,0
BRDA:2,2,1,2
BRDA:3,3,0,0
BRDA:3,3,1,3
BRDA:3,4,0,3
BRDA:3,4,1,3
BRDA:4,5,0,6
BRDA:4,5,1,0
BRDA:4,6,0,6
BRDA:4,6,1,5
BRDA:4,7,0,2
BRDA:4,7,1,4
BRDA:4,8,0,4
BRDA:4,8,1,0
BRDA:5,9,0,3
BRDA:5,9,1,2
BRDA:5,9,2,0
BRDA:7,10,0,1
BRDA:7,10,1,0
BRDA:7,10,2,1
BRDA:8,11,0,3
BRDA:8,11,1,0
BRDA:8,12,0,3
BRDA:8,12,1,3
BRDA:10,13,0,1
BRDA:10,13,1,0
BRDA:10,13,2,1
BRDA:11,14,0,2
BRDA:11,14,1,0
BRDA:11,15,0,2
BRDA:11,15,1,2
BRF:36
BRH:26
end_of_record
TN:
SF:D:\datafort\dev\cybersmily_datafort\src\app\app-cmbt-track\services\cmbt-trck-opp-chart.service.ts
FN:1,(anonymous_0)
FN:7,(anonymous_1)
FN:19,(anonymous_2)
FN:23,(anonymous_3)
FN:26,(anonymous_4)
FN:30,(anonymous_5)
FN:35,(anonymous_6)
FN:39,(anonymous_7)
FN:53,(anonymous_8)
FN:58,(anonymous_9)
FN:62,(anonymous_10)
FN:68,(anonymous_11)
FN:73,(anonymous_12)
FN:77,(anonymous_13)
FN:83,(anonymous_14)
FN:90,(anonymous_15)
FN:121,(anonymous_16)
FNF:17
FNH:4
FNDA:1,(anonymous_0)
FNDA:1,(anonymous_1)
FNDA:6,(anonymous_2)
FNDA:0,(anonymous_3)
FNDA:0,(anonymous_4)
FNDA:0,(anonymous_5)
FNDA:0,(anonymous_6)
FNDA:0,(anonymous_7)
FNDA:0,(anonymous_8)
FNDA:0,(anonymous_9)
FNDA:0,(anonymous_10)
FNDA:0,(anonymous_11)
FNDA:0,(anonymous_12)
FNDA:0,(anonymous_13)
FNDA:0,(anonymous_14)
FNDA:0,(anonymous_15)
FNDA:1,(anonymous_16)
DA:1,1
DA:2,1
DA:3,1
DA:4,2
DA:5,1
DA:7,1
DA:8,1
DA:18,1
DA:20,6
DA:21,6
DA:24,0
DA:27,0
DA:31,0
DA:32,0
DA:34,0
DA:36,0
DA:40,0
DA:41,0
DA:42,0
DA:43,0
DA:44,0
DA:45,0
DA:46,0
DA:47,0
DA:48,0
DA:51,0
DA:54,0
DA:55,0
DA:57,0
DA:59,0
DA:63,0
DA:64,0
DA:65,0
DA:66,0
DA:69,0
DA:70,0
DA:72,0
DA:74,0
DA:78,0
DA:79,0
DA:81,0
DA:82,0
DA:83,0
DA:84,0
DA:85,0
DA:88,0
DA:92,0
DA:93,0
DA:95,0
DA:96,0
DA:97,0
DA:98,0
DA:99,0
DA:101,0
DA:102,0
DA:103,0
DA:104,0
DA:105,0
DA:106,0
DA:107,0
DA:108,0
DA:109,0
DA:110,0
DA:112,0
DA:114,0
DA:118,0
DA:121,1
DA:125,1
LF:68
LH:12
BRDA:1,0,0,1
BRDA:1,0,1,0
BRDA:1,0,2,1
BRDA:2,1,0,1
BRDA:2,1,1,0
BRDA:2,2,0,0
BRDA:2,2,1,0
BRDA:3,3,0,0
BRDA:3,3,1,1
BRDA:3,4,0,1
BRDA:3,4,1,1
BRDA:4,5,0,2
BRDA:4,5,1,0
BRDA:4,6,0,2
BRDA:4,6,1,1
BRDA:4,7,0,2
BRDA:4,7,1,0
BRDA:4,8,0,0
BRDA:4,8,1,0
BRDA:5,9,0,1
BRDA:5,9,1,0
BRDA:5,9,2,0
BRDA:7,10,0,1
BRDA:7,10,1,0
BRDA:7,10,2,1
BRDA:8,11,0,1
BRDA:8,11,1,0
BRDA:8,12,0,1
BRDA:8,12,1,1
BRDA:31,13,0,0
BRDA:31,13,1,0
BRDA:45,14,0,0
BRDA:45,14,1,0
BRDA:45,15,0,0
BRDA:45,15,1,0
BRDA:54,16,0,0
BRDA:54,16,1,0
BRDA:69,17,0,0
BRDA:69,17,1,0
BRDA:83,18,0,0
BRDA:83,18,1,0
BRDA:84,19,0,0
BRDA:84,19,1,0
BRDA:84,20,0,0
BRDA:84,20,1,0
BRDA:97,21,0,0
BRDA:97,21,1,0
BRDA:101,22,0,0
BRDA:101,22,1,0
BRDA:101,23,0,0
BRDA:101,23,1,0
BRDA:108,24,0,0
BRDA:108,24,1,0
BRDA:108,25,0,0
BRDA:108,25,1,0
BRDA:109,26,0,0
BRDA:109,26,1,0
BRDA:109,27,0,0
BRDA:109,27,1,0
BRDA:109,27,2,0
BRDA:109,27,3,0
BRF:61
BRH:16
end_of_record
TN:
SF:D:\datafort\dev\cybersmily_datafort\src\app\app-cmbt-track\services\combat-tracker.service.ts
FN:1,(anonymous_0)
FN:7,(anonymous_1)
FN:15,(anonymous_2)
FN:21,(anonymous_3)
FN:26,(anonymous_4)
FNF:5
FNH:5
FNDA:1,(anonymous_0)
FNDA:1,(anonymous_1)
FNDA:1,(anonymous_2)
FNDA:1,(anonymous_3)
FNDA:1,(anonymous_4)
DA:1,1
DA:2,1
DA:3,1
DA:4,2
DA:5,1
DA:7,1
DA:8,1
DA:14,1
DA:16,1
DA:17,1
DA:18,1
DA:19,1
DA:22,1
DA:26,1
DA:29,1
LF:15
LH:15
BRDA:1,0,0,1
BRDA:1,0,1,0
BRDA:1,0,2,1
BRDA:2,1,0,1
BRDA:2,1,1,0
BRDA:2,2,0,0
BRDA:2,2,1,0
BRDA:3,3,0,0
BRDA:3,3,1,1
BRDA:3,4,0,1
BRDA:3,4,1,1
BRDA:4,5,0,2
BRDA:4,5,1,0
BRDA:4,6,0,2
BRDA:4,6,1,1
BRDA:4,7,0,2
BRDA:4,7,1,0
BRDA:4,8,0,0
BRDA:4,8,1,0
BRDA:5,9,0,1
BRDA:5,9,1,0
BRDA:5,9,2,0
BRDA:7,10,0,1
BRDA:7,10,1,0
BRDA:7,10,2,1
BRDA:8,11,0,1
BRDA:8,11,1,0
BRDA:8,12,0,1
BRDA:8,12,1,1
BRF:29
BRH:16
end_of_record
TN:
SF:D:\datafort\dev\cybersmily_datafort\src\app\app-cmbt-track\services\opp-template.service.ts
FN:1,(anonymous_0)
FN:7,(anonymous_1)
FN:16,(anonymous_2)
FN:26,(anonymous_3)
FN:32,(anonymous_4)
FN:45,(anonymous_5)
FN:46,(anonymous_6)
FN:52,(anonymous_7)
FN:58,(anonymous_8)
FNF:9
FNH:6
FNDA:1,(anonymous_0)
FNDA:1,(anonymous_1)
FNDA:4,(anonymous_2)
FNDA:3,(anonymous_3)
FNDA:3,(anonymous_4)
FNDA:0,(anonymous_5)
FNDA:0,(anonymous_6)
FNDA:0,(anonymous_7)
FNDA:1,(anonymous_8)
DA:1,1
DA:2,1
DA:3,1
DA:4,2
DA:5,1
DA:7,1
DA:8,1
DA:15,1
DA:17,4
DA:27,3
DA:28,0
DA:30,3
DA:33,3
DA:34,3
DA:46,0
DA:47,0
DA:48,0
DA:50,0
DA:53,0
DA:54,0
DA:58,1
DA:61,1
LF:22
LH:15
BRDA:1,0,0,1
BRDA:1,0,1,0
BRDA:1,0,2,1
BRDA:2,1,0,1
BRDA:2,1,1,0
BRDA:2,2,0,0
BRDA:2,2,1,0
BRDA:3,3,0,0
BRDA:3,3,1,1
BRDA:3,4,0,1
BRDA:3,4,1,1
BRDA:4,5,0,2
BRDA:4,5,1,0
BRDA:4,6,0,2
BRDA:4,6,1,1
BRDA:4,7,0,2
BRDA:4,7,1,0
BRDA:4,8,0,0
BRDA:4,8,1,0
BRDA:5,9,0,1
BRDA:5,9,1,0
BRDA:5,9,2,0
BRDA:7,10,0,1
BRDA:7,10,1,0
BRDA:7,10,2,1
BRDA:8,11,0,1
BRDA:8,11,1,0
BRDA:8,12,0,1
BRDA:8,12,1,1
BRDA:27,13,0,0
BRDA:27,13,1,3
BRDA:47,14,0,0
BRDA:47,14,1,0
BRF:33
BRH:17
end_of_record
TN:
SF:D:\datafort\dev\cybersmily_datafort\src\app\app-cmbt-track\services\opponent-tracker.service.ts
FN:1,(anonymous_0)
FN:7,(anonymous_1)
FN:15,(anonymous_2)
FN:26,(anonymous_3)
FN:30,(anonymous_4)
FN:38,(anonymous_5)
FN:49,(anonymous_6)
FN:52,(anonymous_7)
FN:63,(anonymous_8)
FN:78,(anonymous_9)
FN:90,(anonymous_10)
FN:108,(anonymous_11)
FN:109,(anonymous_12)
FN:116,(anonymous_13)
FN:125,(anonymous_14)
FN:129,(anonymous_15)
FN:130,(anonymous_16)
FN:137,(anonymous_17)
FN:138,(anonymous_18)
FN:139,(anonymous_19)
FN:140,(anonymous_20)
FN:145,(anonymous_21)
FN:153,(anonymous_22)
FN:155,(anonymous_23)
FN:161,(anonymous_24)
FN:166,(anonymous_25)
FNF:26
FNH:6
FNDA:1,(anonymous_0)
FNDA:1,(anonymous_1)
FNDA:3,(anonymous_2)
FNDA:3,(anonymous_3)
FNDA:9,(anonymous_4)
FNDA:0,(anonymous_5)
FNDA:0,(anonymous_6)
FNDA:0,(anonymous_7)
FNDA:0,(anonymous_8)
FNDA:0,(anonymous_9)
FNDA:0,(anonymous_10)
FNDA:0,(anonymous_11)
FNDA:0,(anonymous_12)
FNDA:0,(anonymous_13)
FNDA:0,(anonymous_14)
FNDA:0,(anonymous_15)
FNDA:0,(anonymous_16)
FNDA:0,(anonymous_17)
FNDA:0,(anonymous_18)
FNDA:0,(anonymous_19)
FNDA:0,(anonymous_20)
FNDA:0,(anonymous_21)
FNDA:0,(anonymous_22)
FNDA:0,(anonymous_23)
FNDA:0,(anonymous_24)
FNDA:1,(anonymous_25)
DA:1,1
DA:2,1
DA:3,1
DA:4,2
DA:5,1
DA:7,1
DA:8,1
DA:14,1
DA:16,3
DA:17,3
DA:18,3
DA:19,3
DA:20,3
DA:21,3
DA:22,3
DA:23,0
DA:27,3
DA:28,3
DA:29,3
DA:30,3
DA:31,9
DA:32,9
DA:35,3
DA:36,3
DA:39,0
DA:40,0
DA:41,0
DA:50,0
DA:52,0
DA:53,0
DA:55,0
DA:57,0
DA:58,0
DA:59,0
DA:61,0
DA:64,0
DA:65,0
DA:66,0
DA:67,0
DA:68,0
DA:69,0
DA:71,0
DA:79,0
DA:80,0
DA:81,0
DA:82,0
DA:85,0
DA:86,0
DA:88,0
DA:91,0
DA:92,0
DA:93,0
DA:95,0
DA:96,0
DA:97,0
DA:98,0
DA:99,0
DA:102,0
DA:104,0
DA:106,0
DA:109,0
DA:117,0
DA:118,0
DA:126,0
DA:127,0
DA:130,0
DA:131,0
DA:132,0
DA:134,0
DA:138,0
DA:139,0
DA:140,0
DA:141,0
DA:142,0
DA:143,0
DA:146,0
DA:147,0
DA:148,0
DA:149,0
DA:151,0
DA:154,0
DA:155,0
DA:156,0
DA:157,0
DA:159,0
DA:162,0
DA:163,0
DA:166,1
DA:169,1
LF:89
LH:25
BRDA:1,0,0,1
BRDA:1,0,1,0
BRDA:1,0,2,1
BRDA:2,1,0,1
BRDA:2,1,1,0
BRDA:2,2,0,0
BRDA:2,2,1,0
BRDA:3,3,0,0
BRDA:3,3,1,1
BRDA:3,4,0,1
BRDA:3,4,1,1
BRDA:4,5,0,2
BRDA:4,5,1,0
BRDA:4,6,0,2
BRDA:4,6,1,1
BRDA:4,7,0,2
BRDA:4,7,1,0
BRDA:4,8,0,0
BRDA:4,8,1,0
BRDA:5,9,0,1
BRDA:5,9,1,0
BRDA:5,9,2,0
BRDA:7,10,0,1
BRDA:7,10,1,0
BRDA:7,10,2,1
BRDA:8,11,0,1
BRDA:8,11,1,0
BRDA:8,12,0,1
BRDA:8,12,1,1
BRDA:22,13,0,0
BRDA:22,13,1,3
BRDA:28,14,0,3
BRDA:28,14,1,0
BRDA:28,15,0,3
BRDA:28,15,1,3
BRDA:40,16,0,0
BRDA:40,16,1,0
BRDA:50,17,0,0
BRDA:50,17,1,0
BRDA:50,18,0,0
BRDA:50,18,1,0
BRDA:57,19,0,0
BRDA:57,19,1,0
BRDA:57,20,0,0
BRDA:57,20,1,0
BRDA:79,21,0,0
BRDA:79,21,1,0
BRDA:93,22,0,0
BRDA:93,22,1,0
BRDA:96,23,0,0
BRDA:96,23,1,0
BRDA:109,24,0,0
BRDA:109,24,1,0
BRDA:131,25,0,0
BRDA:131,25,1,0
BRDA:134,26,0,0
BRDA:134,26,1,0
BRDA:134,27,0,0
BRDA:134,27,1,0
BRDA:138,28,0,0
BRDA:138,28,1,0
BRDA:139,29,0,0
BRDA:139,29,1,0
BRDA:140,30,0,0
BRDA:140,30,1,0
BRF:65
BRH:20
end_of_record
TN:
SF:D:\datafort\dev\cybersmily_datafort\src\app\app-cp-red-template-character\temp-generator\temp-generator.component.ts
FN:1,(anonymous_0)
FN:7,(anonymous_1)
FN:10,(anonymous_2)
FN:21,(anonymous_3)
FN:28,(anonymous_4)
FN:39,(anonymous_5)
FN:42,(anonymous_6)
FN:44,(anonymous_7)
FN:46,(anonymous_8)
FN:53,(anonymous_9)
FNF:10
FNH:6
FNDA:1,(anonymous_0)
FNDA:1,(anonymous_1)
FNDA:2,(anonymous_2)
FNDA:1,(anonymous_3)
FNDA:1,(anonymous_4)
FNDA:0,(anonymous_5)
FNDA:0,(anonymous_6)
FNDA:0,(anonymous_7)
FNDA:0,(anonymous_8)
FNDA:2,(anonymous_9)
DA:1,1
DA:2,1
DA:3,1
DA:4,2
DA:5,1
DA:7,1
DA:8,1
DA:10,1
DA:11,2
DA:20,1
DA:22,1
DA:23,1
DA:24,1
DA:25,1
DA:26,1
DA:29,1
DA:30,1
DA:31,1
DA:32,1
DA:33,1
DA:34,1
DA:35,1
DA:36,1
DA:37,1
DA:40,0
DA:41,0
DA:42,0
DA:43,0
DA:44,0
DA:45,0
DA:46,0
DA:47,0
DA:53,2
DA:60,1
LF:34
LH:26
BRDA:1,0,0,1
BRDA:1,0,1,0
BRDA:1,0,2,1
BRDA:2,1,0,1
BRDA:2,1,1,0
BRDA:2,2,0,0
BRDA:2,2,1,0
BRDA:3,3,0,0
BRDA:3,3,1,1
BRDA:3,4,0,1
BRDA:3,4,1,1
BRDA:4,5,0,2
BRDA:4,5,1,0
BRDA:4,6,0,2
BRDA:4,6,1,1
BRDA:4,7,0,2
BRDA:4,7,1,0
BRDA:4,8,0,0
BRDA:4,8,1,0
BRDA:5,9,0,1
BRDA:5,9,1,0
BRDA:5,9,2,0
BRDA:7,10,0,1
BRDA:7,10,1,0
BRDA:7,10,2,1
BRDA:8,11,0,1
BRDA:8,11,1,0
BRDA:8,12,0,1
BRDA:8,12,1,1
BRDA:10,13,0,1
BRDA:10,13,1,0
BRDA:10,13,2,1
BRDA:11,14,0,2
BRDA:11,14,1,0
BRDA:11,15,0,2
BRDA:11,15,1,2
BRF:36
BRH:21
end_of_record
TN:
SF:D:\datafort\dev\cybersmily_datafort\src\app\app-cp-red-template-character\temp-generator-armor\temp-generator-armor.component.ts
FN:1,(anonymous_0)
FN:7,(anonymous_1)
FN:10,(anonymous_2)
FN:15,(anonymous_3)
FN:18,(anonymous_4)
FNF:5
FNH:5
FNDA:2,(anonymous_0)
FNDA:2,(anonymous_1)
FNDA:2,(anonymous_2)
FNDA:2,(anonymous_3)
FNDA:2,(anonymous_4)
DA:1,1
DA:2,2
DA:3,2
DA:4,4
DA:5,2
DA:7,1
DA:8,2
DA:10,1
DA:11,2
DA:14,1
DA:16,2
DA:21,1
DA:25,1
LF:13
LH:13
BRDA:1,0,0,1
BRDA:1,0,1,0
BRDA:1,0,2,1
BRDA:2,1,0,1
BRDA:2,1,1,1
BRDA:2,2,0,0
BRDA:2,2,1,1
BRDA:3,3,0,0
BRDA:3,3,1,2
BRDA:3,4,0,2
BRDA:3,4,1,2
BRDA:4,5,0,4
BRDA:4,5,1,0
BRDA:4,6,0,4
BRDA:4,6,1,3
BRDA:4,7,0,2
BRDA:4,7,1,2
BRDA:4,8,0,2
BRDA:4,8,1,0
BRDA:5,9,0,2
BRDA:5,9,1,1
BRDA:5,9,2,0
BRDA:7,10,0,1
BRDA:7,10,1,0
BRDA:7,10,2,1
BRDA:8,11,0,2
BRDA:8,11,1,0
BRDA:8,12,0,2
BRDA:8,12,1,2
BRDA:10,13,0,1
BRDA:10,13,1,0
BRDA:10,13,2,1
BRDA:11,14,0,2
BRDA:11,14,1,0
BRDA:11,15,0,2
BRDA:11,15,1,2
BRF:36
BRH:26
end_of_record
TN:
SF:D:\datafort\dev\cybersmily_datafort\src\app\app-cp-red-template-character\temp-generator-gear\temp-generator-gear.component.ts
FN:1,(anonymous_0)
FN:7,(anonymous_1)
FN:10,(anonymous_2)
FN:15,(anonymous_3)
FN:16,(anonymous_4)
FN:18,(anonymous_5)
FNF:6
FNH:5
FNDA:3,(anonymous_0)
FNDA:3,(anonymous_1)
FNDA:2,(anonymous_2)
FNDA:2,(anonymous_3)
FNDA:2,(anonymous_4)
FNDA:0,(anonymous_5)
DA:1,1
DA:2,3
DA:3,3
DA:4,6
DA:5,3
DA:7,1
DA:8,3
DA:10,1
DA:11,2
DA:14,1
DA:19,0
DA:20,0
DA:21,0
DA:24,1
DA:28,1
DA:32,1
LF:16
LH:13
BRDA:1,0,0,1
BRDA:1,0,1,0
BRDA:1,0,2,1
BRDA:2,1,0,1
BRDA:2,1,1,2
BRDA:2,2,0,0
BRDA:2,2,1,2
BRDA:3,3,0,0
BRDA:3,3,1,3
BRDA:3,4,0,3
BRDA:3,4,1,3
BRDA:4,5,0,6
BRDA:4,5,1,0
BRDA:4,6,0,6
BRDA:4,6,1,5
BRDA:4,7,0,2
BRDA:4,7,1,4
BRDA:4,8,0,4
BRDA:4,8,1,0
BRDA:5,9,0,3
BRDA:5,9,1,2
BRDA:5,9,2,0
BRDA:7,10,0,1
BRDA:7,10,1,0
BRDA:7,10,2,1
BRDA:8,11,0,3
BRDA:8,11,1,0
BRDA:8,12,0,3
BRDA:8,12,1,3
BRDA:10,13,0,1
BRDA:10,13,1,0
BRDA:10,13,2,1
BRDA:11,14,0,2
BRDA:11,14,1,0
BRDA:11,15,0,2
BRDA:11,15,1,2
BRF:36
BRH:26
end_of_record
TN:
SF:D:\datafort\dev\cybersmily_datafort\src\app\app-cp-red-template-character\temp-generator-lifepath\temp-generator-lifepath.component.ts
FN:1,(anonymous_0)
FN:7,(anonymous_1)
FN:10,(anonymous_2)
FN:16,(anonymous_3)
FN:17,(anonymous_4)
FN:26,(anonymous_5)
FN:42,(anonymous_6)
FN:46,(anonymous_7)
FNF:8
FNH:8
FNDA:2,(anonymous_0)
FNDA:2,(anonymous_1)
FNDA:2,(anonymous_2)
FNDA:2,(anonymous_3)
FNDA:2,(anonymous_4)
FNDA:1,(anonymous_5)
FNDA:5,(anonymous_6)
FNDA:5,(anonymous_7)
DA:1,1
DA:2,2
DA:3,2
DA:4,4
DA:5,2
DA:7,1
DA:8,2
DA:10,1
DA:11,2
DA:15,1
DA:18,2
DA:19,2
DA:20,2
DA:21,2
DA:22,2
DA:23,2
DA:24,2
DA:27,1
DA:28,1
DA:29,1
DA:30,1
DA:31,1
DA:32,1
DA:33,1
DA:43,5
DA:44,5
DA:45,5
DA:46,5
DA:47,5
DA:48,5
DA:49,0
DA:50,0
DA:51,0
DA:53,0
DA:56,5
DA:57,5
DA:58,5
DA:62,5
DA:65,1
DA:69,1
LF:40
LH:36
BRDA:1,0,0,1
BRDA:1,0,1,0
BRDA:1,0,2,1
BRDA:2,1,0,1
BRDA:2,1,1,1
BRDA:2,2,0,0
BRDA:2,2,1,1
BRDA:3,3,0,0
BRDA:3,3,1,2
BRDA:3,4,0,2
BRDA:3,4,1,2
BRDA:4,5,0,4
BRDA:4,5,1,0
BRDA:4,6,0,4
BRDA:4,6,1,3
BRDA:4,7,0,2
BRDA:4,7,1,2
BRDA:4,8,0,2
BRDA:4,8,1,0
BRDA:5,9,0,2
BRDA:5,9,1,1
BRDA:5,9,2,0
BRDA:7,10,0,1
BRDA:7,10,1,0
BRDA:7,10,2,1
BRDA:8,11,0,2
BRDA:8,11,1,0
BRDA:8,12,0,2
BRDA:8,12,1,2
BRDA:10,13,0,1
BRDA:10,13,1,0
BRDA:10,13,2,1
BRDA:11,14,0,2
BRDA:11,14,1,0
BRDA:11,15,0,2
BRDA:11,15,1,2
BRDA:48,16,0,0
BRDA:48,16,1,5
BRDA:50,17,0,0
BRDA:50,17,1,0
BRDA:57,18,0,5
BRDA:57,18,1,0
BRF:42
BRH:28
end_of_record
TN:
SF:D:\datafort\dev\cybersmily_datafort\src\app\app-cp-red-template-character\temp-generator-skills\temp-generator-skills.component.ts
FN:1,(anonymous_0)
FN:7,(anonymous_1)
FN:10,(anonymous_2)
FN:15,(anonymous_3)
FN:16,(anonymous_4)
FN:18,(anonymous_5)
FN:24,(anonymous_6)
FNF:7
FNH:5
FNDA:2,(anonymous_0)
FNDA:2,(anonymous_1)
FNDA:2,(anonymous_2)
FNDA:2,(anonymous_3)
FNDA:2,(anonymous_4)
FNDA:0,(anonymous_5)
FNDA:0,(anonymous_6)
DA:1,1
DA:2,2
DA:3,2
DA:4,4
DA:5,2
DA:7,1
DA:8,2
DA:10,1
DA:11,2
DA:14,1
DA:19,0
DA:20,0
DA:21,0
DA:22,0
DA:25,0
DA:26,0
DA:27,0
DA:28,0
DA:31,1
DA:35,1
LF:20
LH:12
BRDA:1,0,0,1
BRDA:1,0,1,0
BRDA:1,0,2,1
BRDA:2,1,0,1
BRDA:2,1,1,1
BRDA:2,2,0,0
BRDA:2,2,1,1
BRDA:3,3,0,0
BRDA:3,3,1,2
BRDA:3,4,0,2
BRDA:3,4,1,2
BRDA:4,5,0,4
BRDA:4,5,1,0
BRDA:4,6,0,4
BRDA:4,6,1,3
BRDA:4,7,0,2
BRDA:4,7,1,2
BRDA:4,8,0,2
BRDA:4,8,1,0
BRDA:5,9,0,2
BRDA:5,9,1,1
BRDA:5,9,2,0
BRDA:7,10,0,1
BRDA:7,10,1,0
BRDA:7,10,2,1
BRDA:8,11,0,2
BRDA:8,11,1,0
BRDA:8,12,0,2
BRDA:8,12,1,2
BRDA:10,13,0,1
BRDA:10,13,1,0
BRDA:10,13,2,1
BRDA:11,14,0,2
BRDA:11,14,1,0
BRDA:11,15,0,2
BRDA:11,15,1,2
BRF:36
BRH:26
end_of_record
TN:
SF:D:\datafort\dev\cybersmily_datafort\src\app\app-cp-red-template-character\temp-generator-stats\temp-generator-stats.component.ts
FN:1,(anonymous_0)
FN:7,(anonymous_1)
FN:10,(anonymous_2)
FN:16,(anonymous_3)
FN:21,(anonymous_4)
FNF:5
FNH:5
FNDA:4,(anonymous_0)
FNDA:4,(anonymous_1)
FNDA:2,(anonymous_2)
FNDA:2,(anonymous_3)
FNDA:2,(anonymous_4)
DA:1,1
DA:2,4
DA:3,4
DA:4,8
DA:5,4
DA:7,1
DA:8,4
DA:10,1
DA:11,2
DA:15,1
DA:17,2
DA:18,2
DA:19,2
DA:24,1
DA:28,1
DA:32,1
DA:36,1
LF:17
LH:17
BRDA:1,0,0,1
BRDA:1,0,1,0
BRDA:1,0,2,1
BRDA:2,1,0,1
BRDA:2,1,1,3
BRDA:2,2,0,0
BRDA:2,2,1,3
BRDA:3,3,0,0
BRDA:3,3,1,4
BRDA:3,4,0,4
BRDA:3,4,1,4
BRDA:4,5,0,8
BRDA:4,5,1,0
BRDA:4,6,0,8
BRDA:4,6,1,7
BRDA:4,7,0,2
BRDA:4,7,1,6
BRDA:4,8,0,6
BRDA:4,8,1,0
BRDA:5,9,0,4
BRDA:5,9,1,3
BRDA:5,9,2,0
BRDA:7,10,0,1
BRDA:7,10,1,0
BRDA:7,10,2,1
BRDA:8,11,0,4
BRDA:8,11,1,0
BRDA:8,12,0,4
BRDA:8,12,1,4
BRDA:10,13,0,1
BRDA:10,13,1,0
BRDA:10,13,2,1
BRDA:11,14,0,2
BRDA:11,14,1,0
BRDA:11,15,0,2
BRDA:11,15,1,2
BRF:36
BRH:26
end_of_record
TN:
SF:D:\datafort\dev\cybersmily_datafort\src\app\app-cp-red-template-character\temp-generator-weapons\temp-generator-weapons.component.ts
FN:1,(anonymous_0)
FN:7,(anonymous_1)
FN:10,(anonymous_2)
FN:15,(anonymous_3)
FN:16,(anonymous_4)
FN:19,(anonymous_5)
FNF:6
FNH:5
FNDA:2,(anonymous_0)
FNDA:2,(anonymous_1)
FNDA:2,(anonymous_2)
FNDA:2,(anonymous_3)
FNDA:2,(anonymous_4)
FNDA:0,(anonymous_5)
DA:1,1
DA:2,2
DA:3,2
DA:4,4
DA:5,2
DA:7,1
DA:8,2
DA:10,1
DA:11,2
DA:14,1
DA:17,2
DA:20,0
DA:21,0
DA:22,0
DA:25,1
DA:29,1
LF:16
LH:13
BRDA:1,0,0,1
BRDA:1,0,1,0
BRDA:1,0,2,1
BRDA:2,1,0,1
BRDA:2,1,1,1
BRDA:2,2,0,0
BRDA:2,2,1,1
BRDA:3,3,0,0
BRDA:3,3,1,2
BRDA:3,4,0,2
BRDA:3,4,1,2
BRDA:4,5,0,4
BRDA:4,5,1,0
BRDA:4,6,0,4
BRDA:4,6,1,3
BRDA:4,7,0,2
BRDA:4,7,1,2
BRDA:4,8,0,2
BRDA:4,8,1,0
BRDA:5,9,0,2
BRDA:5,9,1,1
BRDA:5,9,2,0
BRDA:7,10,0,1
BRDA:7,10,1,0
BRDA:7,10,2,1
BRDA:8,11,0,2
BRDA:8,11,1,0
BRDA:8,12,0,2
BRDA:8,12,1,2
BRDA:10,13,0,1
BRDA:10,13,1,0
BRDA:10,13,2,1
BRDA:11,14,0,2
BRDA:11,14,1,0
BRDA:11,15,0,2
BRDA:11,15,1,2
BRF:36
BRH:26
end_of_record
TN:
SF:D:\datafort\dev\cybersmily_datafort\src\app\app-deck-manager\deck-form\deck-form.component.ts
FN:1,(anonymous_0)
FN:7,(anonymous_1)
FN:10,(anonymous_2)
FN:19,(anonymous_3)
FN:30,(anonymous_4)
FN:32,(anonymous_5)
FN:35,(anonymous_6)
FN:36,(anonymous_7)
FN:45,(anonymous_8)
FN:48,(anonymous_9)
FN:51,(anonymous_10)
FN:55,(anonymous_11)
FN:58,(anonymous_12)
FN:62,(anonymous_13)
FN:66,(anonymous_14)
FNF:15
FNH:8
FNDA:3,(anonymous_0)
FNDA:3,(anonymous_1)
FNDA:2,(anonymous_2)
FNDA:2,(anonymous_3)
FNDA:2,(anonymous_4)
FNDA:0,(anonymous_5)
FNDA:0,(anonymous_6)
FNDA:0,(anonymous_7)
FNDA:1,(anonymous_8)
FNDA:0,(anonymous_9)
FNDA:0,(anonymous_10)
FNDA:0,(anonymous_11)
FNDA:0,(anonymous_12)
FNDA:4,(anonymous_13)
FNDA:2,(anonymous_14)
DA:1,1
DA:2,3
DA:3,3
DA:4,6
DA:5,3
DA:7,1
DA:8,3
DA:10,1
DA:11,2
DA:18,1
DA:20,2
DA:21,2
DA:22,2
DA:23,2
DA:24,2
DA:25,2
DA:26,2
DA:31,2
DA:33,0
DA:34,0
DA:35,0
DA:36,0
DA:37,0
DA:38,0
DA:42,0
DA:46,1
DA:49,0
DA:52,0
DA:53,0
DA:56,0
DA:59,0
DA:60,0
DA:63,4
DA:66,2
DA:70,1
DA:74,1
DA:78,1
LF:37
LH:24
BRDA:1,0,0,1
BRDA:1,0,1,0
BRDA:1,0,2,1
BRDA:2,1,0,1
BRDA:2,1,1,2
BRDA:2,2,0,0
BRDA:2,2,1,2
BRDA:3,3,0,0
BRDA:3,3,1,3
BRDA:3,4,0,3
BRDA:3,4,1,3
BRDA:4,5,0,6
BRDA:4,5,1,0
BRDA:4,6,0,6
BRDA:4,6,1,5
BRDA:4,7,0,2
BRDA:4,7,1,4
BRDA:4,8,0,4
BRDA:4,8,1,0
BRDA:5,9,0,3
BRDA:5,9,1,2
BRDA:5,9,2,0
BRDA:7,10,0,1
BRDA:7,10,1,0
BRDA:7,10,2,1
BRDA:8,11,0,3
BRDA:8,11,1,0
BRDA:8,12,0,3
BRDA:8,12,1,3
BRDA:10,13,0,1
BRDA:10,13,1,0
BRDA:10,13,2,1
BRDA:11,14,0,2
BRDA:11,14,1,0
BRDA:11,15,0,2
BRDA:11,15,1,2
BRDA:34,16,0,0
BRDA:34,16,1,0
BRDA:37,17,0,0
BRDA:37,17,1,0
BRDA:63,18,0,0
BRDA:63,18,1,4
BRDA:63,19,0,4
BRDA:63,19,1,0
BRF:44
BRH:28
end_of_record
TN:
SF:D:\datafort\dev\cybersmily_datafort\src\app\app-deck-manager\deck-manager-main\deck-manager-main.component.ts
FN:1,(anonymous_0)
FN:7,(anonymous_1)
FN:10,(anonymous_2)
FN:22,(anonymous_3)
FN:39,(anonymous_4)
FN:41,(anonymous_5)
FN:45,(anonymous_6)
FN:48,(anonymous_7)
FN:51,(anonymous_8)
FN:54,(anonymous_9)
FN:57,(anonymous_10)
FN:60,(anonymous_11)
FN:64,(anonymous_12)
FN:73,(anonymous_13)
FNF:14
FNH:7
FNDA:1,(anonymous_0)
FNDA:1,(anonymous_1)
FNDA:2,(anonymous_2)
FNDA:1,(anonymous_3)
FNDA:1,(anonymous_4)
FNDA:1,(anonymous_5)
FNDA:0,(anonymous_6)
FNDA:0,(anonymous_7)
FNDA:0,(anonymous_8)
FNDA:0,(anonymous_9)
FNDA:0,(anonymous_10)
FNDA:0,(anonymous_11)
FNDA:0,(anonymous_12)
FNDA:2,(anonymous_13)
DA:1,1
DA:2,1
DA:3,1
DA:4,2
DA:5,1
DA:7,1
DA:8,1
DA:10,1
DA:11,2
DA:21,1
DA:23,1
DA:24,1
DA:25,1
DA:26,1
DA:27,1
DA:28,1
DA:29,1
DA:30,1
DA:31,1
DA:32,1
DA:33,1
DA:34,1
DA:35,1
DA:36,1
DA:37,1
DA:40,1
DA:41,1
DA:42,1
DA:46,0
DA:49,0
DA:52,0
DA:55,0
DA:58,0
DA:61,0
DA:62,0
DA:63,0
DA:65,0
DA:69,0
DA:73,2
DA:79,1
LF:40
LH:30
BRDA:1,0,0,1
BRDA:1,0,1,0
BRDA:1,0,2,1
BRDA:2,1,0,1
BRDA:2,1,1,0
BRDA:2,2,0,0
BRDA:2,2,1,0
BRDA:3,3,0,0
BRDA:3,3,1,1
BRDA:3,4,0,1
BRDA:3,4,1,1
BRDA:4,5,0,2
BRDA:4,5,1,0
BRDA:4,6,0,2
BRDA:4,6,1,1
BRDA:4,7,0,2
BRDA:4,7,1,0
BRDA:4,8,0,0
BRDA:4,8,1,0
BRDA:5,9,0,1
BRDA:5,9,1,0
BRDA:5,9,2,0
BRDA:7,10,0,1
BRDA:7,10,1,0
BRDA:7,10,2,1
BRDA:8,11,0,1
BRDA:8,11,1,0
BRDA:8,12,0,1
BRDA:8,12,1,1
BRDA:10,13,0,1
BRDA:10,13,1,0
BRDA:10,13,2,1
BRDA:11,14,0,2
BRDA:11,14,1,0
BRDA:11,15,0,2
BRDA:11,15,1,2
BRDA:62,16,0,0
BRDA:62,16,1,0
BRDA:62,17,0,0
BRDA:62,17,1,0
BRF:40
BRH:21
end_of_record
TN:
SF:D:\datafort\dev\cybersmily_datafort\src\app\app-deck-manager\program-list\program-list.component.ts
FN:1,(anonymous_0)
FN:7,(anonymous_1)
FN:10,(anonymous_2)
FN:18,(anonymous_3)
FN:31,(anonymous_4)
FN:33,(anonymous_5)
FN:37,(anonymous_6)
FN:41,(anonymous_7)
FN:45,(anonymous_8)
FN:49,(anonymous_9)
FNF:10
FNH:5
FNDA:4,(anonymous_0)
FNDA:4,(anonymous_1)
FNDA:2,(anonymous_2)
FNDA:2,(anonymous_3)
FNDA:2,(anonymous_4)
FNDA:0,(anonymous_5)
FNDA:0,(anonymous_6)
FNDA:0,(anonymous_7)
FNDA:0,(anonymous_8)
FNDA:0,(anonymous_9)
DA:1,1
DA:2,4
DA:3,4
DA:4,8
DA:5,4
DA:7,1
DA:8,4
DA:10,1
DA:11,2
DA:17,1
DA:19,2
DA:20,2
DA:21,2
DA:22,2
DA:23,2
DA:24,2
DA:25,2
DA:26,2
DA:27,2
DA:28,2
DA:29,2
DA:34,0
DA:35,0
DA:38,0
DA:39,0
DA:42,0
DA:43,0
DA:46,0
DA:47,0
DA:50,0
DA:51,0
DA:54,1
DA:58,1
DA:62,1
DA:66,1
LF:35
LH:25
BRDA:1,0,0,1
BRDA:1,0,1,0
BRDA:1,0,2,1
BRDA:2,1,0,1
BRDA:2,1,1,3
BRDA:2,2,0,0
BRDA:2,2,1,3
BRDA:3,3,0,0
BRDA:3,3,1,4
BRDA:3,4,0,4
BRDA:3,4,1,4
BRDA:4,5,0,8
BRDA:4,5,1,0
BRDA:4,6,0,8
BRDA:4,6,1,7
BRDA:4,7,0,2
BRDA:4,7,1,6
BRDA:4,8,0,6
BRDA:4,8,1,0
BRDA:5,9,0,4
BRDA:5,9,1,3
BRDA:5,9,2,0
BRDA:7,10,0,1
BRDA:7,10,1,0
BRDA:7,10,2,1
BRDA:8,11,0,4
BRDA:8,11,1,0
BRDA:8,12,0,4
BRDA:8,12,1,4
BRDA:10,13,0,1
BRDA:10,13,1,0
BRDA:10,13,2,1
BRDA:11,14,0,2
BRDA:11,14,1,0
BRDA:11,15,0,2
BRDA:11,15,1,2
BRF:36
BRH:26
end_of_record
TN:
SF:D:\datafort\dev\cybersmily_datafort\src\app\app-deck-manager\program-new\program-new.component.ts
FN:1,(anonymous_0)
FN:7,(anonymous_1)
FN:10,(anonymous_2)
FN:20,(anonymous_3)
FN:31,(anonymous_4)
FN:35,(anonymous_5)
FN:40,(anonymous_6)
FN:43,(anonymous_7)
FN:44,(anonymous_8)
FN:46,(anonymous_9)
FN:50,(anonymous_10)
FN:51,(anonymous_11)
FN:53,(anonymous_12)
FN:56,(anonymous_13)
FN:65,(anonymous_14)
FN:68,(anonymous_15)
FN:72,(anonymous_16)
FNF:17
FNH:8
FNDA:3,(anonymous_0)
FNDA:3,(anonymous_1)
FNDA:2,(anonymous_2)
FNDA:3,(anonymous_3)
FNDA:3,(anonymous_4)
FNDA:0,(anonymous_5)
FNDA:0,(anonymous_6)
FNDA:6,(anonymous_7)
FNDA:0,(anonymous_8)
FNDA:0,(anonymous_9)
FNDA:0,(anonymous_10)
FNDA:0,(anonymous_11)
FNDA:0,(anonymous_12)
FNDA:0,(anonymous_13)
FNDA:0,(anonymous_14)
FNDA:6,(anonymous_15)
FNDA:2,(anonymous_16)
DA:1,1
DA:2,3
DA:3,3
DA:4,6
DA:5,3
DA:7,1
DA:8,3
DA:10,1
DA:11,2
DA:19,1
DA:21,3
DA:22,3
DA:23,3
DA:24,3
DA:25,3
DA:26,3
DA:27,3
DA:28,3
DA:29,3
DA:32,3
DA:33,3
DA:34,3
DA:36,0
DA:37,0
DA:41,0
DA:44,6
DA:47,0
DA:48,0
DA:51,0
DA:54,0
DA:55,0
DA:56,0
DA:57,0
DA:58,0
DA:61,0
DA:62,0
DA:66,0
DA:69,6
DA:72,2
DA:76,1
DA:80,1
DA:84,1
LF:42
LH:28
BRDA:1,0,0,1
BRDA:1,0,1,0
BRDA:1,0,2,1
BRDA:2,1,0,1
BRDA:2,1,1,2
BRDA:2,2,0,0
BRDA:2,2,1,2
BRDA:3,3,0,0
BRDA:3,3,1,3
BRDA:3,4,0,3
BRDA:3,4,1,3
BRDA:4,5,0,6
BRDA:4,5,1,0
BRDA:4,6,0,6
BRDA:4,6,1,5
BRDA:4,7,0,2
BRDA:4,7,1,4
BRDA:4,8,0,4
BRDA:4,8,1,0
BRDA:5,9,0,3
BRDA:5,9,1,2
BRDA:5,9,2,0
BRDA:7,10,0,1
BRDA:7,10,1,0
BRDA:7,10,2,1
BRDA:8,11,0,3
BRDA:8,11,1,0
BRDA:8,12,0,3
BRDA:8,12,1,3
BRDA:10,13,0,1
BRDA:10,13,1,0
BRDA:10,13,2,1
BRDA:11,14,0,2
BRDA:11,14,1,0
BRDA:11,15,0,2
BRDA:11,15,1,2
BRDA:55,16,0,0
BRDA:55,16,1,0
BRDA:69,17,0,0
BRDA:69,17,1,6
BRDA:69,18,0,6
BRDA:69,18,1,0
BRF:42
BRH:28
end_of_record
TN:
SF:D:\datafort\dev\cybersmily_datafort\src\app\app-drug-lab\drug-lab-generator\drug-lab-generator.component.ts
FN:1,(anonymous_0)
FN:7,(anonymous_1)
FN:10,(anonymous_2)
FN:19,(anonymous_3)
FN:28,(anonymous_4)
FN:35,(anonymous_5)
FN:40,(anonymous_6)
FN:45,(anonymous_7)
FN:49,(anonymous_8)
FN:54,(anonymous_9)
FN:58,(anonymous_10)
FN:62,(anonymous_11)
FN:64,(anonymous_12)
FN:65,(anonymous_13)
FN:68,(anonymous_14)
FNF:15
FNH:6
FNDA:3,(anonymous_0)
FNDA:3,(anonymous_1)
FNDA:2,(anonymous_2)
FNDA:1,(anonymous_3)
FNDA:1,(anonymous_4)
FNDA:0,(anonymous_5)
FNDA:0,(anonymous_6)
FNDA:0,(anonymous_7)
FNDA:0,(anonymous_8)
FNDA:0,(anonymous_9)
FNDA:0,(anonymous_10)
FNDA:0,(anonymous_11)
FNDA:0,(anonymous_12)
FNDA:0,(anonymous_13)
FNDA:2,(anonymous_14)
DA:1,1
DA:2,3
DA:3,3
DA:4,6
DA:5,3
DA:7,1
DA:8,3
DA:10,1
DA:11,2
DA:18,1
DA:20,1
DA:21,1
DA:22,1
DA:23,1
DA:24,1
DA:25,1
DA:26,1
DA:29,1
DA:30,1
DA:31,1
DA:36,0
DA:37,0
DA:41,0
DA:42,0
DA:45,0
DA:46,0
DA:50,0
DA:51,0
DA:54,0
DA:55,0
DA:59,0
DA:60,0
DA:63,0
DA:64,0
DA:65,0
DA:68,2
DA:71,1
DA:75,1
DA:79,1
LF:39
LH:24
BRDA:1,0,0,1
BRDA:1,0,1,0
BRDA:1,0,2,1
BRDA:2,1,0,1
BRDA:2,1,1,2
BRDA:2,2,0,0
BRDA:2,2,1,2
BRDA:3,3,0,0
BRDA:3,3,1,3
BRDA:3,4,0,3
BRDA:3,4,1,3
BRDA:4,5,0,6
BRDA:4,5,1,0
BRDA:4,6,0,6
BRDA:4,6,1,5
BRDA:4,7,0,2
BRDA:4,7,1,4
BRDA:4,8,0,4
BRDA:4,8,1,0
BRDA:5,9,0,3
BRDA:5,9,1,2
BRDA:5,9,2,0
BRDA:7,10,0,1
BRDA:7,10,1,0
BRDA:7,10,2,1
BRDA:8,11,0,3
BRDA:8,11,1,0
BRDA:8,12,0,3
BRDA:8,12,1,3
BRDA:10,13,0,1
BRDA:10,13,1,0
BRDA:10,13,2,1
BRDA:11,14,0,2
BRDA:11,14,1,0
BRDA:11,15,0,2
BRDA:11,15,1,2
BRDA:41,16,0,0
BRDA:41,16,1,0
BRDA:50,17,0,0
BRDA:50,17,1,0
BRF:40
BRH:26
end_of_record
TN:
SF:D:\datafort\dev\cybersmily_datafort\src\app\app-drug-lab\drug-lab-list\drug-lab-list.component.ts
FN:1,(anonymous_0)
FN:7,(anonymous_1)
FN:10,(anonymous_2)
FN:18,(anonymous_3)
FN:27,(anonymous_4)
FN:29,(anonymous_5)
FN:32,(anonymous_6)
FN:35,(anonymous_7)
FN:38,(anonymous_8)
FNF:9
FNH:5
FNDA:6,(anonymous_0)
FNDA:6,(anonymous_1)
FNDA:2,(anonymous_2)
FNDA:2,(anonymous_3)
FNDA:2,(anonymous_4)
FNDA:0,(anonymous_5)
FNDA:0,(anonymous_6)
FNDA:0,(anonymous_7)
FNDA:0,(anonymous_8)
DA:1,1
DA:2,6
DA:3,6
DA:4,12
DA:5,6
DA:7,1
DA:8,6
DA:10,1
DA:11,2
DA:17,1
DA:19,2
DA:20,2
DA:21,2
DA:22,2
DA:23,2
DA:24,2
DA:25,2
DA:30,0
DA:33,0
DA:36,0
DA:39,0
DA:42,1
DA:46,1
DA:50,1
DA:54,1
DA:58,1
DA:62,1
LF:27
LH:23
BRDA:1,0,0,1
BRDA:1,0,1,0
BRDA:1,0,2,1
BRDA:2,1,0,1
BRDA:2,1,1,5
BRDA:2,2,0,0
BRDA:2,2,1,5
BRDA:3,3,0,0
BRDA:3,3,1,6
BRDA:3,4,0,6
BRDA:3,4,1,6
BRDA:4,5,0,12
BRDA:4,5,1,0
BRDA:4,6,0,12
BRDA:4,6,1,11
BRDA:4,7,0,2
BRDA:4,7,1,10
BRDA:4,8,0,10
BRDA:4,8,1,0
BRDA:5,9,0,6
BRDA:5,9,1,5
BRDA:5,9,2,0
BRDA:7,10,0,1
BRDA:7,10,1,0
BRDA:7,10,2,1
BRDA:8,11,0,6
BRDA:8,11,1,0
BRDA:8,12,0,6
BRDA:8,12,1,6
BRDA:10,13,0,1
BRDA:10,13,1,0
BRDA:10,13,2,1
BRDA:11,14,0,2
BRDA:11,14,1,0
BRDA:11,15,0,2
BRDA:11,15,1,2
BRF:36
BRH:26
end_of_record
TN:
SF:D:\datafort\dev\cybersmily_datafort\src\app\app-drug-lab\drug-lab-main\drug-lab-main.component.ts
FN:1,(anonymous_0)
FN:7,(anonymous_1)
FN:10,(anonymous_2)
FN:17,(anonymous_3)
FN:23,(anonymous_4)
FN:30,(anonymous_5)
FN:34,(anonymous_6)
FN:38,(anonymous_7)
FN:45,(anonymous_8)
FNF:9
FNH:6
FNDA:1,(anonymous_0)
FNDA:1,(anonymous_1)
FNDA:2,(anonymous_2)
FNDA:1,(anonymous_3)
FNDA:1,(anonymous_4)
FNDA:0,(anonymous_5)
FNDA:0,(anonymous_6)
FNDA:0,(anonymous_7)
FNDA:2,(anonymous_8)
DA:1,1
DA:2,1
DA:3,1
DA:4,2
DA:5,1
DA:7,1
DA:8,1
DA:10,1
DA:11,2
DA:16,1
DA:18,1
DA:19,1
DA:20,1
DA:21,1
DA:24,1
DA:25,1
DA:26,0
DA:27,0
DA:31,0
DA:32,0
DA:35,0
DA:36,0
DA:39,0
DA:40,0
DA:41,0
DA:45,2
DA:48,1
LF:27
LH:18
BRDA:1,0,0,1
BRDA:1,0,1,0
BRDA:1,0,2,1
BRDA:2,1,0,1
BRDA:2,1,1,0
BRDA:2,2,0,0
BRDA:2,2,1,0
BRDA:3,3,0,0
BRDA:3,3,1,1
BRDA:3,4,0,1
BRDA:3,4,1,1
BRDA:4,5,0,2
BRDA:4,5,1,0
BRDA:4,6,0,2
BRDA:4,6,1,1
BRDA:4,7,0,2
BRDA:4,7,1,0
BRDA:4,8,0,0
BRDA:4,8,1,0
BRDA:5,9,0,1
BRDA:5,9,1,0
BRDA:5,9,2,0
BRDA:7,10,0,1
BRDA:7,10,1,0
BRDA:7,10,2,1
BRDA:8,11,0,1
BRDA:8,11,1,0
BRDA:8,12,0,1
BRDA:8,12,1,1
BRDA:10,13,0,1
BRDA:10,13,1,0
BRDA:10,13,2,1
BRDA:11,14,0,2
BRDA:11,14,1,0
BRDA:11,15,0,2
BRDA:11,15,1,2
BRDA:25,16,0,0
BRDA:25,16,1,1
BRDA:39,17,0,0
BRDA:39,17,1,0
BRF:40
BRH:22
end_of_record
TN:
SF:D:\datafort\dev\cybersmily_datafort\src\app\app-fashion-generator\fashion-clothes-selector\fashion-clothes-selector.component.ts
FN:1,(anonymous_0)
FN:7,(anonymous_1)
FN:10,(anonymous_2)
FN:15,(anonymous_3)
FN:19,(anonymous_4)
FN:29,(anonymous_5)
FN:32,(anonymous_6)
FN:35,(anonymous_7)
FNF:8
FNH:6
FNDA:4,(anonymous_0)
FNDA:4,(anonymous_1)
FNDA:2,(anonymous_2)
FNDA:8,(anonymous_3)
FNDA:8,(anonymous_4)
FNDA:16,(anonymous_5)
FNDA:0,(anonymous_6)
FNDA:0,(anonymous_7)
DA:1,1
DA:2,4
DA:3,4
DA:4,8
DA:5,4
DA:7,1
DA:8,4
DA:10,1
DA:11,2
DA:14,1
DA:16,8
DA:17,8
DA:20,8
DA:21,8
DA:30,16
DA:33,0
DA:36,0
DA:39,1
DA:43,1
DA:47,1
DA:51,1
LF:21
LH:19
BRDA:1,0,0,1
BRDA:1,0,1,0
BRDA:1,0,2,1
BRDA:2,1,0,1
BRDA:2,1,1,3
BRDA:2,2,0,0
BRDA:2,2,1,3
BRDA:3,3,0,0
BRDA:3,3,1,4
BRDA:3,4,0,4
BRDA:3,4,1,4
BRDA:4,5,0,8
BRDA:4,5,1,0
BRDA:4,6,0,8
BRDA:4,6,1,7
BRDA:4,7,0,2
BRDA:4,7,1,6
BRDA:4,8,0,6
BRDA:4,8,1,0
BRDA:5,9,0,4
BRDA:5,9,1,3
BRDA:5,9,2,0
BRDA:7,10,0,1
BRDA:7,10,1,0
BRDA:7,10,2,1
BRDA:8,11,0,4
BRDA:8,11,1,0
BRDA:8,12,0,4
BRDA:8,12,1,4
BRDA:10,13,0,1
BRDA:10,13,1,0
BRDA:10,13,2,1
BRDA:11,14,0,2
BRDA:11,14,1,0
BRDA:11,15,0,2
BRDA:11,15,1,2
BRF:36
BRH:26
end_of_record
TN:
SF:D:\datafort\dev\cybersmily_datafort\src\app\app-fashion-generator\fashion-generator\fashion-generator.component.ts
FN:1,(anonymous_0)
FN:7,(anonymous_1)
FN:10,(anonymous_2)
FN:18,(anonymous_3)
FN:31,(anonymous_4)
FN:41,(anonymous_5)
FN:43,(anonymous_6)
FN:45,(anonymous_7)
FN:52,(anonymous_8)
FN:54,(anonymous_9)
FN:62,(anonymous_10)
FN:66,(anonymous_11)
FN:68,(anonymous_12)
FN:80,(anonymous_13)
FN:94,(anonymous_14)
FN:98,(anonymous_15)
FNF:16
FNH:12
FNDA:1,(anonymous_0)
FNDA:1,(anonymous_1)
FNDA:2,(anonymous_2)
FNDA:8,(anonymous_3)
FNDA:7,(anonymous_4)
FNDA:7,(anonymous_5)
FNDA:1,(anonymous_6)
FNDA:0,(anonymous_7)
FNDA:2,(anonymous_8)
FNDA:8,(anonymous_9)
FNDA:2,(anonymous_10)
FNDA:0,(anonymous_11)
FNDA:0,(anonymous_12)
FNDA:0,(anonymous_13)
FNDA:15,(anonymous_14)
FNDA:2,(anonymous_15)
DA:1,1
DA:2,1
DA:3,1
DA:4,2
DA:5,1
DA:7,1
DA:8,1
DA:10,1
DA:11,2
DA:17,1
DA:19,8
DA:20,8
DA:21,8
DA:23,8
DA:32,7
DA:33,7
DA:34,7
DA:35,7
DA:42,7
DA:44,1
DA:45,0
DA:53,2
DA:54,8
DA:63,2
DA:64,2
DA:67,0
DA:68,0
DA:69,0
DA:70,0
DA:71,0
DA:72,0
DA:74,0
DA:75,0
DA:76,0
DA:78,0
DA:79,0
DA:80,0
DA:81,0
DA:82,0
DA:83,0
DA:86,0
DA:88,0
DA:89,0
DA:91,0
DA:92,0
DA:95,15
DA:98,2
DA:103,1
LF:48
LH:27
BRDA:1,0,0,1
BRDA:1,0,1,0
BRDA:1,0,2,1
BRDA:2,1,0,1
BRDA:2,1,1,0
BRDA:2,2,0,0
BRDA:2,2,1,0
BRDA:3,3,0,0
BRDA:3,3,1,1
BRDA:3,4,0,1
BRDA:3,4,1,1
BRDA:4,5,0,2
BRDA:4,5,1,0
BRDA:4,6,0,2
BRDA:4,6,1,1
BRDA:4,7,0,2
BRDA:4,7,1,0
BRDA:4,8,0,0
BRDA:4,8,1,0
BRDA:5,9,0,1
BRDA:5,9,1,0
BRDA:5,9,2,0
BRDA:7,10,0,1
BRDA:7,10,1,0
BRDA:7,10,2,1
BRDA:8,11,0,1
BRDA:8,11,1,0
BRDA:8,12,0,1
BRDA:8,12,1,1
BRDA:10,13,0,1
BRDA:10,13,1,0
BRDA:10,13,2,1
BRDA:11,14,0,2
BRDA:11,14,1,0
BRDA:11,15,0,2
BRDA:11,15,1,2
BRDA:71,16,0,0
BRDA:71,16,1,0
BRDA:75,17,0,0
BRDA:75,17,1,0
BRDA:78,18,0,0
BRDA:78,18,1,0
BRDA:82,19,0,0
BRDA:82,19,1,0
BRF:44
BRH:21
end_of_record
TN:
SF:D:\datafort\dev\cybersmily_datafort\src\app\app-fashion-generator\fashion-input\fashion-input.component.ts
FN:1,(anonymous_0)
FN:7,(anonymous_1)
FN:10,(anonymous_2)
FN:16,(anonymous_3)
FN:21,(anonymous_4)
FN:29,(anonymous_5)
FN:36,(anonymous_6)
FN:58,(anonymous_7)
FN:67,(anonymous_8)
FN:99,(anonymous_9)
FN:109,(anonymous_10)
FN:120,(anonymous_11)
FN:131,(anonymous_12)
FN:141,(anonymous_13)
FN:150,(anonymous_14)
FN:161,(anonymous_15)
FNF:16
FNH:6
FNDA:7,(anonymous_0)
FNDA:7,(anonymous_1)
FNDA:2,(anonymous_2)
FNDA:7,(anonymous_3)
FNDA:7,(anonymous_4)
FNDA:0,(anonymous_5)
FNDA:0,(anonymous_6)
FNDA:0,(anonymous_7)
FNDA:0,(anonymous_8)
FNDA:0,(anonymous_9)
FNDA:0,(anonymous_10)
FNDA:0,(anonymous_11)
FNDA:0,(anonymous_12)
FNDA:0,(anonymous_13)
FNDA:0,(anonymous_14)
FNDA:14,(anonymous_15)
DA:1,1
DA:2,7
DA:3,7
DA:4,14
DA:5,7
DA:7,1
DA:8,7
DA:10,1
DA:11,2
DA:15,1
DA:17,7
DA:18,7
DA:19,7
DA:30,0
DA:31,0
DA:32,0
DA:33,0
DA:34,0
DA:35,0
DA:36,0
DA:37,0
DA:38,0
DA:39,0
DA:40,0
DA:41,0
DA:42,0
DA:43,0
DA:48,0
DA:50,0
DA:59,0
DA:60,0
DA:61,0
DA:62,0
DA:63,0
DA:65,0
DA:67,0
DA:68,0
DA:69,0
DA:70,0
DA:71,0
DA:75,0
DA:79,0
DA:80,0
DA:81,0
DA:83,0
DA:84,0
DA:85,0
DA:87,0
DA:88,0
DA:89,0
DA:91,0
DA:100,0
DA:101,0
DA:110,0
DA:111,0
DA:121,0
DA:122,0
DA:123,0
DA:132,0
DA:133,0
DA:142,0
DA:143,0
DA:153,0
DA:162,14
DA:163,0
DA:165,14
DA:168,1
DA:172,1
DA:176,1
DA:180,1
DA:184,1
DA:188,1
DA:192,1
LF:73
LH:22
BRDA:1,0,0,1
BRDA:1,0,1,0
BRDA:1,0,2,1
BRDA:2,1,0,1
BRDA:2,1,1,6
BRDA:2,2,0,0
BRDA:2,2,1,6
BRDA:3,3,0,0
BRDA:3,3,1,7
BRDA:3,4,0,7
BRDA:3,4,1,7
BRDA:4,5,0,14
BRDA:4,5,1,0
BRDA:4,6,0,14
BRDA:4,6,1,13
BRDA:4,7,0,2
BRDA:4,7,1,12
BRDA:4,8,0,12
BRDA:4,8,1,0
BRDA:5,9,0,7
BRDA:5,9,1,6
BRDA:5,9,2,0
BRDA:7,10,0,1
BRDA:7,10,1,0
BRDA:7,10,2,1
BRDA:8,11,0,7
BRDA:8,11,1,0
BRDA:8,12,0,7
BRDA:8,12,1,7
BRDA:10,13,0,1
BRDA:10,13,1,0
BRDA:10,13,2,1
BRDA:11,14,0,2
BRDA:11,14,1,0
BRDA:11,15,0,2
BRDA:11,15,1,2
BRDA:32,16,0,0
BRDA:32,16,1,0
BRDA:32,17,0,0
BRDA:32,17,1,0
BRDA:37,18,0,0
BRDA:37,18,1,0
BRDA:37,19,0,0
BRDA:37,19,1,0
BRDA:39,20,0,0
BRDA:39,20,1,0
BRDA:41,21,0,0
BRDA:41,21,1,0
BRDA:61,22,0,0
BRDA:61,22,1,0
BRDA:63,23,0,0
BRDA:63,23,1,0
BRDA:65,24,0,0
BRDA:65,24,1,0
BRDA:68,25,0,0
BRDA:68,25,1,0
BRDA:70,26,0,0
BRDA:70,26,1,0
BRDA:80,27,0,0
BRDA:80,27,1,0
BRDA:80,28,0,0
BRDA:80,28,1,0
BRDA:84,29,0,0
BRDA:84,29,1,0
BRDA:84,30,0,0
BRDA:84,30,1,0
BRDA:88,31,0,0
BRDA:88,31,1,0
BRDA:88,32,0,0
BRDA:88,32,1,0
BRDA:122,33,0,0
BRDA:122,33,1,0
BRDA:162,34,0,0
BRDA:162,34,1,14
BRDA:162,35,0,14
BRDA:162,35,1,0
BRDA:162,35,2,0
BRF:77
BRH:28
end_of_record
TN:
SF:D:\datafort\dev\cybersmily_datafort\src\app\app-fashion-generator\fashion-list\fashion-list.component.ts
FN:1,(anonymous_0)
FN:7,(anonymous_1)
FN:10,(anonymous_2)
FN:15,(anonymous_3)
FN:19,(anonymous_4)
FNF:5
FNH:5
FNDA:3,(anonymous_0)
FNDA:3,(anonymous_1)
FNDA:2,(anonymous_2)
FNDA:7,(anonymous_3)
FNDA:7,(anonymous_4)
DA:1,1
DA:2,3
DA:3,3
DA:4,6
DA:5,3
DA:7,1
DA:8,3
DA:10,1
DA:11,2
DA:14,1
DA:16,7
DA:17,7
DA:22,1
DA:26,1
DA:30,1
LF:15
LH:15
BRDA:1,0,0,1
BRDA:1,0,1,0
BRDA:1,0,2,1
BRDA:2,1,0,1
BRDA:2,1,1,2
BRDA:2,2,0,0
BRDA:2,2,1,2
BRDA:3,3,0,0
BRDA:3,3,1,3
BRDA:3,4,0,3
BRDA:3,4,1,3
BRDA:4,5,0,6
BRDA:4,5,1,0
BRDA:4,6,0,6
BRDA:4,6,1,5
BRDA:4,7,0,2
BRDA:4,7,1,4
BRDA:4,8,0,4
BRDA:4,8,1,0
BRDA:5,9,0,3
BRDA:5,9,1,2
BRDA:5,9,2,0
BRDA:7,10,0,1
BRDA:7,10,1,0
BRDA:7,10,2,1
BRDA:8,11,0,3
BRDA:8,11,1,0
BRDA:8,12,0,3
BRDA:8,12,1,3
BRDA:10,13,0,1
BRDA:10,13,1,0
BRDA:10,13,2,1
BRDA:11,14,0,2
BRDA:11,14,1,0
BRDA:11,15,0,2
BRDA:11,15,1,2
BRF:36
BRH:26
end_of_record
TN:
SF:D:\datafort\dev\cybersmily_datafort\src\app\app-fashion-generator\fashion-options-selector\fashion-options-selector.component.ts
FN:1,(anonymous_0)
FN:7,(anonymous_1)
FN:10,(anonymous_2)
FN:15,(anonymous_3)
FN:20,(anonymous_4)
FN:30,(anonymous_5)
FN:36,(anonymous_6)
FN:37,(anonymous_7)
FN:44,(anonymous_8)
FNF:9
FNH:5
FNDA:4,(anonymous_0)
FNDA:4,(anonymous_1)
FNDA:2,(anonymous_2)
FNDA:8,(anonymous_3)
FNDA:8,(anonymous_4)
FNDA:0,(anonymous_5)
FNDA:0,(anonymous_6)
FNDA:0,(anonymous_7)
FNDA:0,(anonymous_8)
DA:1,1
DA:2,4
DA:3,4
DA:4,8
DA:5,4
DA:7,1
DA:8,4
DA:10,1
DA:11,2
DA:14,1
DA:16,8
DA:17,8
DA:18,8
DA:21,8
DA:31,0
DA:32,0
DA:34,0
DA:37,0
DA:38,0
DA:40,0
DA:41,0
DA:44,0
DA:45,0
DA:47,0
DA:49,0
DA:52,1
DA:56,1
DA:60,1
DA:64,1
LF:29
LH:18
BRDA:1,0,0,1
BRDA:1,0,1,0
BRDA:1,0,2,1
BRDA:2,1,0,1
BRDA:2,1,1,3
BRDA:2,2,0,0
BRDA:2,2,1,3
BRDA:3,3,0,0
BRDA:3,3,1,4
BRDA:3,4,0,4
BRDA:3,4,1,4
BRDA:4,5,0,8
BRDA:4,5,1,0
BRDA:4,6,0,8
BRDA:4,6,1,7
BRDA:4,7,0,2
BRDA:4,7,1,6
BRDA:4,8,0,6
BRDA:4,8,1,0
BRDA:5,9,0,4
BRDA:5,9,1,3
BRDA:5,9,2,0
BRDA:7,10,0,1
BRDA:7,10,1,0
BRDA:7,10,2,1
BRDA:8,11,0,4
BRDA:8,11,1,0
BRDA:8,12,0,4
BRDA:8,12,1,4
BRDA:10,13,0,1
BRDA:10,13,1,0
BRDA:10,13,2,1
BRDA:11,14,0,2
BRDA:11,14,1,0
BRDA:11,15,0,2
BRDA:11,15,1,2
BRDA:31,16,0,0
BRDA:31,16,1,0
BRDA:40,17,0,0
BRDA:40,17,1,0
BRF:40
BRH:26
end_of_record
TN:
SF:D:\datafort\dev\cybersmily_datafort\src\app\app-fashion-generator\fashion-selector\fashion-selector.component.ts
FN:1,(anonymous_0)
FN:7,(anonymous_1)
FN:10,(anonymous_2)
FN:15,(anonymous_3)
FN:33,(anonymous_4)
FN:36,(anonymous_5)
FN:39,(anonymous_6)
FNF:7
FNH:7
FNDA:6,(anonymous_0)
FNDA:6,(anonymous_1)
FNDA:2,(anonymous_2)
FNDA:23,(anonymous_3)
FNDA:21,(anonymous_4)
FNDA:23,(anonymous_5)
FNDA:1,(anonymous_6)
DA:1,1
DA:2,6
DA:3,6
DA:4,12
DA:5,6
DA:7,1
DA:8,6
DA:10,1
DA:11,2
DA:14,1
DA:21,23
DA:27,23
DA:28,23
DA:29,23
DA:30,23
DA:31,23
DA:34,21
DA:37,23
DA:40,1
DA:43,1
DA:47,1
DA:51,1
DA:55,1
DA:59,1
DA:63,1
LF:25
LH:25
BRDA:1,0,0,1
BRDA:1,0,1,0
BRDA:1,0,2,1
BRDA:2,1,0,1
BRDA:2,1,1,5
BRDA:2,2,0,0
BRDA:2,2,1,5
BRDA:3,3,0,0
BRDA:3,3,1,6
BRDA:3,4,0,6
BRDA:3,4,1,6
BRDA:4,5,0,12
BRDA:4,5,1,0
BRDA:4,6,0,12
BRDA:4,6,1,11
BRDA:4,7,0,2
BRDA:4,7,1,10
BRDA:4,8,0,10
BRDA:4,8,1,0
BRDA:5,9,0,6
BRDA:5,9,1,5
BRDA:5,9,2,0
BRDA:7,10,0,1
BRDA:7,10,1,0
BRDA:7,10,2,1
BRDA:8,11,0,6
BRDA:8,11,1,0
BRDA:8,12,0,6
BRDA:8,12,1,6
BRDA:10,13,0,1
BRDA:10,13,1,0
BRDA:10,13,2,1
BRDA:11,14,0,2
BRDA:11,14,1,0
BRDA:11,15,0,2
BRDA:11,15,1,2
BRF:36
BRH:26
end_of_record
TN:
SF:D:\datafort\dev\cybersmily_datafort\src\app\app-fixer-calc\fixer-calc-big-league\fixer-calc-big-league.component.ts
FN:1,(anonymous_0)
FN:7,(anonymous_1)
FN:10,(anonymous_2)
FN:17,(anonymous_3)
FN:23,(anonymous_4)
FN:24,(anonymous_5)
FN:29,(anonymous_6)
FN:32,(anonymous_7)
FN:35,(anonymous_8)
FN:38,(anonymous_9)
FN:41,(anonymous_10)
FN:44,(anonymous_11)
FN:47,(anonymous_12)
FN:50,(anonymous_13)
FN:53,(anonymous_14)
FN:57,(anonymous_15)
FNF:16
FNH:10
FNDA:1,(anonymous_0)
FNDA:1,(anonymous_1)
FNDA:2,(anonymous_2)
FNDA:2,(anonymous_3)
FNDA:2,(anonymous_4)
FNDA:2,(anonymous_5)
FNDA:4,(anonymous_6)
FNDA:4,(anonymous_7)
FNDA:4,(anonymous_8)
FNDA:0,(anonymous_9)
FNDA:0,(anonymous_10)
FNDA:0,(anonymous_11)
FNDA:0,(anonymous_12)
FNDA:0,(anonymous_13)
FNDA:0,(anonymous_14)
FNDA:2,(anonymous_15)
DA:1,1
DA:2,1
DA:3,1
DA:4,2
DA:5,1
DA:7,1
DA:8,1
DA:10,1
DA:11,2
DA:16,1
DA:18,2
DA:19,2
DA:20,2
DA:21,2
DA:24,2
DA:25,2
DA:26,2
DA:30,4
DA:33,4
DA:36,4
DA:39,0
DA:42,0
DA:45,0
DA:48,0
DA:51,0
DA:54,0
DA:57,2
DA:61,1
LF:28
LH:22
BRDA:1,0,0,1
BRDA:1,0,1,0
BRDA:1,0,2,1
BRDA:2,1,0,1
BRDA:2,1,1,0
BRDA:2,2,0,0
BRDA:2,2,1,0
BRDA:3,3,0,0
BRDA:3,3,1,1
BRDA:3,4,0,1
BRDA:3,4,1,1
BRDA:4,5,0,2
BRDA:4,5,1,0
BRDA:4,6,0,2
BRDA:4,6,1,1
BRDA:4,7,0,2
BRDA:4,7,1,0
BRDA:4,8,0,0
BRDA:4,8,1,0
BRDA:5,9,0,1
BRDA:5,9,1,0
BRDA:5,9,2,0
BRDA:7,10,0,1
BRDA:7,10,1,0
BRDA:7,10,2,1
BRDA:8,11,0,1
BRDA:8,11,1,0
BRDA:8,12,0,1
BRDA:8,12,1,1
BRDA:10,13,0,1
BRDA:10,13,1,0
BRDA:10,13,2,1
BRDA:11,14,0,2
BRDA:11,14,1,0
BRDA:11,15,0,2
BRDA:11,15,1,2
BRF:36
BRH:21
end_of_record
TN:
SF:D:\datafort\dev\cybersmily_datafort\src\app\app-fixer-calc\fixer-calc-big-league-contact\fixer-calc-big-league-contact.component.ts
FN:1,(anonymous_0)
FN:7,(anonymous_1)
FN:10,(anonymous_2)
FN:18,(anonymous_3)
FN:29,(anonymous_4)
FN:31,(anonymous_5)
FN:34,(anonymous_6)
FN:36,(anonymous_7)
FN:39,(anonymous_8)
FN:42,(anonymous_9)
FN:44,(anonymous_10)
FN:47,(anonymous_11)
FN:50,(anonymous_12)
FN:52,(anonymous_13)
FN:55,(anonymous_14)
FN:58,(anonymous_15)
FN:60,(anonymous_16)
FN:63,(anonymous_17)
FN:66,(anonymous_18)
FN:69,(anonymous_19)
FNF:20
FNH:5
FNDA:5,(anonymous_0)
FNDA:5,(anonymous_1)
FNDA:2,(anonymous_2)
FNDA:5,(anonymous_3)
FNDA:5,(anonymous_4)
FNDA:0,(anonymous_5)
FNDA:0,(anonymous_6)
FNDA:0,(anonymous_7)
FNDA:0,(anonymous_8)
FNDA:0,(anonymous_9)
FNDA:0,(anonymous_10)
FNDA:0,(anonymous_11)
FNDA:0,(anonymous_12)
FNDA:0,(anonymous_13)
FNDA:0,(anonymous_14)
FNDA:0,(anonymous_15)
FNDA:0,(anonymous_16)
FNDA:0,(anonymous_17)
FNDA:0,(anonymous_18)
FNDA:0,(anonymous_19)
DA:1,1
DA:2,5
DA:3,5
DA:4,10
DA:5,5
DA:7,1
DA:8,5
DA:10,1
DA:11,2
DA:17,1
DA:19,5
DA:20,5
DA:21,5
DA:22,5
DA:23,5
DA:24,5
DA:25,5
DA:26,5
DA:27,5
DA:32,0
DA:35,0
DA:36,0
DA:40,0
DA:43,0
DA:44,0
DA:48,0
DA:51,0
DA:52,0
DA:56,0
DA:59,0
DA:60,0
DA:64,0
DA:67,0
DA:70,0
DA:71,0
DA:74,1
DA:78,1
DA:82,1
DA:86,1
DA:90,1
LF:40
LH:24
BRDA:1,0,0,1
BRDA:1,0,1,0
BRDA:1,0,2,1
BRDA:2,1,0,1
BRDA:2,1,1,4
BRDA:2,2,0,0
BRDA:2,2,1,4
BRDA:3,3,0,0
BRDA:3,3,1,5
BRDA:3,4,0,5
BRDA:3,4,1,5
BRDA:4,5,0,10
BRDA:4,5,1,0
BRDA:4,6,0,10
BRDA:4,6,1,9
BRDA:4,7,0,2
BRDA:4,7,1,8
BRDA:4,8,0,8
BRDA:4,8,1,0
BRDA:5,9,0,5
BRDA:5,9,1,4
BRDA:5,9,2,0
BRDA:7,10,0,1
BRDA:7,10,1,0
BRDA:7,10,2,1
BRDA:8,11,0,5
BRDA:8,11,1,0
BRDA:8,12,0,5
BRDA:8,12,1,5
BRDA:10,13,0,1
BRDA:10,13,1,0
BRDA:10,13,2,1
[...]
DA:201,0
DA:204,4
DA:206,4
DA:207,4
DA:210,2
DA:213,1
DA:217,1
LF:95
LH:67
BRDA:1,0,0,1
BRDA:1,0,1,0
BRDA:1,0,2,1
BRDA:2,1,0,1
BRDA:2,1,1,0
BRDA:2,2,0,0
BRDA:2,2,1,0
BRDA:3,3,0,0
BRDA:3,3,1,1
BRDA:3,4,0,1
BRDA:3,4,1,1
BRDA:4,5,0,2
BRDA:4,5,1,0
BRDA:4,6,0,2
BRDA:4,6,1,1
BRDA:4,7,0,2
BRDA:4,7,1,0
BRDA:4,8,0,0
BRDA:4,8,1,0
BRDA:5,9,0,1
BRDA:5,9,1,0
BRDA:5,9,2,0
BRDA:7,10,0,1
BRDA:7,10,1,0
BRDA:7,10,2,1
BRDA:8,11,0,1
BRDA:8,11,1,0
BRDA:8,12,0,1
BRDA:8,12,1,1
BRDA:27,13,0,3
BRDA:27,13,1,0
BRDA:36,14,0,2
BRDA:36,14,1,0
BRDA:38,15,0,2
BRDA:38,15,1,2
BRDA:80,16,0,0
BRDA:80,16,1,2
BRDA:81,17,0,1
BRDA:81,17,1,1
BRDA:85,18,0,0
BRDA:85,18,1,1
BRDA:99,19,0,1
BRDA:99,19,1,1
BRDA:103,20,0,1
BRDA:103,20,1,0
BRDA:119,21,0,0
BRDA:119,21,1,2
BRDA:120,22,0,0
BRDA:120,22,1,0
BRDA:120,22,2,0
BRDA:120,22,3,0
BRDA:120,22,4,0
BRDA:120,22,5,0
BRDA:139,23,0,0
BRDA:139,23,1,0
BRDA:139,23,2,0
BRDA:139,23,3,0
BRDA:139,23,4,0
BRDA:171,24,0,0
BRDA:171,24,1,2
BRDA:171,25,0,0
BRDA:171,25,1,2
BRDA:172,26,0,0
BRDA:172,26,1,2
BRDA:173,27,0,0
BRDA:173,27,1,2
BRDA:173,28,0,2
BRDA:173,28,1,0
BRDA:175,29,0,0
BRDA:175,29,1,0
BRDA:179,30,0,0
BRDA:179,30,1,0
BRDA:183,31,0,0
BRDA:183,31,1,2
BRDA:190,32,0,2
BRDA:190,32,1,0
BRDA:193,33,0,0
BRDA:193,33,1,4
BRDA:195,34,0,2
BRDA:195,34,1,2
BRDA:197,35,0,0
BRDA:197,35,1,4
BRDA:200,36,0,0
BRDA:200,36,1,4
BRF:84
BRH:40
end_of_record
TN:
SF:D:\datafort\dev\cybersmily_datafort\src\app\shared\services\lifepath\life-events-generator.service.ts
FN:1,(anonymous_0)
FN:7,(anonymous_1)
FN:18,(anonymous_2)
FN:27,(anonymous_3)
FN:29,(anonymous_4)
FN:31,(anonymous_5)
FN:35,(anonymous_6)
FN:39,(anonymous_7)
FN:57,(anonymous_8)
FN:85,(anonymous_9)
FN:100,(anonymous_10)
FN:108,(anonymous_11)
FN:113,(anonymous_12)
FN:119,(anonymous_13)
FN:128,(anonymous_14)
FN:148,(anonymous_15)
FN:166,(anonymous_16)
FNF:17
FNH:17
FNDA:1,(anonymous_0)
FNDA:1,(anonymous_1)
FNDA:13,(anonymous_2)
FNDA:7,(anonymous_3)
FNDA:7,(anonymous_4)
FNDA:7,(anonymous_5)
FNDA:7,(anonymous_6)
FNDA:7,(anonymous_7)
FNDA:252,(anonymous_8)
FNDA:243,(anonymous_9)
FNDA:7,(anonymous_10)
FNDA:43,(anonymous_11)
FNDA:48,(anonymous_12)
FNDA:44,(anonymous_13)
FNDA:41,(anonymous_14)
FNDA:67,(anonymous_15)
FNDA:1,(anonymous_16)
DA:1,1
DA:2,1
DA:3,1
DA:4,2
DA:5,1
DA:7,1
DA:8,1
DA:17,1
DA:19,13
DA:20,13
DA:28,7
DA:29,7
DA:32,7
DA:33,7
DA:35,7
DA:37,0
DA:40,7
DA:41,7
DA:42,7
DA:43,7
DA:45,7
DA:46,252
DA:47,252
DA:49,7
DA:59,252
DA:61,252
DA:62,252
DA:63,252
DA:64,243
DA:65,243
DA:67,43
DA:68,43
DA:70,48
DA:71,48
DA:73,44
DA:74,44
DA:76,41
DA:77,41
DA:79,67
DA:80,67
DA:83,252
DA:87,243
DA:88,243
DA:91,243
DA:92,243
DA:101,7
DA:102,7
DA:103,0
DA:105,7
DA:109,43
DA:110,43
DA:114,48
DA:115,48
DA:116,48
DA:120,44
DA:121,44
DA:122,44
DA:123,5
DA:125,44
DA:129,41
DA:130,41
DA:131,41
DA:132,41
DA:133,41
DA:134,41
DA:135,41
DA:136,41
DA:137,4
DA:139,41
DA:140,18
DA:142,41
DA:143,0
DA:145,41
DA:149,67
DA:150,67
DA:151,0
DA:153,67
DA:154,63
DA:156,4
DA:157,4
DA:160,0
DA:162,4
DA:163,4
DA:166,1
DA:170,1
LF:85
LH:80
BRDA:1,0,0,1
BRDA:1,0,1,0
BRDA:1,0,2,1
BRDA:2,1,0,1
BRDA:2,1,1,0
BRDA:2,2,0,0
BRDA:2,2,1,0
BRDA:3,3,0,0
BRDA:3,3,1,1
BRDA:3,4,0,1
BRDA:3,4,1,1
BRDA:4,5,0,2
BRDA:4,5,1,0
BRDA:4,6,0,2
BRDA:4,6,1,1
BRDA:4,7,0,2
BRDA:4,7,1,0
BRDA:4,8,0,0
BRDA:4,8,1,0
BRDA:5,9,0,1
BRDA:5,9,1,0
BRDA:5,9,2,0
BRDA:7,10,0,1
BRDA:7,10,1,0
BRDA:7,10,2,1
BRDA:8,11,0,1
BRDA:8,11,1,0
BRDA:8,12,0,1
BRDA:8,12,1,1
BRDA:32,13,0,7
BRDA:32,13,1,0
BRDA:59,14,0,200
BRDA:59,14,1,52
BRDA:63,15,0,243
BRDA:63,15,1,9
BRDA:65,16,0,43
BRDA:65,16,1,48
BRDA:65,16,2,44
BRDA:65,16,3,41
BRDA:65,16,4,67
BRDA:87,17,0,243
BRDA:87,17,1,0
BRDA:102,18,0,0
BRDA:102,18,1,7
BRDA:102,19,0,7
BRDA:102,19,1,7
BRDA:121,20,0,26
BRDA:121,20,1,18
BRDA:122,21,0,5
BRDA:122,21,1,39
BRDA:123,22,0,4
BRDA:123,22,1,1
BRDA:130,23,0,18
BRDA:130,23,1,23
BRDA:136,24,0,4
BRDA:136,24,1,37
BRDA:136,25,0,41
BRDA:136,25,1,23
BRDA:139,26,0,18
BRDA:139,26,1,23
BRDA:139,27,0,41
BRDA:139,27,1,23
BRDA:142,28,0,0
BRDA:142,28,1,41
BRDA:142,29,0,41
BRDA:142,29,1,23
BRDA:150,30,0,0
BRDA:150,30,1,67
BRDA:153,31,0,63
BRDA:153,31,1,4
BRDA:153,32,0,67
BRDA:153,32,1,63
BRDA:156,33,0,4
BRDA:156,33,1,0
BRF:74
BRH:55
end_of_record
TN:
SF:D:\datafort\dev\cybersmily_datafort\src\app\shared\services\lifepath\life-path-generator.service.ts
FN:1,(anonymous_0)
FN:7,(anonymous_1)
FN:20,(anonymous_2)
FN:27,(anonymous_3)
FN:41,(anonymous_4)
FN:55,(anonymous_5)
FNF:6
FNH:6
FNDA:1,(anonymous_0)
FNDA:1,(anonymous_1)
FNDA:4,(anonymous_2)
FNDA:1,(anonymous_3)
FNDA:1,(anonymous_4)
FNDA:1,(anonymous_5)
DA:1,1
DA:2,1
DA:3,1
DA:4,2
DA:5,1
DA:7,1
DA:8,1
DA:19,1
DA:21,4
DA:22,4
DA:23,4
DA:24,4
DA:25,4
DA:28,1
DA:29,1
DA:30,1
DA:31,1
DA:32,1
DA:33,1
DA:34,1
DA:42,1
DA:43,1
DA:44,1
DA:45,1
DA:46,1
DA:47,11
DA:49,1
DA:50,1
DA:51,1
DA:55,1
DA:62,1
LF:31
LH:31
BRDA:1,0,0,1
BRDA:1,0,1,0
BRDA:1,0,2,1
BRDA:2,1,0,1
BRDA:2,1,1,0
BRDA:2,2,0,0
BRDA:2,2,1,0
BRDA:3,3,0,0
BRDA:3,3,1,1
BRDA:3,4,0,1
BRDA:3,4,1,1
BRDA:4,5,0,2
BRDA:4,5,1,0
BRDA:4,6,0,2
BRDA:4,6,1,1
BRDA:4,7,0,2
BRDA:4,7,1,0
BRDA:4,8,0,0
BRDA:4,8,1,0
BRDA:5,9,0,1
BRDA:5,9,1,0
BRDA:5,9,2,0
BRDA:7,10,0,1
BRDA:7,10,1,0
BRDA:7,10,2,1
BRDA:8,11,0,1
BRDA:8,11,1,0
BRDA:8,12,0,1
BRDA:8,12,1,1
BRF:29
BRH:16
end_of_record
TN:
SF:D:\datafort\dev\cybersmily_datafort\src\app\shared\services\lifepath\motivation-generator.service.ts
FN:1,(anonymous_0)
FN:7,(anonymous_1)
FN:18,(anonymous_2)
FN:22,(anonymous_3)
FN:24,(anonymous_4)
FN:29,(anonymous_5)
FN:48,(anonymous_6)
FN:60,(anonymous_7)
FN:64,(anonymous_8)
FN:69,(anonymous_9)
FNF:10
FNH:10
FNDA:1,(anonymous_0)
FNDA:1,(anonymous_1)
FNDA:6,(anonymous_2)
FNDA:2,(anonymous_3)
FNDA:2,(anonymous_4)
FNDA:2,(anonymous_5)
FNDA:10,(anonymous_6)
FNDA:2,(anonymous_7)
FNDA:2,(anonymous_8)
FNDA:1,(anonymous_9)
DA:1,1
DA:2,1
DA:3,1
DA:4,2
DA:5,1
DA:7,1
DA:8,1
DA:17,1
DA:19,6
DA:20,6
DA:23,2
DA:25,2
DA:26,2
DA:30,2
DA:31,2
DA:32,2
DA:33,2
DA:34,2
DA:35,2
DA:36,2
DA:37,2
DA:38,2
DA:39,2
DA:40,2
DA:41,2
DA:42,2
DA:43,2
DA:44,2
DA:45,2
DA:46,2
DA:49,10
DA:50,10
DA:51,10
DA:54,0
DA:61,2
DA:62,2
DA:64,2
DA:66,0
DA:69,1
DA:73,1
LF:40
LH:38
BRDA:1,0,0,1
BRDA:1,0,1,0
BRDA:1,0,2,1
BRDA:2,1,0,1
BRDA:2,1,1,0
BRDA:2,2,0,0
BRDA:2,2,1,0
BRDA:3,3,0,0
BRDA:3,3,1,1
BRDA:3,4,0,1
BRDA:3,4,1,1
BRDA:4,5,0,2
BRDA:4,5,1,0
BRDA:4,6,0,2
BRDA:4,6,1,1
BRDA:4,7,0,2
BRDA:4,7,1,0
BRDA:4,8,0,0
BRDA:4,8,1,0
BRDA:5,9,0,1
BRDA:5,9,1,0
BRDA:5,9,2,0
BRDA:7,10,0,1
BRDA:7,10,1,0
BRDA:7,10,2,1
BRDA:8,11,0,1
BRDA:8,11,1,0
BRDA:8,12,0,1
BRDA:8,12,1,1
BRDA:31,13,0,2
BRDA:31,13,1,0
BRDA:34,14,0,2
BRDA:34,14,1,0
BRDA:37,15,0,2
BRDA:37,15,1,0
BRDA:40,16,0,2
BRDA:40,16,1,0
BRDA:43,17,0,2
BRDA:43,17,1,0
BRDA:50,18,0,10
BRDA:50,18,1,0
BRDA:61,19,0,2
BRDA:61,19,1,0
BRF:43
BRH:23
end_of_record
TN:
SF:D:\datafort\dev\cybersmily_datafort\src\app\shared\services\lifepath\sources-data.service.ts
FN:1,(anonymous_0)
FN:7,(anonymous_1)
FN:16,(anonymous_2)
FN:20,(anonymous_3)
FN:26,(anonymous_4)
FN:32,(anonymous_5)
FNF:6
FNH:6
FNDA:1,(anonymous_0)
FNDA:1,(anonymous_1)
FNDA:3,(anonymous_2)
FNDA:2,(anonymous_3)
FNDA:2,(anonymous_4)
FNDA:1,(anonymous_5)
DA:1,1
DA:2,1
DA:3,1
DA:4,2
DA:5,1
DA:7,1
DA:8,1
DA:15,1
DA:17,3
DA:18,3
DA:21,2
DA:22,0
DA:24,2
DA:27,2
DA:28,2
DA:32,1
DA:35,1
LF:17
LH:16
BRDA:1,0,0,1
BRDA:1,0,1,0
BRDA:1,0,2,1
BRDA:2,1,0,1
BRDA:2,1,1,0
BRDA:2,2,0,0
BRDA:2,2,1,0
BRDA:3,3,0,0
BRDA:3,3,1,1
BRDA:3,4,0,1
BRDA:3,4,1,1
BRDA:4,5,0,2
BRDA:4,5,1,0
BRDA:4,6,0,2
BRDA:4,6,1,1
BRDA:4,7,0,2
BRDA:4,7,1,0
BRDA:4,8,0,0
BRDA:4,8,1,0
BRDA:5,9,0,1
BRDA:5,9,1,0
BRDA:5,9,2,0
BRDA:7,10,0,1
BRDA:7,10,1,0
BRDA:7,10,2,1
BRDA:8,11,0,1
BRDA:8,11,1,0
BRDA:8,12,0,1
BRDA:8,12,1,1
BRDA:21,13,0,0
BRDA:21,13,1,2
BRF:31
BRH:17
end_of_record
TN:
SF:D:\datafort\dev\cybersmily_datafort\src\app\shared\services\lifepath\style-generator.service.ts
FN:1,(anonymous_0)
FN:7,(anonymous_1)
FN:18,(anonymous_2)
FN:22,(anonymous_3)
FN:24,(anonymous_4)
FN:29,(anonymous_5)
FN:42,(anonymous_6)
FN:53,(anonymous_7)
FN:57,(anonymous_8)
FN:62,(anonymous_9)
FNF:10
FNH:10
FNDA:1,(anonymous_0)
FNDA:1,(anonymous_1)
FNDA:6,(anonymous_2)
FNDA:2,(anonymous_3)
FNDA:2,(anonymous_4)
FNDA:2,(anonymous_5)
FNDA:6,(anonymous_6)
FNDA:2,(anonymous_7)
FNDA:2,(anonymous_8)
FNDA:1,(anonymous_9)
DA:1,1
DA:2,1
DA:3,1
DA:4,2
DA:5,1
DA:7,1
DA:8,1
DA:17,1
DA:19,6
DA:20,6
DA:23,2
DA:25,2
DA:26,2
DA:30,2
DA:31,2
DA:32,2
DA:33,2
DA:34,2
DA:35,2
DA:36,2
DA:37,2
DA:38,2
DA:39,2
DA:40,2
DA:43,6
DA:44,6
DA:47,0
DA:54,2
DA:55,2
DA:57,2
DA:59,0
DA:62,1
DA:66,1
LF:33
LH:31
BRDA:1,0,0,1
BRDA:1,0,1,0
BRDA:1,0,2,1
BRDA:2,1,0,1
BRDA:2,1,1,0
BRDA:2,2,0,0
BRDA:2,2,1,0
BRDA:3,3,0,0
BRDA:3,3,1,1
BRDA:3,4,0,1
BRDA:3,4,1,1
BRDA:4,5,0,2
BRDA:4,5,1,0
BRDA:4,6,0,2
BRDA:4,6,1,1
BRDA:4,7,0,2
BRDA:4,7,1,0
BRDA:4,8,0,0
BRDA:4,8,1,0
BRDA:5,9,0,1
BRDA:5,9,1,0
BRDA:5,9,2,0
BRDA:7,10,0,1
BRDA:7,10,1,0
BRDA:7,10,2,1
BRDA:8,11,0,1
BRDA:8,11,1,0
BRDA:8,12,0,1
BRDA:8,12,1,1
BRDA:31,13,0,2
BRDA:31,13,1,0
BRDA:34,14,0,2
BRDA:34,14,1,0
BRDA:37,15,0,2
BRDA:37,15,1,0
BRDA:43,16,0,6
BRDA:43,16,1,0
BRDA:54,17,0,2
BRDA:54,17,1,0
BRF:39
BRH:21
end_of_record
TN:
SF:D:\datafort\dev\cybersmily_datafort\src\app\shared\services\maxmetal\index.ts
FNF:0
FNH:0
LF:0
LH:0
BRF:0
BRH:0
end_of_record
TN:
SF:D:\datafort\dev\cybersmily_datafort\src\app\shared\services\maxmetal\max-metal-data.service.ts
FN:1,(anonymous_0)
FN:7,(anonymous_1)
FN:16,(anonymous_2)
FN:19,(anonymous_3)
FN:25,(anonymous_4)
FN:33,(anonymous_5)
FN:38,(anonymous_6)
FN:42,(anonymous_7)
FN:47,(anonymous_8)
FN:51,(anonymous_9)
FN:56,(anonymous_10)
FN:60,(anonymous_11)
FN:65,(anonymous_12)
FN:69,(anonymous_13)
FN:71,(anonymous_14)
FN:80,(anonymous_15)
FN:82,(anonymous_16)
FN:90,(anonymous_17)
FN:91,(anonymous_18)
FN:96,(anonymous_19)
FNF:20
FNH:20
FNDA:1,(anonymous_0)
FNDA:1,(anonymous_1)
FNDA:9,(anonymous_2)
FNDA:9,(anonymous_3)
FNDA:7,(anonymous_4)
FNDA:3,(anonymous_5)
FNDA:2,(anonymous_6)
FNDA:3,(anonymous_7)
FNDA:2,(anonymous_8)
FNDA:1,(anonymous_9)
FNDA:1,(anonymous_10)
FNDA:1,(anonymous_11)
FNDA:1,(anonymous_12)
FNDA:7,(anonymous_13)
FNDA:903,(anonymous_14)
FNDA:7,(anonymous_15)
FNDA:441,(anonymous_16)
FNDA:14,(anonymous_17)
FNDA:112,(anonymous_18)
FNDA:1,(anonymous_19)
DA:1,1
DA:2,1
DA:3,1
DA:4,2
DA:5,1
DA:7,1
DA:8,1
DA:15,1
DA:17,9
DA:20,9
DA:26,7
DA:27,7
DA:28,7
DA:29,7
DA:30,7
DA:34,3
DA:35,0
DA:37,3
DA:39,2
DA:43,3
DA:44,0
DA:46,3
DA:48,2
DA:52,1
DA:53,0
DA:55,1
DA:57,1
DA:61,1
DA:62,0
DA:64,1
DA:66,1
DA:70,7
DA:71,7
DA:72,903
DA:73,91
DA:75,903
DA:76,903
DA:78,7
DA:81,7
DA:82,7
DA:83,441
DA:84,21
DA:86,441
DA:88,7
DA:91,14
DA:92,112
DA:96,1
DA:99,1
LF:48
LH:44
BRDA:1,0,0,1
BRDA:1,0,1,0
BRDA:1,0,2,1
BRDA:2,1,0,1
BRDA:2,1,1,0
BRDA:2,2,0,0
BRDA:2,2,1,0
BRDA:3,3,0,0
BRDA:3,3,1,1
BRDA:3,4,0,1
BRDA:3,4,1,1
BRDA:4,5,0,2
BRDA:4,5,1,0
BRDA:4,6,0,2
BRDA:4,6,1,1
BRDA:4,7,0,2
BRDA:4,7,1,0
BRDA:4,8,0,0
BRDA:4,8,1,0
BRDA:5,9,0,1
BRDA:5,9,1,0
BRDA:5,9,2,0
BRDA:7,10,0,1
BRDA:7,10,1,0
BRDA:7,10,2,1
BRDA:8,11,0,1
BRDA:8,11,1,0
BRDA:8,12,0,1
BRDA:8,12,1,1
BRDA:34,13,0,0
BRDA:34,13,1,3
BRDA:43,14,0,0
BRDA:43,14,1,3
BRDA:52,15,0,0
BRDA:52,15,1,1
BRDA:61,16,0,0
BRDA:61,16,1,1
BRDA:72,17,0,91
BRDA:72,17,1,812
BRDA:83,18,0,21
BRDA:83,18,1,420
BRF:41
BRH:24
end_of_record
TN:
SF:D:\datafort\dev\cybersmily_datafort\src\app\shared\services\maxmetal\maxmetal.service.ts
FN:1,(anonymous_0)
FN:7,(anonymous_1)
FN:14,(anonymous_2)
FN:25,(anonymous_3)
FN:36,(anonymous_4)
FN:50,(anonymous_5)
FN:73,(anonymous_6)
FN:84,(anonymous_7)
FN:87,(anonymous_8)
FN:90,(anonymous_9)
FN:103,(anonymous_10)
FN:114,(anonymous_11)
FN:125,(anonymous_12)
FN:137,(anonymous_13)
FN:140,(anonymous_14)
FN:143,(anonymous_15)
FN:146,(anonymous_16)
FN:149,(anonymous_17)
FN:152,(anonymous_18)
FN:155,(anonymous_19)
FNF:20
FNH:5
FNDA:1,(anonymous_0)
FNDA:1,(anonymous_1)
FNDA:16,(anonymous_2)
FNDA:12,(anonymous_3)
FNDA:4,(anonymous_4)
FNDA:0,(anonymous_5)
FNDA:0,(anonymous_6)
FNDA:0,(anonymous_7)
FNDA:0,(anonymous_8)
FNDA:0,(anonymous_9)
FNDA:0,(anonymous_10)
FNDA:0,(anonymous_11)
FNDA:0,(anonymous_12)
FNDA:0,(anonymous_13)
FNDA:0,(anonymous_14)
FNDA:0,(anonymous_15)
FNDA:0,(anonymous_16)
FNDA:0,(anonymous_17)
FNDA:0,(anonymous_18)
FNDA:0,(anonymous_19)
DA:1,1
DA:2,1
DA:3,1
DA:4,2
DA:5,1
DA:7,1
DA:8,1
DA:13,1
DA:15,16
DA:16,16
DA:17,16
DA:26,12
DA:27,12
DA:28,12
DA:37,4
DA:51,0
DA:74,0
DA:85,0
DA:88,0
DA:91,0
DA:104,0
DA:115,0
DA:126,0
DA:138,0
DA:141,0
DA:144,0
DA:147,0
DA:150,0
DA:153,0
DA:156,0
DA:159,1
LF:31
LH:16
BRDA:1,0,0,1
BRDA:1,0,1,0
BRDA:1,0,2,1
BRDA:2,1,0,1
BRDA:2,1,1,0
BRDA:2,2,0,0
BRDA:2,2,1,0
BRDA:3,3,0,0
BRDA:3,3,1,1
BRDA:3,4,0,1
BRDA:3,4,1,1
BRDA:4,5,0,2
BRDA:4,5,1,0
BRDA:4,6,0,2
BRDA:4,6,1,1
BRDA:4,7,0,2
BRDA:4,7,1,0
BRDA:4,8,0,0
BRDA:4,8,1,0
BRDA:5,9,0,1
BRDA:5,9,1,0
BRDA:5,9,2,0
BRDA:7,10,0,1
BRDA:7,10,1,0
BRDA:7,10,2,1
BRDA:8,11,0,1
BRDA:8,11,1,0
BRDA:8,12,0,1
BRDA:8,12,1,1
BRF:29
BRH:16
end_of_record
TN:
SF:D:\datafort\dev\cybersmily_datafort\src\app\shared\services\namegen\name-generator.service.ts
FN:1,(anonymous_0)
FN:7,(anonymous_1)
FN:17,(anonymous_2)
FN:22,(anonymous_3)
FN:29,(anonymous_4)
FN:36,(anonymous_5)
FN:78,(anonymous_6)
FNF:7
FNH:4
FNDA:1,(anonymous_0)
FNDA:1,(anonymous_1)
FNDA:2,(anonymous_2)
FNDA:0,(anonymous_3)
FNDA:0,(anonymous_4)
FNDA:0,(anonymous_5)
FNDA:1,(anonymous_6)
DA:1,1
DA:2,1
DA:3,1
DA:4,2
DA:5,1
DA:7,1
DA:8,1
DA:16,1
DA:18,2
DA:19,2
DA:20,2
DA:23,0
DA:24,0
DA:27,0
DA:28,0
DA:29,0
DA:30,0
DA:31,0
DA:32,0
DA:37,0
DA:38,0
DA:39,0
DA:40,0
DA:41,0
DA:42,0
DA:43,0
DA:44,0
DA:47,0
DA:48,0
DA:50,0
DA:52,0
DA:53,0
DA:54,0
DA:55,0
DA:56,0
DA:59,0
DA:60,0
DA:63,0
DA:64,0
DA:65,0
DA:66,0
DA:68,0
DA:69,0
DA:72,0
DA:73,0
DA:75,0
DA:78,1
DA:82,1
LF:48
LH:13
BRDA:1,0,0,1
BRDA:1,0,1,0
BRDA:1,0,2,1
BRDA:2,1,0,1
BRDA:2,1,1,0
BRDA:2,2,0,0
BRDA:2,2,1,0
BRDA:3,3,0,0
BRDA:3,3,1,1
BRDA:3,4,0,1
BRDA:3,4,1,1
BRDA:4,5,0,2
BRDA:4,5,1,0
BRDA:4,6,0,2
BRDA:4,6,1,1
BRDA:4,7,0,2
BRDA:4,7,1,0
BRDA:4,8,0,0
BRDA:4,8,1,0
BRDA:5,9,0,1
BRDA:5,9,1,0
BRDA:5,9,2,0
BRDA:7,10,0,1
BRDA:7,10,1,0
BRDA:7,10,2,1
BRDA:8,11,0,1
BRDA:8,11,1,0
BRDA:8,12,0,1
BRDA:8,12,1,1
BRDA:23,13,0,0
BRDA:23,13,1,0
BRDA:23,14,0,0
BRDA:23,14,1,0
BRDA:40,15,0,0
BRDA:40,15,1,0
BRDA:40,16,0,0
BRDA:40,16,1,0
BRDA:42,17,0,0
BRDA:42,17,1,0
BRDA:52,18,0,0
BRDA:52,18,1,0
BRDA:54,19,0,0
BRDA:54,19,1,0
BRDA:64,20,0,0
BRDA:64,20,1,0
BRDA:65,21,0,0
BRDA:65,21,1,0
BRDA:68,22,0,0
BRDA:68,22,1,0
BRDA:72,23,0,0
BRDA:72,23,1,0
BRF:51
BRH:16
end_of_record
TN:
SF:D:\datafort\dev\cybersmily_datafort\src\app\shared\services\netrun\index.ts
FNF:0
FNH:0
LF:0
LH:0
BRF:0
BRH:0
end_of_record
TN:
SF:D:\datafort\dev\cybersmily_datafort\src\app\shared\services\netrun\nr-deck-data.service.ts
FN:1,(anonymous_0)
FN:7,(anonymous_1)
FN:16,(anonymous_2)
FN:19,(anonymous_3)
FN:25,(anonymous_4)
FN:27,(anonymous_5)
FN:32,(anonymous_6)
FNF:7
FNH:5
FNDA:1,(anonymous_0)
FNDA:1,(anonymous_1)
FNDA:3,(anonymous_2)
FNDA:2,(anonymous_3)
FNDA:0,(anonymous_4)
FNDA:0,(anonymous_5)
FNDA:1,(anonymous_6)
DA:1,1
DA:2,1
DA:3,1
DA:4,2
DA:5,1
DA:7,1
DA:8,1
DA:15,1
DA:17,3
DA:20,2
DA:21,0
DA:23,2
DA:26,0
DA:27,0
DA:28,0
DA:32,1
DA:35,1
LF:17
LH:13
BRDA:1,0,0,1
BRDA:1,0,1,0
BRDA:1,0,2,1
BRDA:2,1,0,1
BRDA:2,1,1,0
BRDA:2,2,0,0
BRDA:2,2,1,0
BRDA:3,3,0,0
BRDA:3,3,1,1
BRDA:3,4,0,1
BRDA:3,4,1,1
BRDA:4,5,0,2
BRDA:4,5,1,0
BRDA:4,6,0,2
BRDA:4,6,1,1
BRDA:4,7,0,2
BRDA:4,7,1,0
BRDA:4,8,0,0
BRDA:4,8,1,0
BRDA:5,9,0,1
BRDA:5,9,1,0
BRDA:5,9,2,0
BRDA:7,10,0,1
BRDA:7,10,1,0
BRDA:7,10,2,1
BRDA:8,11,0,1
BRDA:8,11,1,0
BRDA:8,12,0,1
BRDA:8,12,1,1
BRDA:20,13,0,0
BRDA:20,13,1,2
BRDA:27,14,0,0
BRDA:27,14,1,0
BRF:33
BRH:17
end_of_record
TN:
SF:D:\datafort\dev\cybersmily_datafort\src\app\shared\services\netrun\nr-deck-manager.service.ts
FN:1,(anonymous_0)
FN:7,(anonymous_1)
FN:15,(anonymous_2)
FN:22,(anonymous_3)
FN:26,(anonymous_4)
FN:34,(anonymous_5)
FN:38,(anonymous_6)
FN:42,(anonymous_7)
FN:46,(anonymous_8)
FN:50,(anonymous_9)
FNF:10
FNH:4
FNDA:1,(anonymous_0)
FNDA:1,(anonymous_1)
FNDA:2,(anonymous_2)
FNDA:0,(anonymous_3)
FNDA:2,(anonymous_4)
FNDA:0,(anonymous_5)
FNDA:0,(anonymous_6)
FNDA:0,(anonymous_7)
FNDA:0,(anonymous_8)
FNDA:0,(anonymous_9)
DA:1,1
DA:2,1
DA:3,1
DA:4,2
DA:5,1
DA:7,1
DA:8,1
DA:14,1
DA:16,2
DA:17,2
DA:18,2
DA:19,2
DA:20,2
DA:23,0
DA:27,2
DA:28,2
DA:29,0
DA:30,0
DA:32,2
DA:35,0
DA:36,0
DA:39,0
DA:40,0
DA:43,0
DA:44,0
DA:47,0
DA:48,0
DA:51,0
DA:52,0
DA:55,1
LF:30
LH:17
BRDA:1,0,0,1
BRDA:1,0,1,0
BRDA:1,0,2,1
BRDA:2,1,0,1
BRDA:2,1,1,0
BRDA:2,2,0,0
BRDA:2,2,1,0
BRDA:3,3,0,0
BRDA:3,3,1,1
BRDA:3,4,0,1
BRDA:3,4,1,1
BRDA:4,5,0,2
BRDA:4,5,1,0
BRDA:4,6,0,2
BRDA:4,6,1,1
BRDA:4,7,0,2
BRDA:4,7,1,0
BRDA:4,8,0,0
BRDA:4,8,1,0
BRDA:5,9,0,1
BRDA:5,9,1,0
BRDA:5,9,2,0
BRDA:7,10,0,1
BRDA:7,10,1,0
BRDA:7,10,2,1
BRDA:8,11,0,1
BRDA:8,11,1,0
BRDA:8,12,0,1
BRDA:8,12,1,1
BRDA:28,13,0,0
BRDA:28,13,1,2
BRF:31
BRH:17
end_of_record
TN:
SF:D:\datafort\dev\cybersmily_datafort\src\app\shared\services\netrun\nr-program-options.service.ts
FN:1,(anonymous_0)
FN:7,(anonymous_1)
FN:16,(anonymous_2)
FN:21,(anonymous_3)
FN:24,(anonymous_4)
FN:32,(anonymous_5)
FN:35,(anonymous_6)
FN:43,(anonymous_7)
FN:45,(anonymous_8)
FN:52,(anonymous_9)
FNF:10
FNH:7
FNDA:1,(anonymous_0)
FNDA:1,(anonymous_1)
FNDA:4,(anonymous_2)
FNDA:3,(anonymous_3)
FNDA:0,(anonymous_4)
FNDA:3,(anonymous_5)
FNDA:0,(anonymous_6)
FNDA:6,(anonymous_7)
FNDA:0,(anonymous_8)
FNDA:1,(anonymous_9)
DA:1,1
DA:2,1
DA:3,1
DA:4,2
DA:5,1
DA:7,1
DA:8,1
DA:15,1
DA:17,4
DA:18,4
DA:19,4
DA:22,3
DA:23,3
DA:25,0
DA:29,0
DA:33,3
DA:34,3
DA:36,0
DA:40,0
DA:44,6
DA:46,0
DA:47,0
DA:48,0
DA:52,1
DA:55,1
LF:25
LH:18
BRDA:1,0,0,1
BRDA:1,0,1,0
BRDA:1,0,2,1
BRDA:2,1,0,1
BRDA:2,1,1,0
BRDA:2,2,0,0
BRDA:2,2,1,0
BRDA:3,3,0,0
BRDA:3,3,1,1
BRDA:3,4,0,1
BRDA:3,4,1,1
BRDA:4,5,0,2
BRDA:4,5,1,0
BRDA:4,6,0,2
BRDA:4,6,1,1
BRDA:4,7,0,2
BRDA:4,7,1,0
BRDA:4,8,0,0
BRDA:4,8,1,0
BRDA:5,9,0,1
BRDA:5,9,1,0
BRDA:5,9,2,0
BRDA:7,10,0,1
BRDA:7,10,1,0
BRDA:7,10,2,1
BRDA:8,11,0,1
BRDA:8,11,1,0
BRDA:8,12,0,1
BRDA:8,12,1,1
BRDA:22,13,0,3
BRDA:22,13,1,0
BRDA:33,14,0,3
BRDA:33,14,1,0
BRF:33
BRH:18
end_of_record
TN:
SF:D:\datafort\dev\cybersmily_datafort\src\app\shared\services\rxlab\rx-lab-data.service.ts
FN:1,(anonymous_0)
FN:7,(anonymous_1)
FN:16,(anonymous_2)
FN:19,(anonymous_3)
FN:25,(anonymous_4)
FN:31,(anonymous_5)
FN:37,(anonymous_6)
FN:44,(anonymous_7)
FNF:8
FNH:6
FNDA:1,(anonymous_0)
FNDA:1,(anonymous_1)
FNDA:1,(anonymous_2)
FNDA:1,(anonymous_3)
FNDA:0,(anonymous_4)
FNDA:1,(anonymous_5)
FNDA:0,(anonymous_6)
FNDA:1,(anonymous_7)
DA:1,1
DA:2,1
DA:3,1
DA:4,2
DA:5,1
DA:7,1
DA:8,1
DA:15,1
DA:17,1
DA:20,1
DA:21,0
DA:23,1
DA:26,0
DA:27,0
DA:28,0
DA:32,1
DA:33,0
DA:35,1
DA:38,0
DA:39,0
DA:40,0
DA:44,1
DA:47,1
LF:23
LH:15
BRDA:1,0,0,1
BRDA:1,0,1,0
BRDA:1,0,2,1
BRDA:2,1,0,1
BRDA:2,1,1,0
BRDA:2,2,0,0
BRDA:2,2,1,0
BRDA:3,3,0,0
BRDA:3,3,1,1
BRDA:3,4,0,1
BRDA:3,4,1,1
BRDA:4,5,0,2
BRDA:4,5,1,0
BRDA:4,6,0,2
BRDA:4,6,1,1
BRDA:4,7,0,2
BRDA:4,7,1,0
BRDA:4,8,0,0
BRDA:4,8,1,0
BRDA:5,9,0,1
BRDA:5,9,1,0
BRDA:5,9,2,0
BRDA:7,10,0,1
BRDA:7,10,1,0
BRDA:7,10,2,1
BRDA:8,11,0,1
BRDA:8,11,1,0
BRDA:8,12,0,1
BRDA:8,12,1,1
BRDA:20,13,0,0
BRDA:20,13,1,1
BRDA:32,14,0,0
BRDA:32,14,1,1
BRF:33
BRH:18
end_of_record
TN:
SF:D:\datafort\dev\cybersmily_datafort\src\app\shared\services\seo\seo.service.ts
FN:1,(anonymous_0)
FN:7,(anonymous_1)
FN:10,(anonymous_2)
FN:11,(anonymous_3)
FN:17,(anonymous_4)
FN:22,(anonymous_5)
FN:29,(anonymous_6)
FN:39,(anonymous_7)
FNF:8
FNH:8
FNDA:1,(anonymous_0)
FNDA:1,(anonymous_1)
FNDA:1,(anonymous_2)
FNDA:1,(anonymous_3)
FNDA:25,(anonymous_4)
FNDA:23,(anonymous_5)
FNDA:23,(anonymous_6)
FNDA:1,(anonymous_7)
DA:1,1
DA:2,1
DA:3,1
DA:4,3
DA:5,1
DA:7,1
DA:8,1
DA:10,1
DA:11,1
DA:16,1
DA:18,25
DA:19,25
DA:20,25
DA:23,23
DA:24,23
DA:25,23
DA:26,23
DA:27,23
DA:30,23
DA:31,23
DA:32,1
DA:33,1
DA:34,1
DA:36,23
DA:39,1
DA:44,1
LF:26
LH:26
BRDA:1,0,0,1
BRDA:1,0,1,0
BRDA:1,0,2,1
BRDA:2,1,0,1
BRDA:2,1,1,0
BRDA:2,2,0,0
BRDA:2,2,1,0
BRDA:3,3,0,0
BRDA:3,3,1,1
BRDA:3,4,0,1
BRDA:3,4,1,1
BRDA:4,5,0,3
BRDA:4,5,1,0
BRDA:4,6,0,3
BRDA:4,6,1,2
BRDA:4,7,0,3
BRDA:4,7,1,0
BRDA:4,8,0,0
BRDA:4,8,1,0
BRDA:5,9,0,1
BRDA:5,9,1,0
BRDA:5,9,2,0
BRDA:7,10,0,1
BRDA:7,10,1,0
BRDA:7,10,2,1
BRDA:8,11,0,1
BRDA:8,11,1,0
BRDA:8,12,0,1
BRDA:8,12,1,1
BRDA:10,13,0,1
BRDA:10,13,1,0
BRDA:10,13,2,1
BRDA:31,14,0,1
BRDA:31,14,1,22
BRF:34
BRH:20
end_of_record
